MIOpenDriver convint8 -n 32 -c 64 -H 56 -W 56 -k 64 -y 1 -x 1 -p 0 -q 0 -u 1 -v 1 -F 1 -t 1 -i 1 --out_cast_type int32
MIOpen(HIP): Info [get_device_name] Raw device name: gfx900:xnack-
MIOpen(HIP): Info [Handle] stream: 0x56557026f390, device_id: 0
MIOpen(HIP): miopenStatus_t miopenCreateTensorDescriptor(miopenTensorDescriptor_t *){
MIOpen(HIP): 	tensorDesc = 0
MIOpen(HIP): }
MIOpen(HIP): miopenStatus_t miopenCreateTensorDescriptor(miopenTensorDescriptor_t *){
MIOpen(HIP): 	tensorDesc = 0
MIOpen(HIP): }
MIOpen(HIP): miopenStatus_t miopenCreateTensorDescriptor(miopenTensorDescriptor_t *){
MIOpen(HIP): 	tensorDesc = 0
MIOpen(HIP): }
MIOpen(HIP): miopenStatus_t miopenCreateTensorDescriptor(miopenTensorDescriptor_t *){
MIOpen(HIP): 	tensorDesc = 0
MIOpen(HIP): }
MIOpen(HIP): miopenStatus_t miopenCreateTensorDescriptor(miopenTensorDescriptor_t *){
MIOpen(HIP): 	tensorDesc = 0
MIOpen(HIP): }
MIOpen(HIP): miopenStatus_t miopenCreateTensorDescriptor(miopenTensorDescriptor_t *){
MIOpen(HIP): 	tensorDesc = 0
MIOpen(HIP): }
MIOpen(HIP): miopenStatus_t miopenCreateConvolutionDescriptor(miopenConvolutionDescriptor_t *){
MIOpen(HIP): 	convDesc = 0
MIOpen(HIP): }
MIOpen(HIP): Info [] MIOPEN_FIND_MODE = DYNAMIC_HYBRID(5)
Invalid value for out_cast_type argument:int32
ParseCmdLineArgs() FAILED, rc = 1
MIOpen(HIP): miopenStatus_t miopenDestroyTensorDescriptor(miopenTensorDescriptor_t){
MIOpen(HIP): 	tensorDesc = {}, {}, packed, 
MIOpen(HIP): }
MIOpen(HIP): miopenStatus_t miopenDestroyTensorDescriptor(miopenTensorDescriptor_t){
MIOpen(HIP): 	tensorDesc = {}, {}, packed, 
MIOpen(HIP): }
MIOpen(HIP): miopenStatus_t miopenDestroyTensorDescriptor(miopenTensorDescriptor_t){
MIOpen(HIP): 	tensorDesc = {}, {}, packed, 
MIOpen(HIP): }
MIOpen(HIP): miopenStatus_t miopenDestroyTensorDescriptor(miopenTensorDescriptor_t){
MIOpen(HIP): 	tensorDesc = {}, {}, packed, 
MIOpen(HIP): }
MIOpen(HIP): miopenStatus_t miopenDestroyTensorDescriptor(miopenTensorDescriptor_t){
MIOpen(HIP): 	tensorDesc = {}, {}, packed, 
MIOpen(HIP): }
MIOpen(HIP): miopenStatus_t miopenDestroyTensorDescriptor(miopenTensorDescriptor_t){
MIOpen(HIP): 	tensorDesc = {}, {}, packed, 
MIOpen(HIP): }
MIOpen(HIP): miopenStatus_t miopenDestroyConvolutionDescriptor(miopenConvolutionDescriptor_t){
MIOpen(HIP): 	convDesc = conv2d, miopenConvolution, miopenPaddingDefault, {0, 0}, {1, 1}, {1, 1}, 
MIOpen(HIP): }
MIOpen(HIP): miopenStatus_t miopenDestroyTensorDescriptor(miopenTensorDescriptor_t){
MIOpen(HIP): 	tensorDesc = {}, {}, packed, 
MIOpen(HIP): }
MIOpen(HIP): miopenStatus_t miopenDestroyTensorDescriptor(miopenTensorDescriptor_t){
MIOpen(HIP): 	tensorDesc = {}, {}, packed, 
MIOpen(HIP): }
MIOpen(HIP): miopenStatus_t miopenDestroyTensorDescriptor(miopenTensorDescriptor_t){
MIOpen(HIP): 	tensorDesc = {}, {}, packed, 
MIOpen(HIP): }
MIOpen(HIP): miopenStatus_t miopenDestroyConvolutionDescriptor(miopenConvolutionDescriptor_t){
MIOpen(HIP): 	convDesc = conv2d, miopenConvolution, miopenPaddingDefault, {0, 0}, {1, 1}, {1, 1}, 
MIOpen(HIP): }
__EXIT_CODE=1
