MIOpenDriver conv -n 32 -c 64 -H 56 -W 56 -k 128 -y 3 -x 3 -p 1 -q 1 -u 2 -v 2 -F 1 -t 1
MIOpen(HIP): Info [get_device_name] Raw device name: gfx900:xnack-
MIOpen(HIP): Info [Handle] stream: 0x55ae56b65390, device_id: 0
MIOpen(HIP): miopenStatus_t miopenCreateTensorDescriptor(miopenTensorDescriptor_t *){
MIOpen(HIP): 	tensorDesc = 0
MIOpen(HIP): }
MIOpen(HIP): miopenStatus_t miopenCreateTensorDescriptor(miopenTensorDescriptor_t *){
MIOpen(HIP): 	tensorDesc = 0
MIOpen(HIP): }
MIOpen(HIP): miopenStatus_t miopenCreateTensorDescriptor(miopenTensorDescriptor_t *){
MIOpen(HIP): 	tensorDesc = 0
MIOpen(HIP): }
MIOpen(HIP): miopenStatus_t miopenCreateTensorDescriptor(miopenTensorDescriptor_t *){
MIOpen(HIP): 	tensorDesc = 0
MIOpen(HIP): }
MIOpen(HIP): miopenStatus_t miopenCreateTensorDescriptor(miopenTensorDescriptor_t *){
MIOpen(HIP): 	tensorDesc = 0
MIOpen(HIP): }
MIOpen(HIP): miopenStatus_t miopenCreateTensorDescriptor(miopenTensorDescriptor_t *){
MIOpen(HIP): 	tensorDesc = 0
MIOpen(HIP): }
MIOpen(HIP): miopenStatus_t miopenCreateConvolutionDescriptor(miopenConvolutionDescriptor_t *){
MIOpen(HIP): 	convDesc = 0
MIOpen(HIP): }
MIOpen(HIP): Info [] MIOPEN_FIND_MODE = DYNAMIC_HYBRID(5)
MIOpen(HIP): miopenStatus_t miopenSetTensorDescriptorV2(miopenTensorDescriptor_t, miopenDataType_t, int, const size_t *, const size_t *){
MIOpen(HIP): 	tensorDesc = {}, {}, packed, 
MIOpen(HIP): 	dataType = 1
MIOpen(HIP): 	nbDims = 4
MIOpen(HIP): 	dim.values = { 32 64 56 56 }
MIOpen(HIP): 	stride.values = { 200704 3136 56 1 }
MIOpen(HIP): }
MIOpen(HIP): miopenStatus_t miopenSetTensorDescriptorV2(miopenTensorDescriptor_t, miopenDataType_t, int, const size_t *, const size_t *){
MIOpen(HIP): 	tensorDesc = {}, {}, packed, 
MIOpen(HIP): 	dataType = 1
MIOpen(HIP): 	nbDims = 4
MIOpen(HIP): 	dim.values = { 128 64 3 3 }
MIOpen(HIP): 	stride.values = { 576 9 3 1 }
MIOpen(HIP): }
MIOpen(HIP): miopenStatus_t miopenInitConvolutionNdDescriptor(miopenConvolutionDescriptor_t, int, const int *, const int *, const int *, miopenConvolutionMode_t){
MIOpen(HIP): 	convDesc = conv2d, miopenConvolution, miopenPaddingDefault, {0, 0}, {1, 1}, {1, 1}, 
MIOpen(HIP): 	spatialDim = 2
MIOpen(HIP): 	pads = { 1 1 }
MIOpen(HIP): 	strides = { 2 2 }
MIOpen(HIP): 	dilations = { 1 1 }
MIOpen(HIP): 	c_mode = 0
MIOpen(HIP): }
MIOpen(HIP): miopenStatus_t miopenSetConvolutionGroupCount(miopenConvolutionDescriptor_t, int){
MIOpen(HIP): 	convDesc = conv2d, miopenConvolution, miopenPaddingDefault, {1, 1}, {2, 2}, {1, 1}, 
MIOpen(HIP): 	groupCount = 1
MIOpen(HIP): }
MIOpen(HIP): miopenStatus_t miopenGetConvolutionNdForwardOutputDim(miopenConvolutionDescriptor_t, const miopenTensorDescriptor_t, const miopenTensorDescriptor_t, int *, int *){
MIOpen(HIP): 	convDesc = conv2d, miopenConvolution, miopenPaddingDefault, {1, 1}, {2, 2}, {1, 1}, 
MIOpen(HIP): 	inputTensorDesc = {32, 64, 56, 56}, {200704, 3136, 56, 1}, packed, 
MIOpen(HIP): 	filterDesc = {128, 64, 3, 3}, {576, 9, 3, 1}, packed, 
MIOpen(HIP): }
MIOpen(HIP): miopenStatus_t miopenSetTensorDescriptorV2(miopenTensorDescriptor_t, miopenDataType_t, int, const size_t *, const size_t *){
MIOpen(HIP): 	tensorDesc = {}, {}, packed, 
MIOpen(HIP): 	dataType = 1
MIOpen(HIP): 	nbDims = 4
MIOpen(HIP): 	dim.values = { 32 128 28 28 }
MIOpen(HIP): 	stride.values = { 100352 784 28 1 }
MIOpen(HIP): }
MIOpen(HIP): miopenStatus_t miopenGetTensorDescriptorSize(miopenTensorDescriptor_t, int *){
MIOpen(HIP): 	tensorDesc = {32, 64, 56, 56}, {200704, 3136, 56, 1}, packed, 
MIOpen(HIP): }
MIOpen(HIP): miopenStatus_t miopenGet4dTensorDescriptorLengths(miopenTensorDescriptor_t, int *, int *, int *, int *){
MIOpen(HIP): 	tensorDesc = {32, 64, 56, 56}, {200704, 3136, 56, 1}, packed, 
MIOpen(HIP): 	n = 1601467759
MIOpen(HIP): 	c = 1953718627
MIOpen(HIP): 	h = 1887007839
MIOpen(HIP): 	w = 655461
MIOpen(HIP): }
MIOpen(HIP): miopenStatus_t miopenGetTensorDescriptorSize(miopenTensorDescriptor_t, int *){
MIOpen(HIP): 	tensorDesc = {32, 64, 56, 56}, {200704, 3136, 56, 1}, packed, 
MIOpen(HIP): }
MIOpen(HIP): miopenStatus_t miopenGetNdTensorDescriptorVectorLength(miopenTensorDescriptor_t, std::size_t *){
MIOpen(HIP): 	tensorDesc = {32, 64, 56, 56}, {200704, 3136, 56, 1}, packed, 
MIOpen(HIP): 	vectorLength = 140720617481960
MIOpen(HIP): }
MIOpen(HIP): miopenStatus_t miopenGetTensorDescriptorSize(miopenTensorDescriptor_t, int *){
MIOpen(HIP): 	tensorDesc = {128, 64, 3, 3}, {576, 9, 3, 1}, packed, 
MIOpen(HIP): }
MIOpen(HIP): miopenStatus_t miopenGet4dTensorDescriptorLengths(miopenTensorDescriptor_t, int *, int *, int *, int *){
MIOpen(HIP): 	tensorDesc = {128, 64, 3, 3}, {576, 9, 3, 1}, packed, 
MIOpen(HIP): 	n = -2130140328
MIOpen(HIP): 	c = 32673
MIOpen(HIP): 	h = 56
MIOpen(HIP): 	w = 56
MIOpen(HIP): }
MIOpen(HIP): miopenStatus_t miopenGetTensorDescriptorSize(miopenTensorDescriptor_t, int *){
MIOpen(HIP): 	tensorDesc = {128, 64, 3, 3}, {576, 9, 3, 1}, packed, 
MIOpen(HIP): }
MIOpen(HIP): miopenStatus_t miopenGetNdTensorDescriptorVectorLength(miopenTensorDescriptor_t, std::size_t *){
MIOpen(HIP): 	tensorDesc = {128, 64, 3, 3}, {576, 9, 3, 1}, packed, 
MIOpen(HIP): 	vectorLength = 1
MIOpen(HIP): }
MIOpen(HIP): miopenStatus_t miopenGetTensorDescriptorSize(miopenTensorDescriptor_t, int *){
MIOpen(HIP): 	tensorDesc = {32, 128, 28, 28}, {100352, 784, 28, 1}, packed, 
MIOpen(HIP): }
MIOpen(HIP): miopenStatus_t miopenGet4dTensorDescriptorLengths(miopenTensorDescriptor_t, int *, int *, int *, int *){
MIOpen(HIP): 	tensorDesc = {32, 128, 28, 28}, {100352, 784, 28, 1}, packed, 
MIOpen(HIP): 	n = -2130140328
MIOpen(HIP): 	c = 32673
MIOpen(HIP): 	h = 3
MIOpen(HIP): 	w = 3
MIOpen(HIP): }
MIOpen(HIP): miopenStatus_t miopenGetTensorDescriptorSize(miopenTensorDescriptor_t, int *){
MIOpen(HIP): 	tensorDesc = {32, 128, 28, 28}, {100352, 784, 28, 1}, packed, 
MIOpen(HIP): }
MIOpen(HIP): miopenStatus_t miopenGetNdTensorDescriptorVectorLength(miopenTensorDescriptor_t, std::size_t *){
MIOpen(HIP): 	tensorDesc = {32, 128, 28, 28}, {100352, 784, 28, 1}, packed, 
MIOpen(HIP): 	vectorLength = 1
MIOpen(HIP): }
MIOpen(HIP): miopenStatus_t miopenConvolutionForwardGetWorkSpaceSize(miopenHandle_t, const miopenTensorDescriptor_t, const miopenTensorDescriptor_t, const miopenConvolutionDescriptor_t, const miopenTensorDescriptor_t, size_t *){
MIOpen(HIP): 	handle = stream: 0x55ae56b65390, device_id: 0
MIOpen(HIP): 	wDesc = {128, 64, 3, 3}, {576, 9, 3, 1}, packed, 
MIOpen(HIP): 	xDesc = {32, 64, 56, 56}, {200704, 3136, 56, 1}, packed, 
MIOpen(HIP): 	convDesc = conv2d, miopenConvolution, miopenPaddingDefault, {1, 1}, {2, 2}, {1, 1}, 
MIOpen(HIP): 	yDesc = {32, 128, 28, 28}, {100352, 784, 28, 1}, packed, 
MIOpen(HIP): }
MIOpen(HIP): Info [AmdRocmMetadataVersionDetect] ROCm MD version AMDHSA_COv3, HIP version 7.2.26043, MIOpen version 3.5.1.5b515cf1bca-dirty
MIOpen(HIP): Info2 [GetWorkSpaceSize] 
MIOpen(HIP): Info [GetSolutions] 
MIOpen(HIP): Info [IsNetworkedFilesystem] Filesystem type at '"/home/limonene/.config/miopen/"' is: 0x9123683e '<Unknown magic>'
MIOpen(HIP): Info2 [GetLibPath] Lib Path: "/opt/rocm/lib/libMIOpen.so.1.0"
MIOpen(HIP): Info2 [GetInstalledPathFile] Found exact find database file: "/opt/rocm/share/miopen/db/gfx900_64.HIP.fdb.txt"
MIOpen(HIP): Info [Measure] ReadonlyRamDb::Prefetch time: 36.6564 ms
MIOpen(HIP): Info2 [timed_lock] Attempting Lock < /home/limonene/.config/miopen/miopen-lockfiles/gfx900_64.HIP.3_5_1_5b515cf1bca-dirty.ufdb.txt.lock.fslock
MIOpen(HIP): Info2 [timed_lock] Lock < /home/limonene/.config/miopen/miopen-lockfiles/gfx900_64.HIP.3_5_1_5b515cf1bca-dirty.ufdb.txt.lock.fslock
MIOpen(HIP): Info [Measure] RamDb::Prefetch time: 0.012193 ms
MIOpen(HIP): Info2 [unlock] Unlock < /home/limonene/.config/miopen/miopen-lockfiles/gfx900_64.HIP.3_5_1_5b515cf1bca-dirty.ufdb.txt.lock.fslock
MIOpen(HIP): Info2 [refresh_lock] Lock Refresh Active < /home/limonene/.config/miopen/miopen-lockfiles/gfx900_64.HIP.3_5_1_5b515cf1bca-dirty.ufdb.txt.lock.fslock.abyss-hbmx.537885
MIOpen(HIP): Info2 [refresh_lock] Lock Refresh Exit < /home/limonene/.config/miopen/miopen-lockfiles/gfx900_64.HIP.3_5_1_5b515cf1bca-dirty.ufdb.txt.lock.fslock.abyss-hbmx.537885
MIOpen(HIP): Info2 [timed_lock] Attempting Lock < /home/limonene/.config/miopen/miopen-lockfiles/gfx900_64.HIP.3_5_1_5b515cf1bca-dirty.ufdb.txt.lock.fslock
MIOpen(HIP): Info2 [timed_lock] Lock < /home/limonene/.config/miopen/miopen-lockfiles/gfx900_64.HIP.3_5_1_5b515cf1bca-dirty.ufdb.txt.lock.fslock
MIOpen(HIP): Info2 [ValidateUnsafe] DB file is older than cache: 558527536469589, 558667465978099
MIOpen(HIP): Info2 [FindRecordUnsafe] Looking for key 64-56-56-3x3-128-28-28-32-1x1-2x2-1x1-0-NCHW-FP32-F in cache for file "/home/limonene/.config/miopen/gfx900_64.HIP.3_5_1_5b515cf1bca-dirty.ufdb.txt"
MIOpen(HIP): Info2 [unlock] Unlock < /home/limonene/.config/miopen/miopen-lockfiles/gfx900_64.HIP.3_5_1_5b515cf1bca-dirty.ufdb.txt.lock.fslock
MIOpen(HIP): Info2 [refresh_lock] Lock Refresh Active < /home/limonene/.config/miopen/miopen-lockfiles/gfx900_64.HIP.3_5_1_5b515cf1bca-dirty.ufdb.txt.lock.fslock.abyss-hbmx.537885
MIOpen(HIP): Info2 [refresh_lock] Lock Refresh Exit < /home/limonene/.config/miopen/miopen-lockfiles/gfx900_64.HIP.3_5_1_5b515cf1bca-dirty.ufdb.txt.lock.fslock.abyss-hbmx.537885
MIOpen(HIP): Info2 [FindRecord] Looking for key 64-56-56-3x3-128-28-28-32-1x1-2x2-1x1-0-NCHW-FP32-F in file "/opt/rocm/share/miopen/db/gfx900_64.HIP.fdb.txt"
MIOpen(HIP): Info2 [FindRecord] Key match: 64-56-56-3x3-128-28-28-32-1x1-2x2-1x1-0-NCHW-FP32-F
MIOpen(HIP): Info2 [FindRecord] Contents found: miopenConvolutionFwdAlgoImplicitGEMM:ConvHipImplicitGemmV4R1Fwd,0.758758,0,miopenConvolutionFwdAlgoImplicitGEMM,<unused>;miopenConvolutionFwdAlgoWinograd:ConvBinWinogradRxSf2x3g1,1.30947,0,miopenConvolutionFwdAlgoWinograd,<unused>;miopenConvolutionFwdAlgoDirect:ConvOclDirectFwd,4.39624,0,miopenConvolutionFwdAlgoDirect,<unused>;miopenConvolutionFwdAlgoGEMM:GemmFwdRest,103.218,1806336,rocBlas,<unused>
MIOpen(HIP): Info2 [Measure] Db::FindRecord time: 0.383691 ms
MIOpen(HIP): Info2 [GetSolutions] ConvHipImplicitGemmV4R1Fwd
MIOpen(HIP): Info [GetWorkSpaceSize] 0
PRNG seed: 12345678
MIOpen(HIP): MIOpenDriver Info2 [GPUMem] hipMalloc 25690112 at 0x7fa048000000 Ok
MIOpen(HIP): MIOpenDriver Info2 [GPUMem] hipMalloc 294912 at 0x7fa047400000 Ok
MIOpen(HIP): MIOpenDriver Info2 [GPUMem] hipMalloc 12845056 at 0x7fa046400000 Ok
Timestamp: 2026-03-13 02:11:10 UTC; Host Name: abyss-hbmx; Operating System: Linux 6.18.16-1-lts; ROCm: 7.2.26043; MIOpen Driver: 3.5.1; CPU Vendor: AMD; CPU Model: 1 x Ryzen Threadripper; RAM Size: 62 GB; GPU Model: 1 x AMD Radeon RX Vega; AMDGPU Driver: 0.0.0
MIOpen(HIP): MIOpenDriver Info2 [DebugPrintWorkspaceDev] ptr=0 size=0
MIOpen(HIP): miopenStatus_t miopenFindConvolutionForwardAlgorithm(miopenHandle_t, const miopenTensorDescriptor_t, const void *, const miopenTensorDescriptor_t, const void *, const miopenConvolutionDescriptor_t, const miopenTensorDescriptor_t, void *, const int, int *, miopenConvAlgoPerf_t *, void *, size_t, bool){
MIOpen(HIP): 	handle = stream: 0x55ae56b65390, device_id: 0
MIOpen(HIP): 	xDesc = {32, 64, 56, 56}, {200704, 3136, 56, 1}, packed, 
MIOpen(HIP): 	x = 0x7fa048000000
MIOpen(HIP): 	wDesc = {128, 64, 3, 3}, {576, 9, 3, 1}, packed, 
MIOpen(HIP): 	w = 0x7fa047400000
MIOpen(HIP): 	convDesc = conv2d, miopenConvolution, miopenPaddingDefault, {1, 1}, {2, 2}, {1, 1}, 
MIOpen(HIP): 	yDesc = {32, 128, 28, 28}, {100352, 784, 28, 1}, packed, 
MIOpen(HIP): 	y = 0x7fa046400000
MIOpen(HIP): 	requestAlgoCount = 2
MIOpen(HIP): 	returnedAlgoCount = 32764
MIOpen(HIP): 	perfResults = 
MIOpen(HIP): 	workSpace = nullptr
MIOpen(HIP): 	workSpaceSize = 0
MIOpen(HIP): 	exhaustiveSearch = 0
MIOpen(HIP): }
MIOpen(HIP): Command [LogCmdFindConvolution] ./bin/MIOpenDriver conv -n 32 -c 64 -H 56 -W 56 -k 128 -y 3 -x 3 -p 1 -q 1 -u 2 -v 2 -l 1 -j 1 -m conv -g 1 -F 1 -t 1
MIOpen(HIP): Info [FindConvFwdAlgorithm] requestAlgoCount = 2, workspace = 0
MIOpen(HIP): Info [GetSolutions] 
MIOpen(HIP): Info2 [timed_lock] Attempting Lock < /home/limonene/.config/miopen/miopen-lockfiles/gfx900_64.HIP.3_5_1_5b515cf1bca-dirty.ufdb.txt.lock.fslock
MIOpen(HIP): Info2 [timed_lock] Lock < /home/limonene/.config/miopen/miopen-lockfiles/gfx900_64.HIP.3_5_1_5b515cf1bca-dirty.ufdb.txt.lock.fslock
MIOpen(HIP): Info2 [ValidateUnsafe] DB file is older than cache: 558527536469589, 558667465978099
MIOpen(HIP): Info2 [FindRecordUnsafe] Looking for key 64-56-56-3x3-128-28-28-32-1x1-2x2-1x1-0-NCHW-FP32-F in cache for file "/home/limonene/.config/miopen/gfx900_64.HIP.3_5_1_5b515cf1bca-dirty.ufdb.txt"
MIOpen(HIP): Info2 [unlock] Unlock < /home/limonene/.config/miopen/miopen-lockfiles/gfx900_64.HIP.3_5_1_5b515cf1bca-dirty.ufdb.txt.lock.fslock
MIOpen(HIP): Info2 [refresh_lock] Lock Refresh Active < /home/limonene/.config/miopen/miopen-lockfiles/gfx900_64.HIP.3_5_1_5b515cf1bca-dirty.ufdb.txt.lock.fslock.abyss-hbmx.537885
MIOpen(HIP): Info2 [refresh_lock] Lock Refresh Exit < /home/limonene/.config/miopen/miopen-lockfiles/gfx900_64.HIP.3_5_1_5b515cf1bca-dirty.ufdb.txt.lock.fslock.abyss-hbmx.537885
MIOpen(HIP): Info2 [FindRecord] Looking for key 64-56-56-3x3-128-28-28-32-1x1-2x2-1x1-0-NCHW-FP32-F in file "/opt/rocm/share/miopen/db/gfx900_64.HIP.fdb.txt"
MIOpen(HIP): Info2 [FindRecord] Key match: 64-56-56-3x3-128-28-28-32-1x1-2x2-1x1-0-NCHW-FP32-F
MIOpen(HIP): Info2 [FindRecord] Contents found: miopenConvolutionFwdAlgoImplicitGEMM:ConvHipImplicitGemmV4R1Fwd,0.758758,0,miopenConvolutionFwdAlgoImplicitGEMM,<unused>;miopenConvolutionFwdAlgoWinograd:ConvBinWinogradRxSf2x3g1,1.30947,0,miopenConvolutionFwdAlgoWinograd,<unused>;miopenConvolutionFwdAlgoDirect:ConvOclDirectFwd,4.39624,0,miopenConvolutionFwdAlgoDirect,<unused>;miopenConvolutionFwdAlgoGEMM:GemmFwdRest,103.218,1806336,rocBlas,<unused>
MIOpen(HIP): Info2 [Measure] Db::FindRecord time: 0.223546 ms
MIOpen(HIP): Info2 [GetSolutions] ConvHipImplicitGemmV4R1Fwd
MIOpen(HIP): Info2 [GetInvoker] Returning an invoker for problem 64x56x56x3x3x128x28x28x32xNCHWxFP32x1x1x2x2x1x1x1xFxDefault and solver ConvHipImplicitGemmV4R1Fwd
MIOpen(HIP): Info [FindSolutionImpl] ConvHipImplicitGemmV4R1Fwd
MIOpen(HIP): Info2 [GetPerfDbPathFile] inexact perf database search
MIOpen(HIP): Info2 [GetPerfDbPathFile] Iterating over perf db directory "/opt/rocm/share/miopen/db"
MIOpen(HIP): Info [Measure] ReadonlyRamDb::Prefetch time: 5e-05 ms
MIOpen(HIP): Info2 [timed_lock] Attempting Lock < /home/limonene/.config/miopen/miopen-lockfiles/gfx900_64.HIP.3_5_1_5b515cf1bca-dirty.udb.txt.lock.fslock
MIOpen(HIP): Info2 [timed_lock] Lock < /home/limonene/.config/miopen/miopen-lockfiles/gfx900_64.HIP.3_5_1_5b515cf1bca-dirty.udb.txt.lock.fslock
MIOpen(HIP): Info [Prefetch] File is unreadable: "/home/limonene/.config/miopen/gfx900_64.HIP.3_5_1_5b515cf1bca-dirty.udb.txt"
MIOpen(HIP): Info [Measure] RamDb::Prefetch time: 0.005601 ms
MIOpen(HIP): Info2 [unlock] Unlock < /home/limonene/.config/miopen/miopen-lockfiles/gfx900_64.HIP.3_5_1_5b515cf1bca-dirty.udb.txt.lock.fslock
MIOpen(HIP): Info2 [refresh_lock] Lock Refresh Active < /home/limonene/.config/miopen/miopen-lockfiles/gfx900_64.HIP.3_5_1_5b515cf1bca-dirty.udb.txt.lock.fslock.abyss-hbmx.537885
MIOpen(HIP): Info2 [refresh_lock] Lock Refresh Exit < /home/limonene/.config/miopen/miopen-lockfiles/gfx900_64.HIP.3_5_1_5b515cf1bca-dirty.udb.txt.lock.fslock.abyss-hbmx.537885
MIOpen(HIP): Info2 [timed_lock] Attempting Lock < /home/limonene/.config/miopen/miopen-lockfiles/gfx900_64.HIP.3_5_1_5b515cf1bca-dirty.udb.txt.lock.fslock
MIOpen(HIP): Info2 [timed_lock] Lock < /home/limonene/.config/miopen/miopen-lockfiles/gfx900_64.HIP.3_5_1_5b515cf1bca-dirty.udb.txt.lock.fslock
MIOpen(HIP): Info2 [FindRecordUnsafe] Looking for key 2x64x56x56x1x3x3x1x128x32x1x1x0x2x2x0x1x1x0x0x1xNCHWxFP32xF in cache for file "/home/limonene/.config/miopen/gfx900_64.HIP.3_5_1_5b515cf1bca-dirty.udb.txt"
MIOpen(HIP): Info2 [unlock] Unlock < /home/limonene/.config/miopen/miopen-lockfiles/gfx900_64.HIP.3_5_1_5b515cf1bca-dirty.udb.txt.lock.fslock
MIOpen(HIP): Info2 [refresh_lock] Lock Refresh Active < /home/limonene/.config/miopen/miopen-lockfiles/gfx900_64.HIP.3_5_1_5b515cf1bca-dirty.udb.txt.lock.fslock.abyss-hbmx.537885
MIOpen(HIP): Info2 [refresh_lock] Lock Refresh Exit < /home/limonene/.config/miopen/miopen-lockfiles/gfx900_64.HIP.3_5_1_5b515cf1bca-dirty.udb.txt.lock.fslock.abyss-hbmx.537885
MIOpen(HIP): Info2 [FindRecord] Looking for key 2x64x56x56x1x3x3x1x128x32x1x1x0x2x2x0x1x1x0x0x1xNCHWxFP32xF in file ""
MIOpen(HIP): Info2 [Measure] Db::Load time: 0.151609 ms
MIOpen(HIP): Info [FindSolutionImpl] Perf Db: record not found for: ConvHipImplicitGemmV4R1Fwd
MIOpen(HIP): Info [HeuristicInit] 16,128,8,2,4,4,4,4,4,4,8,2,16,1,2,128
MIOpen(HIP): Info [GetPerformanceConfigBase] 16,128,8,2,4,4,4,4,4,4,8,2,16,1,2,128
MIOpen(HIP): Info2 [PrepareInvoker] Preparing kernel: gridwise_convolution_implicit_gemm_v4r1_nchw_kcyx_nkhw_lds_double_buffer
MIOpen(HIP): Info [IsNetworkedFilesystem] Filesystem type at '"/home/limonene/.cache/miopen/3.5.1.5b515cf1bca-dirty"' is: 0x9123683e '<Unknown magic>'
MIOpen(HIP): Info2 [SQLiteBase] Initializing system database file ""
MIOpen(HIP): Info [KernDb] database not present
MIOpen(HIP): Info2 [SQLiteBase] Initializing user database file "/home/limonene/.cache/miopen/3.5.1.5b515cf1bca-dirty/gfx900_64.ukdb"
MIOpen(HIP): Info2 [KernDb] Database created successfully
MIOpen(HIP): Info2 [LoadBinary] Loading binary for: "static_kernel_gridwise_convolution_implicit_gemm_v4r1_nchw_kcyx_nkhw_lds_double_buffer.cpp.o"; args:  -DCK_PARAM_PROBLEM_N=32 -DCK_PARAM_PROBLEM_K=128 -DCK_PARAM_PROBLEM_C=64 -DCK_PARAM_PROBLEM_HI=56 -DCK_PARAM_PROBLEM_WI=56 -DCK_PARAM_PROBLEM_HO=28 -DCK_PARAM_PROBLEM_WO=28 -DCK_PARAM_PROBLEM_Y=3 -DCK_PARAM_PROBLEM_X=3 -DCK_PARAM_PROBLEM_CONV_STRIDE_H=2 -DCK_PARAM_PROBLEM_CONV_STRIDE_W=2 -DCK_PARAM_PROBLEM_CONV_DILATION_H=1 -DCK_PARAM_PROBLEM_CONV_DILATION_W=1 -DCK_PARAM_PROBLEM_LEFT_PAD_H=1 -DCK_PARAM_PROBLEM_LEFT_PAD_W=1 -DCK_PARAM_PROBLEM_RIGHT_PAD_H=0 -DCK_PARAM_PROBLEM_RIGHT_PAD_W=0 -DCK_PARAM_PROBLEM_CONV_GROUP_COUNTS=1 -DCK_PARAM_PROBLEM_CONV_DIRECTION_FORWARD=1 -DCK_PARAM_PROBLEM_CONV_DIRECTION_BACKWARD_DATA=0 -DCK_PARAM_PROBLEM_CONV_DIRECTION_BACKWARD_WEIGHT=0 -DCK_PARAM_TUNABLE_BLOCK_SIZE=256 -DCK_PARAM_TUNABLE_B_PER_BLOCK=16 -DCK_PARAM_TUNABLE_K_PER_BLOCK=128 -DCK_PARAM_TUNABLE_E_PER_BLOCK=8 -DCK_PARAM_DEPENDENT_GRID_SIZE=196 -DCK_PARAM_GEMM_N_REPEAT=2 -DCK_PARAM_GEMM_M_PER_THREAD_SUB_C=4 -DCK_PARAM_GEMM_N_PER_THREAD_SUB_C=4 -DCK_PARAM_GEMM_M_LEVEL0_CLUSTER=4 -DCK_PARAM_GEMM_N_LEVEL0_CLUSTER=4 -DCK_PARAM_GEMM_M_LEVEL1_CLUSTER=4 -DCK_PARAM_GEMM_N_LEVEL1_CLUSTER=4 -DCK_PARAM_IN_BLOCK_COPY_CLUSTER_LENGTHS_E=8 -DCK_PARAM_IN_BLOCK_COPY_CLUSTER_LENGTHS_N1=2 -DCK_PARAM_IN_BLOCK_COPY_CLUSTER_LENGTHS_B=16 -DCK_PARAM_IN_BLOCK_COPY_CLUSTER_LENGTHS_N2=1 -DCK_PARAM_IN_BLOCK_COPY_SRC_DATA_PER_READ_B=1 -DCK_PARAM_WEI_BLOCK_COPY_CLUSTER_LENGTHS_E=2 -DCK_PARAM_WEI_BLOCK_COPY_CLUSTER_LENGTHS_K=128 -DCK_PARAM_WEI_BLOCK_COPY_SRC_DATA_PER_READ_E=4 -DCK_PARAM_EPACK_LENGTH=1 -DCK_THREADWISE_GEMM_USE_AMD_INLINE_ASM=1 -DCK_USE_AMD_INLINE_ASM=1 -DCK_USE_AMD_BUFFER_PTR_TYPE=1 --std=c++14 -DCK_USE_AMD_BUFFER_ATOMIC_FADD=0 -DCK_BLOCK_SYNC_LDS_WITHOUT_SYNC_VMEM=1 -DCK_WORKAROUND_SWDEV_229564=1 -DCK_WORKAROUND_SWDEV_231101=1 -DCK_USE_AMD_BUFFER_ADDRESSING=1 -DCK_USE_AMD_V_FMAC_F32=0 -DMIOPEN_USE_FP16=0 -DMIOPEN_USE_FP16x4=0 -DMIOPEN_USE_FP16x8=0 -DMIOPEN_USE_FP32=1 -DMIOPEN_USE_INT8=0 -DMIOPEN_USE_BFP16=0 -DMIOPEN_USE_INT32=0 -DMIOPEN_USE_RNE_BFLOAT16=1 -DMIOPEN_FP8_IEEE_EXPONENT_BIAS=0 -DMIOPEN_FP8_CLIPPING=1 -DMIOPEN_USE_FP16=0 -DMIOPEN_USE_FP16x4=0 -DMIOPEN_USE_FP16x8=0 -DMIOPEN_USE_FP32=1 -DMIOPEN_USE_INT8=0 -DMIOPEN_USE_BFP16=0 -DMIOPEN_USE_INT32=0 -DMIOPEN_USE_RNE_BFLOAT16=1 -DMIOPEN_FP8_IEEE_EXPONENT_BIAS=0 -DMIOPEN_FP8_CLIPPING=1 --std=c++17 -DCK_PARAM_IN_BLOCK_COPY_DST_DATA_PER_WRITE_N2=4 -DCK_PARAM_WEI_BLOCK_COPY_DST_DATA_PER_WRITE_K=1 -mcpu=gfx900
MIOpen(HIP): Info2 [Prepare] SELECT kernel_blob, kernel_hash, uncompressed_size FROM kern_db WHERE (kernel_name = 'static_kernel_gridwise_convolution_implicit_gemm_v4r1_nchw_kcyx_nkhw_lds_double_buffer.cpp.o') AND (kernel_args = ' -DCK_PARAM_PROBLEM_N=32 -DCK_PARAM_PROBLEM_K=128 -DCK_PARAM_PROBLEM_C=64 -DCK_PARAM_PROBLEM_HI=56 -DCK_PARAM_PROBLEM_WI=56 -DCK_PARAM_PROBLEM_HO=28 -DCK_PARAM_PROBLEM_WO=28 -DCK_PARAM_PROBLEM_Y=3 -DCK_PARAM_PROBLEM_X=3 -DCK_PARAM_PROBLEM_CONV_STRIDE_H=2 -DCK_PARAM_PROBLEM_CONV_STRIDE_W=2 -DCK_PARAM_PROBLEM_CONV_DILATION_H=1 -DCK_PARAM_PROBLEM_CONV_DILATION_W=1 -DCK_PARAM_PROBLEM_LEFT_PAD_H=1 -DCK_PARAM_PROBLEM_LEFT_PAD_W=1 -DCK_PARAM_PROBLEM_RIGHT_PAD_H=0 -DCK_PARAM_PROBLEM_RIGHT_PAD_W=0 -DCK_PARAM_PROBLEM_CONV_GROUP_COUNTS=1 -DCK_PARAM_PROBLEM_CONV_DIRECTION_FORWARD=1 -DCK_PARAM_PROBLEM_CONV_DIRECTION_BACKWARD_DATA=0 -DCK_PARAM_PROBLEM_CONV_DIRECTION_BACKWARD_WEIGHT=0 -DCK_PARAM_TUNABLE_BLOCK_SIZE=256 -DCK_PARAM_TUNABLE_B_PER_BLOCK=16 -DCK_PARAM_TUNABLE_K_PER_BLOCK=128 -DCK_PARAM_TUNABLE_E_PER_BLOCK=8 -DCK_PARAM_DEPENDENT_GRID_SIZE=196 -DCK_PARAM_GEMM_N_REPEAT=2 -DCK_PARAM_GEMM_M_PER_THREAD_SUB_C=4 -DCK_PARAM_GEMM_N_PER_THREAD_SUB_C=4 -DCK_PARAM_GEMM_M_LEVEL0_CLUSTER=4 -DCK_PARAM_GEMM_N_LEVEL0_CLUSTER=4 -DCK_PARAM_GEMM_M_LEVEL1_CLUSTER=4 -DCK_PARAM_GEMM_N_LEVEL1_CLUSTER=4 -DCK_PARAM_IN_BLOCK_COPY_CLUSTER_LENGTHS_E=8 -DCK_PARAM_IN_BLOCK_COPY_CLUSTER_LENGTHS_N1=2 -DCK_PARAM_IN_BLOCK_COPY_CLUSTER_LENGTHS_B=16 -DCK_PARAM_IN_BLOCK_COPY_CLUSTER_LENGTHS_N2=1 -DCK_PARAM_IN_BLOCK_COPY_SRC_DATA_PER_READ_B=1 -DCK_PARAM_WEI_BLOCK_COPY_CLUSTER_LENGTHS_E=2 -DCK_PARAM_WEI_BLOCK_COPY_CLUSTER_LENGTHS_K=128 -DCK_PARAM_WEI_BLOCK_COPY_SRC_DATA_PER_READ_E=4 -DCK_PARAM_EPACK_LENGTH=1 -DCK_THREADWISE_GEMM_USE_AMD_INLINE_ASM=1 -DCK_USE_AMD_INLINE_ASM=1 -DCK_USE_AMD_BUFFER_PTR_TYPE=1 --std=c++14 -DCK_USE_AMD_BUFFER_ATOMIC_FADD=0 -DCK_BLOCK_SYNC_LDS_WITHOUT_SYNC_VMEM=1 -DCK_WORKAROUND_SWDEV_229564=1 -DCK_WORKAROUND_SWDEV_231101=1 -DCK_USE_AMD_BUFFER_ADDRESSING=1 -DCK_USE_AMD_V_FMAC_F32=0 -DMIOPEN_USE_FP16=0 -DMIOPEN_USE_FP16x4=0 -DMIOPEN_USE_FP16x8=0 -DMIOPEN_USE_FP32=1 -DMIOPEN_USE_INT8=0 -DMIOPEN_USE_BFP16=0 -DMIOPEN_USE_INT32=0 -DMIOPEN_USE_RNE_BFLOAT16=1 -DMIOPEN_FP8_IEEE_EXPONENT_BIAS=0 -DMIOPEN_FP8_CLIPPING=1 -DMIOPEN_USE_FP16=0 -DMIOPEN_USE_FP16x4=0 -DMIOPEN_USE_FP16x8=0 -DMIOPEN_USE_FP32=1 -DMIOPEN_USE_INT8=0 -DMIOPEN_USE_BFP16=0 -DMIOPEN_USE_INT32=0 -DMIOPEN_USE_RNE_BFLOAT16=1 -DMIOPEN_FP8_IEEE_EXPONENT_BIAS=0 -DMIOPEN_FP8_CLIPPING=1 --std=c++17 -DCK_PARAM_IN_BLOCK_COPY_DST_DATA_PER_WRITE_N2=4 -DCK_PARAM_WEI_BLOCK_COPY_DST_DATA_PER_WRITE_K=1 -mcpu=gfx900');
MIOpen(HIP): Info2 [Measure] Db::FindRecord time: 0.035537 ms
MIOpen(HIP): Info2 [LoadBinary] Unable to load binary for: "static_kernel_gridwise_convolution_implicit_gemm_v4r1_nchw_kcyx_nkhw_lds_double_buffer.cpp.o"; args:  -DCK_PARAM_PROBLEM_N=32 -DCK_PARAM_PROBLEM_K=128 -DCK_PARAM_PROBLEM_C=64 -DCK_PARAM_PROBLEM_HI=56 -DCK_PARAM_PROBLEM_WI=56 -DCK_PARAM_PROBLEM_HO=28 -DCK_PARAM_PROBLEM_WO=28 -DCK_PARAM_PROBLEM_Y=3 -DCK_PARAM_PROBLEM_X=3 -DCK_PARAM_PROBLEM_CONV_STRIDE_H=2 -DCK_PARAM_PROBLEM_CONV_STRIDE_W=2 -DCK_PARAM_PROBLEM_CONV_DILATION_H=1 -DCK_PARAM_PROBLEM_CONV_DILATION_W=1 -DCK_PARAM_PROBLEM_LEFT_PAD_H=1 -DCK_PARAM_PROBLEM_LEFT_PAD_W=1 -DCK_PARAM_PROBLEM_RIGHT_PAD_H=0 -DCK_PARAM_PROBLEM_RIGHT_PAD_W=0 -DCK_PARAM_PROBLEM_CONV_GROUP_COUNTS=1 -DCK_PARAM_PROBLEM_CONV_DIRECTION_FORWARD=1 -DCK_PARAM_PROBLEM_CONV_DIRECTION_BACKWARD_DATA=0 -DCK_PARAM_PROBLEM_CONV_DIRECTION_BACKWARD_WEIGHT=0 -DCK_PARAM_TUNABLE_BLOCK_SIZE=256 -DCK_PARAM_TUNABLE_B_PER_BLOCK=16 -DCK_PARAM_TUNABLE_K_PER_BLOCK=128 -DCK_PARAM_TUNABLE_E_PER_BLOCK=8 -DCK_PARAM_DEPENDENT_GRID_SIZE=196 -DCK_PARAM_GEMM_N_REPEAT=2 -DCK_PARAM_GEMM_M_PER_THREAD_SUB_C=4 -DCK_PARAM_GEMM_N_PER_THREAD_SUB_C=4 -DCK_PARAM_GEMM_M_LEVEL0_CLUSTER=4 -DCK_PARAM_GEMM_N_LEVEL0_CLUSTER=4 -DCK_PARAM_GEMM_M_LEVEL1_CLUSTER=4 -DCK_PARAM_GEMM_N_LEVEL1_CLUSTER=4 -DCK_PARAM_IN_BLOCK_COPY_CLUSTER_LENGTHS_E=8 -DCK_PARAM_IN_BLOCK_COPY_CLUSTER_LENGTHS_N1=2 -DCK_PARAM_IN_BLOCK_COPY_CLUSTER_LENGTHS_B=16 -DCK_PARAM_IN_BLOCK_COPY_CLUSTER_LENGTHS_N2=1 -DCK_PARAM_IN_BLOCK_COPY_SRC_DATA_PER_READ_B=1 -DCK_PARAM_WEI_BLOCK_COPY_CLUSTER_LENGTHS_E=2 -DCK_PARAM_WEI_BLOCK_COPY_CLUSTER_LENGTHS_K=128 -DCK_PARAM_WEI_BLOCK_COPY_SRC_DATA_PER_READ_E=4 -DCK_PARAM_EPACK_LENGTH=1 -DCK_THREADWISE_GEMM_USE_AMD_INLINE_ASM=1 -DCK_USE_AMD_INLINE_ASM=1 -DCK_USE_AMD_BUFFER_PTR_TYPE=1 --std=c++14 -DCK_USE_AMD_BUFFER_ATOMIC_FADD=0 -DCK_BLOCK_SYNC_LDS_WITHOUT_SYNC_VMEM=1 -DCK_WORKAROUND_SWDEV_229564=1 -DCK_WORKAROUND_SWDEV_231101=1 -DCK_USE_AMD_BUFFER_ADDRESSING=1 -DCK_USE_AMD_V_FMAC_F32=0 -DMIOPEN_USE_FP16=0 -DMIOPEN_USE_FP16x4=0 -DMIOPEN_USE_FP16x8=0 -DMIOPEN_USE_FP32=1 -DMIOPEN_USE_INT8=0 -DMIOPEN_USE_BFP16=0 -DMIOPEN_USE_INT32=0 -DMIOPEN_USE_RNE_BFLOAT16=1 -DMIOPEN_FP8_IEEE_EXPONENT_BIAS=0 -DMIOPEN_FP8_CLIPPING=1 -DMIOPEN_USE_FP16=0 -DMIOPEN_USE_FP16x4=0 -DMIOPEN_USE_FP16x8=0 -DMIOPEN_USE_FP32=1 -DMIOPEN_USE_INT8=0 -DMIOPEN_USE_BFP16=0 -DMIOPEN_USE_INT32=0 -DMIOPEN_USE_RNE_BFLOAT16=1 -DMIOPEN_FP8_IEEE_EXPONENT_BIAS=0 -DMIOPEN_FP8_CLIPPING=1 --std=c++17 -DCK_PARAM_IN_BLOCK_COPY_DST_DATA_PER_WRITE_N2=4 -DCK_PARAM_WEI_BLOCK_COPY_DST_DATA_PER_WRITE_K=1 -mcpu=gfx900
MIOpen(HIP): Info [PrintVersion] HIPRTC v.9.0
MIOpen(HIP): Info2 [SQLiteBase] Initializing system database file ""
MIOpen(HIP): Info [KernDb] database not present
MIOpen(HIP): Info2 [SQLiteBase] Initializing user database file "/home/limonene/.cache/miopen/3.5.1.5b515cf1bca-dirty/gfx900_64.ukdb"
MIOpen(HIP): Info2 [KernDb] Database created successfully
MIOpen(HIP): Info2 [SaveBinary] Saving binary for: "static_kernel_gridwise_convolution_implicit_gemm_v4r1_nchw_kcyx_nkhw_lds_double_buffer.cpp.o"; args:  -DCK_PARAM_PROBLEM_N=32 -DCK_PARAM_PROBLEM_K=128 -DCK_PARAM_PROBLEM_C=64 -DCK_PARAM_PROBLEM_HI=56 -DCK_PARAM_PROBLEM_WI=56 -DCK_PARAM_PROBLEM_HO=28 -DCK_PARAM_PROBLEM_WO=28 -DCK_PARAM_PROBLEM_Y=3 -DCK_PARAM_PROBLEM_X=3 -DCK_PARAM_PROBLEM_CONV_STRIDE_H=2 -DCK_PARAM_PROBLEM_CONV_STRIDE_W=2 -DCK_PARAM_PROBLEM_CONV_DILATION_H=1 -DCK_PARAM_PROBLEM_CONV_DILATION_W=1 -DCK_PARAM_PROBLEM_LEFT_PAD_H=1 -DCK_PARAM_PROBLEM_LEFT_PAD_W=1 -DCK_PARAM_PROBLEM_RIGHT_PAD_H=0 -DCK_PARAM_PROBLEM_RIGHT_PAD_W=0 -DCK_PARAM_PROBLEM_CONV_GROUP_COUNTS=1 -DCK_PARAM_PROBLEM_CONV_DIRECTION_FORWARD=1 -DCK_PARAM_PROBLEM_CONV_DIRECTION_BACKWARD_DATA=0 -DCK_PARAM_PROBLEM_CONV_DIRECTION_BACKWARD_WEIGHT=0 -DCK_PARAM_TUNABLE_BLOCK_SIZE=256 -DCK_PARAM_TUNABLE_B_PER_BLOCK=16 -DCK_PARAM_TUNABLE_K_PER_BLOCK=128 -DCK_PARAM_TUNABLE_E_PER_BLOCK=8 -DCK_PARAM_DEPENDENT_GRID_SIZE=196 -DCK_PARAM_GEMM_N_REPEAT=2 -DCK_PARAM_GEMM_M_PER_THREAD_SUB_C=4 -DCK_PARAM_GEMM_N_PER_THREAD_SUB_C=4 -DCK_PARAM_GEMM_M_LEVEL0_CLUSTER=4 -DCK_PARAM_GEMM_N_LEVEL0_CLUSTER=4 -DCK_PARAM_GEMM_M_LEVEL1_CLUSTER=4 -DCK_PARAM_GEMM_N_LEVEL1_CLUSTER=4 -DCK_PARAM_IN_BLOCK_COPY_CLUSTER_LENGTHS_E=8 -DCK_PARAM_IN_BLOCK_COPY_CLUSTER_LENGTHS_N1=2 -DCK_PARAM_IN_BLOCK_COPY_CLUSTER_LENGTHS_B=16 -DCK_PARAM_IN_BLOCK_COPY_CLUSTER_LENGTHS_N2=1 -DCK_PARAM_IN_BLOCK_COPY_SRC_DATA_PER_READ_B=1 -DCK_PARAM_WEI_BLOCK_COPY_CLUSTER_LENGTHS_E=2 -DCK_PARAM_WEI_BLOCK_COPY_CLUSTER_LENGTHS_K=128 -DCK_PARAM_WEI_BLOCK_COPY_SRC_DATA_PER_READ_E=4 -DCK_PARAM_EPACK_LENGTH=1 -DCK_THREADWISE_GEMM_USE_AMD_INLINE_ASM=1 -DCK_USE_AMD_INLINE_ASM=1 -DCK_USE_AMD_BUFFER_PTR_TYPE=1 --std=c++14 -DCK_USE_AMD_BUFFER_ATOMIC_FADD=0 -DCK_BLOCK_SYNC_LDS_WITHOUT_SYNC_VMEM=1 -DCK_WORKAROUND_SWDEV_229564=1 -DCK_WORKAROUND_SWDEV_231101=1 -DCK_USE_AMD_BUFFER_ADDRESSING=1 -DCK_USE_AMD_V_FMAC_F32=0 -DMIOPEN_USE_FP16=0 -DMIOPEN_USE_FP16x4=0 -DMIOPEN_USE_FP16x8=0 -DMIOPEN_USE_FP32=1 -DMIOPEN_USE_INT8=0 -DMIOPEN_USE_BFP16=0 -DMIOPEN_USE_INT32=0 -DMIOPEN_USE_RNE_BFLOAT16=1 -DMIOPEN_FP8_IEEE_EXPONENT_BIAS=0 -DMIOPEN_FP8_CLIPPING=1 -DMIOPEN_USE_FP16=0 -DMIOPEN_USE_FP16x4=0 -DMIOPEN_USE_FP16x8=0 -DMIOPEN_USE_FP32=1 -DMIOPEN_USE_INT8=0 -DMIOPEN_USE_BFP16=0 -DMIOPEN_USE_INT32=0 -DMIOPEN_USE_RNE_BFLOAT16=1 -DMIOPEN_FP8_IEEE_EXPONENT_BIAS=0 -DMIOPEN_FP8_CLIPPING=1 --std=c++17 -DCK_PARAM_IN_BLOCK_COPY_DST_DATA_PER_WRITE_N2=4 -DCK_PARAM_WEI_BLOCK_COPY_DST_DATA_PER_WRITE_K=1 -mcpu=gfx900
MIOpen(HIP): Info2 [Prepare] INSERT OR REPLACE INTO kern_db(kernel_name, kernel_args, kernel_blob, kernel_hash, uncompressed_size) VALUES(?, ?, ?, ?, ?);
MIOpen(HIP): Info2 [Measure] Db::StoreRecord time: 34.4804 ms
MIOpen(HIP): Info2 [LoadProgram] Skipped attaching a binary to the program for future serialization as it is in permanent file storage
MIOpen(HIP): Info2 [Register] Invoker registered for algorithm 64x56x56x3x3x128x28x28x32xNCHWxFP32x1x1x2x2x1x1x1xFxDefault and solver ConvHipImplicitGemmV4R1Fwd
MIOpen(HIP): Info2 [SetAsFound1_0] Solver ConvHipImplicitGemmV4R1Fwd registered as find 1.0 best for miopenConvolutionFwdAlgoImplicitGEMM in 64x56x56x3x3x128x28x28x32xNCHWxFP32x1x1x2x2x1x1x1xFxDefault
MIOpen(HIP): Info [FindConvolution] miopenConvolutionFwdAlgoImplicitGEMM	0.758758	0
MIOpen(HIP): Info [FillFindReturnParameters] FW Chosen Algorithm: ConvHipImplicitGemmV4R1Fwd , 0, 0.758758
MIOpen(HIP): MIOpenDriver Info2 [DebugPrintWorkspaceDev] ptr=0 size=0
MIOpen(HIP): miopenStatus_t miopenConvolutionForward(miopenHandle_t, const void *, const miopenTensorDescriptor_t, const void *, const miopenTensorDescriptor_t, const void *, const miopenConvolutionDescriptor_t, miopenConvFwdAlgorithm_t, const void *, const miopenTensorDescriptor_t, void *, void *, size_t){
MIOpen(HIP): 	handle = stream: 0x55ae56b65390, device_id: 0
MIOpen(HIP): 	alpha = 0x7ffc126ae664
MIOpen(HIP): 	xDesc = {32, 64, 56, 56}, {200704, 3136, 56, 1}, packed, 
MIOpen(HIP): 	x = 0x7fa048000000
MIOpen(HIP): 	wDesc = {128, 64, 3, 3}, {576, 9, 3, 1}, packed, 
MIOpen(HIP): 	w = 0x7fa047400000
MIOpen(HIP): 	convDesc = conv2d, miopenConvolution, miopenPaddingDefault, {1, 1}, {2, 2}, {1, 1}, 
MIOpen(HIP): 	algo = 5
MIOpen(HIP): 	beta = 0x7ffc126ae668
MIOpen(HIP): 	yDesc = {32, 128, 28, 28}, {100352, 784, 28, 1}, packed, 
MIOpen(HIP): 	y = 0x7fa046400000
MIOpen(HIP): 	workSpace = nullptr
MIOpen(HIP): 	workSpaceSize = 0
MIOpen(HIP): }
MIOpen(HIP): Command [LogCmdConvolution] ./bin/MIOpenDriver conv -n 32 -c 64 -H 56 -W 56 -k 128 -y 3 -x 3 -p 1 -q 1 -u 2 -v 2 -l 1 -j 1 -m conv -g 1 -F 1 -t 1
MIOpen(HIP): Info [ConvolutionForward] algo = 5, workspace = 0
MIOpen(HIP): Info2 [GetInvoker] Returning an invoker for problem 64x56x56x3x3x128x28x28x32xNCHWxFP32x1x1x2x2x1x1x1xFxDefault and algorithm miopenConvolutionFwdAlgoImplicitGEMM
MIOpen(HIP): Info2 [run] kernel_name = gridwise_convolution_implicit_gemm_v4r1_nchw_kcyx_nkhw_lds_double_buffer, global_work_dim = { 50176, 1, 1 }, local_work_dim = { 256, 1, 1 }
MIOpen(HIP): miopenStatus_t miopenConvolutionForward(miopenHandle_t, const void *, const miopenTensorDescriptor_t, const void *, const miopenTensorDescriptor_t, const void *, const miopenConvolutionDescriptor_t, miopenConvFwdAlgorithm_t, const void *, const miopenTensorDescriptor_t, void *, void *, size_t){
MIOpen(HIP): 	handle = stream: 0x55ae56b65390, device_id: 0
MIOpen(HIP): 	alpha = 0x7ffc126ae664
MIOpen(HIP): 	xDesc = {32, 64, 56, 56}, {200704, 3136, 56, 1}, packed, 
MIOpen(HIP): 	x = 0x7fa048000000
MIOpen(HIP): 	wDesc = {128, 64, 3, 3}, {576, 9, 3, 1}, packed, 
MIOpen(HIP): 	w = 0x7fa047400000
MIOpen(HIP): 	convDesc = conv2d, miopenConvolution, miopenPaddingDefault, {1, 1}, {2, 2}, {1, 1}, 
MIOpen(HIP): 	algo = 5
MIOpen(HIP): 	beta = 0x7ffc126ae668
MIOpen(HIP): 	yDesc = {32, 128, 28, 28}, {100352, 784, 28, 1}, packed, 
MIOpen(HIP): 	y = 0x7fa046400000
MIOpen(HIP): 	workSpace = nullptr
MIOpen(HIP): 	workSpaceSize = 0
MIOpen(HIP): }
MIOpen(HIP): Command [LogCmdConvolution] ./bin/MIOpenDriver conv -n 32 -c 64 -H 56 -W 56 -k 128 -y 3 -x 3 -p 1 -q 1 -u 2 -v 2 -l 1 -j 1 -m conv -g 1 -F 1 -t 1
MIOpen(HIP): Info [ConvolutionForward] algo = 5, workspace = 0
MIOpen(HIP): Info2 [GetInvoker] Returning an invoker for problem 64x56x56x3x3x128x28x28x32xNCHWxFP32x1x1x2x2x1x1x1xFxDefault and algorithm miopenConvolutionFwdAlgoImplicitGEMM
MIOpen(HIP): Info2 [run] kernel_name = gridwise_convolution_implicit_gemm_v4r1_nchw_kcyx_nkhw_lds_double_buffer, global_work_dim = { 50176, 1, 1 }, local_work_dim = { 256, 1, 1 }
MIOpen(HIP): miopenStatus_t miopenConvolutionForward(miopenHandle_t, const void *, const miopenTensorDescriptor_t, const void *, const miopenTensorDescriptor_t, const void *, const miopenConvolutionDescriptor_t, miopenConvFwdAlgorithm_t, const void *, const miopenTensorDescriptor_t, void *, void *, size_t){
MIOpen(HIP): 	handle = stream: 0x55ae56b65390, device_id: 0
MIOpen(HIP): 	alpha = 0x7ffc126ae664
MIOpen(HIP): 	xDesc = {32, 64, 56, 56}, {200704, 3136, 56, 1}, packed, 
MIOpen(HIP): 	x = 0x7fa048000000
MIOpen(HIP): 	wDesc = {128, 64, 3, 3}, {576, 9, 3, 1}, packed, 
MIOpen(HIP): 	w = 0x7fa047400000
MIOpen(HIP): 	convDesc = conv2d, miopenConvolution, miopenPaddingDefault, {1, 1}, {2, 2}, {1, 1}, 
MIOpen(HIP): 	algo = 5
MIOpen(HIP): 	beta = 0x7ffc126ae668
MIOpen(HIP): 	yDesc = {32, 128, 28, 28}, {100352, 784, 28, 1}, packed, 
MIOpen(HIP): 	y = 0x7fa046400000
MIOpen(HIP): 	workSpace = nullptr
MIOpen(HIP): 	workSpaceSize = 0
MIOpen(HIP): }
MIOpen(HIP): Command [LogCmdConvolution] ./bin/MIOpenDriver conv -n 32 -c 64 -H 56 -W 56 -k 128 -y 3 -x 3 -p 1 -q 1 -u 2 -v 2 -l 1 -j 1 -m conv -g 1 -F 1 -t 1
MIOpen(HIP): Info [ConvolutionForward] algo = 5, workspace = 0
MIOpen(HIP): Info2 [GetInvoker] Returning an invoker for problem 64x56x56x3x3x128x28x28x32xNCHWxFP32x1x1x2x2x1x1x1xFxDefault and algorithm miopenConvolutionFwdAlgoImplicitGEMM
MIOpen(HIP): Info2 [run] kernel_name = gridwise_convolution_implicit_gemm_v4r1_nchw_kcyx_nkhw_lds_double_buffer, global_work_dim = { 50176, 1, 1 }, local_work_dim = { 256, 1, 1 }
MIOpen(HIP): miopenStatus_t miopenConvolutionForward(miopenHandle_t, const void *, const miopenTensorDescriptor_t, const void *, const miopenTensorDescriptor_t, const void *, const miopenConvolutionDescriptor_t, miopenConvFwdAlgorithm_t, const void *, const miopenTensorDescriptor_t, void *, void *, size_t){
MIOpen(HIP): 	handle = stream: 0x55ae56b65390, device_id: 0
MIOpen(HIP): 	alpha = 0x7ffc126ae664
MIOpen(HIP): 	xDesc = {32, 64, 56, 56}, {200704, 3136, 56, 1}, packed, 
MIOpen(HIP): 	x = 0x7fa048000000
MIOpen(HIP): 	wDesc = {128, 64, 3, 3}, {576, 9, 3, 1}, packed, 
MIOpen(HIP): 	w = 0x7fa047400000
MIOpen(HIP): 	convDesc = conv2d, miopenConvolution, miopenPaddingDefault, {1, 1}, {2, 2}, {1, 1}, 
MIOpen(HIP): 	algo = 5
MIOpen(HIP): 	beta = 0x7ffc126ae668
MIOpen(HIP): 	yDesc = {32, 128, 28, 28}, {100352, 784, 28, 1}, packed, 
MIOpen(HIP): 	y = 0x7fa046400000
MIOpen(HIP): 	workSpace = nullptr
MIOpen(HIP): 	workSpaceSize = 0
MIOpen(HIP): }
MIOpen(HIP): Command [LogCmdConvolution] ./bin/MIOpenDriver conv -n 32 -c 64 -H 56 -W 56 -k 128 -y 3 -x 3 -p 1 -q 1 -u 2 -v 2 -l 1 -j 1 -m conv -g 1 -F 1 -t 1
MIOpen(HIP): Info [ConvolutionForward] algo = 5, workspace = 0
MIOpen(HIP): Info2 [GetInvoker] Returning an invoker for problem 64x56x56x3x3x128x28x28x32xNCHWxFP32x1x1x2x2x1x1x1xFxDefault and algorithm miopenConvolutionFwdAlgoImplicitGEMM
MIOpen(HIP): Info2 [run] kernel_name = gridwise_convolution_implicit_gemm_v4r1_nchw_kcyx_nkhw_lds_double_buffer, global_work_dim = { 50176, 1, 1 }, local_work_dim = { 256, 1, 1 }
MIOpen(HIP): miopenStatus_t miopenConvolutionForward(miopenHandle_t, const void *, const miopenTensorDescriptor_t, const void *, const miopenTensorDescriptor_t, const void *, const miopenConvolutionDescriptor_t, miopenConvFwdAlgorithm_t, const void *, const miopenTensorDescriptor_t, void *, void *, size_t){
MIOpen(HIP): 	handle = stream: 0x55ae56b65390, device_id: 0
MIOpen(HIP): 	alpha = 0x7ffc126ae664
MIOpen(HIP): 	xDesc = {32, 64, 56, 56}, {200704, 3136, 56, 1}, packed, 
MIOpen(HIP): 	x = 0x7fa048000000
MIOpen(HIP): 	wDesc = {128, 64, 3, 3}, {576, 9, 3, 1}, packed, 
MIOpen(HIP): 	w = 0x7fa047400000
MIOpen(HIP): 	convDesc = conv2d, miopenConvolution, miopenPaddingDefault, {1, 1}, {2, 2}, {1, 1}, 
MIOpen(HIP): 	algo = 5
MIOpen(HIP): 	beta = 0x7ffc126ae668
MIOpen(HIP): 	yDesc = {32, 128, 28, 28}, {100352, 784, 28, 1}, packed, 
MIOpen(HIP): 	y = 0x7fa046400000
MIOpen(HIP): 	workSpace = nullptr
MIOpen(HIP): 	workSpaceSize = 0
MIOpen(HIP): }
MIOpen(HIP): Command [LogCmdConvolution] ./bin/MIOpenDriver conv -n 32 -c 64 -H 56 -W 56 -k 128 -y 3 -x 3 -p 1 -q 1 -u 2 -v 2 -l 1 -j 1 -m conv -g 1 -F 1 -t 1
MIOpen(HIP): Info [ConvolutionForward] algo = 5, workspace = 0
MIOpen(HIP): Info2 [GetInvoker] Returning an invoker for problem 64x56x56x3x3x128x28x28x32xNCHWxFP32x1x1x2x2x1x1x1xFxDefault and algorithm miopenConvolutionFwdAlgoImplicitGEMM
MIOpen(HIP): Info2 [run] kernel_name = gridwise_convolution_implicit_gemm_v4r1_nchw_kcyx_nkhw_lds_double_buffer, global_work_dim = { 50176, 1, 1 }, local_work_dim = { 256, 1, 1 }
MIOpen(HIP): miopenStatus_t miopenConvolutionForward(miopenHandle_t, const void *, const miopenTensorDescriptor_t, const void *, const miopenTensorDescriptor_t, const void *, const miopenConvolutionDescriptor_t, miopenConvFwdAlgorithm_t, const void *, const miopenTensorDescriptor_t, void *, void *, size_t){
MIOpen(HIP): 	handle = stream: 0x55ae56b65390, device_id: 0
MIOpen(HIP): 	alpha = 0x7ffc126ae664
MIOpen(HIP): 	xDesc = {32, 64, 56, 56}, {200704, 3136, 56, 1}, packed, 
MIOpen(HIP): 	x = 0x7fa048000000
MIOpen(HIP): 	wDesc = {128, 64, 3, 3}, {576, 9, 3, 1}, packed, 
MIOpen(HIP): 	w = 0x7fa047400000
MIOpen(HIP): 	convDesc = conv2d, miopenConvolution, miopenPaddingDefault, {1, 1}, {2, 2}, {1, 1}, 
MIOpen(HIP): 	algo = 5
MIOpen(HIP): 	beta = 0x7ffc126ae668
MIOpen(HIP): 	yDesc = {32, 128, 28, 28}, {100352, 784, 28, 1}, packed, 
MIOpen(HIP): 	y = 0x7fa046400000
MIOpen(HIP): 	workSpace = nullptr
MIOpen(HIP): 	workSpaceSize = 0
MIOpen(HIP): }
MIOpen(HIP): Command [LogCmdConvolution] ./bin/MIOpenDriver conv -n 32 -c 64 -H 56 -W 56 -k 128 -y 3 -x 3 -p 1 -q 1 -u 2 -v 2 -l 1 -j 1 -m conv -g 1 -F 1 -t 1
MIOpen(HIP): Info [ConvolutionForward] algo = 5, workspace = 0
MIOpen(HIP): Info2 [GetInvoker] Returning an invoker for problem 64x56x56x3x3x128x28x28x32xNCHWxFP32x1x1x2x2x1x1x1xFxDefault and algorithm miopenConvolutionFwdAlgoImplicitGEMM
MIOpen(HIP): Info2 [run] kernel_name = gridwise_convolution_implicit_gemm_v4r1_nchw_kcyx_nkhw_lds_double_buffer, global_work_dim = { 50176, 1, 1 }, local_work_dim = { 256, 1, 1 }
MIOpen(HIP): miopenStatus_t miopenConvolutionForward(miopenHandle_t, const void *, const miopenTensorDescriptor_t, const void *, const miopenTensorDescriptor_t, const void *, const miopenConvolutionDescriptor_t, miopenConvFwdAlgorithm_t, const void *, const miopenTensorDescriptor_t, void *, void *, size_t){
MIOpen(HIP): 	handle = stream: 0x55ae56b65390, device_id: 0
MIOpen(HIP): 	alpha = 0x7ffc126ae664
MIOpen(HIP): 	xDesc = {32, 64, 56, 56}, {200704, 3136, 56, 1}, packed, 
MIOpen(HIP): 	x = 0x7fa048000000
MIOpen(HIP): 	wDesc = {128, 64, 3, 3}, {576, 9, 3, 1}, packed, 
MIOpen(HIP): 	w = 0x7fa047400000
MIOpen(HIP): 	convDesc = conv2d, miopenConvolution, miopenPaddingDefault, {1, 1}, {2, 2}, {1, 1}, 
MIOpen(HIP): 	algo = 5
MIOpen(HIP): 	beta = 0x7ffc126ae668
MIOpen(HIP): 	yDesc = {32, 128, 28, 28}, {100352, 784, 28, 1}, packed, 
MIOpen(HIP): 	y = 0x7fa046400000
MIOpen(HIP): 	workSpace = nullptr
MIOpen(HIP): 	workSpaceSize = 0
MIOpen(HIP): }
MIOpen(HIP): Command [LogCmdConvolution] ./bin/MIOpenDriver conv -n 32 -c 64 -H 56 -W 56 -k 128 -y 3 -x 3 -p 1 -q 1 -u 2 -v 2 -l 1 -j 1 -m conv -g 1 -F 1 -t 1
MIOpen(HIP): Info [ConvolutionForward] algo = 5, workspace = 0
MIOpen(HIP): Info2 [GetInvoker] Returning an invoker for problem 64x56x56x3x3x128x28x28x32xNCHWxFP32x1x1x2x2x1x1x1xFxDefault and algorithm miopenConvolutionFwdAlgoImplicitGEMM
MIOpen(HIP): Info2 [run] kernel_name = gridwise_convolution_implicit_gemm_v4r1_nchw_kcyx_nkhw_lds_double_buffer, global_work_dim = { 50176, 1, 1 }, local_work_dim = { 256, 1, 1 }
MIOpen(HIP): miopenStatus_t miopenConvolutionForward(miopenHandle_t, const void *, const miopenTensorDescriptor_t, const void *, const miopenTensorDescriptor_t, const void *, const miopenConvolutionDescriptor_t, miopenConvFwdAlgorithm_t, const void *, const miopenTensorDescriptor_t, void *, void *, size_t){
MIOpen(HIP): 	handle = stream: 0x55ae56b65390, device_id: 0
MIOpen(HIP): 	alpha = 0x7ffc126ae664
MIOpen(HIP): 	xDesc = {32, 64, 56, 56}, {200704, 3136, 56, 1}, packed, 
MIOpen(HIP): 	x = 0x7fa048000000
MIOpen(HIP): 	wDesc = {128, 64, 3, 3}, {576, 9, 3, 1}, packed, 
MIOpen(HIP): 	w = 0x7fa047400000
MIOpen(HIP): 	convDesc = conv2d, miopenConvolution, miopenPaddingDefault, {1, 1}, {2, 2}, {1, 1}, 
MIOpen(HIP): 	algo = 5
MIOpen(HIP): 	beta = 0x7ffc126ae668
MIOpen(HIP): 	yDesc = {32, 128, 28, 28}, {100352, 784, 28, 1}, packed, 
MIOpen(HIP): 	y = 0x7fa046400000
MIOpen(HIP): 	workSpace = nullptr
MIOpen(HIP): 	workSpaceSize = 0
MIOpen(HIP): }
MIOpen(HIP): Command [LogCmdConvolution] ./bin/MIOpenDriver conv -n 32 -c 64 -H 56 -W 56 -k 128 -y 3 -x 3 -p 1 -q 1 -u 2 -v 2 -l 1 -j 1 -m conv -g 1 -F 1 -t 1
MIOpen(HIP): Info [ConvolutionForward] algo = 5, workspace = 0
MIOpen(HIP): Info2 [GetInvoker] Returning an invoker for problem 64x56x56x3x3x128x28x28x32xNCHWxFP32x1x1x2x2x1x1x1xFxDefault and algorithm miopenConvolutionFwdAlgoImplicitGEMM
MIOpen(HIP): Info2 [run] kernel_name = gridwise_convolution_implicit_gemm_v4r1_nchw_kcyx_nkhw_lds_double_buffer, global_work_dim = { 50176, 1, 1 }, local_work_dim = { 256, 1, 1 }
MIOpen(HIP): miopenStatus_t miopenConvolutionForward(miopenHandle_t, const void *, const miopenTensorDescriptor_t, const void *, const miopenTensorDescriptor_t, const void *, const miopenConvolutionDescriptor_t, miopenConvFwdAlgorithm_t, const void *, const miopenTensorDescriptor_t, void *, void *, size_t){
MIOpen(HIP): 	handle = stream: 0x55ae56b65390, device_id: 0
MIOpen(HIP): 	alpha = 0x7ffc126ae664
MIOpen(HIP): 	xDesc = {32, 64, 56, 56}, {200704, 3136, 56, 1}, packed, 
MIOpen(HIP): 	x = 0x7fa048000000
MIOpen(HIP): 	wDesc = {128, 64, 3, 3}, {576, 9, 3, 1}, packed, 
MIOpen(HIP): 	w = 0x7fa047400000
MIOpen(HIP): 	convDesc = conv2d, miopenConvolution, miopenPaddingDefault, {1, 1}, {2, 2}, {1, 1}, 
MIOpen(HIP): 	algo = 5
MIOpen(HIP): 	beta = 0x7ffc126ae668
MIOpen(HIP): 	yDesc = {32, 128, 28, 28}, {100352, 784, 28, 1}, packed, 
MIOpen(HIP): 	y = 0x7fa046400000
MIOpen(HIP): 	workSpace = nullptr
MIOpen(HIP): 	workSpaceSize = 0
MIOpen(HIP): }
MIOpen(HIP): Command [LogCmdConvolution] ./bin/MIOpenDriver conv -n 32 -c 64 -H 56 -W 56 -k 128 -y 3 -x 3 -p 1 -q 1 -u 2 -v 2 -l 1 -j 1 -m conv -g 1 -F 1 -t 1
MIOpen(HIP): Info [ConvolutionForward] algo = 5, workspace = 0
MIOpen(HIP): Info2 [GetInvoker] Returning an invoker for problem 64x56x56x3x3x128x28x28x32xNCHWxFP32x1x1x2x2x1x1x1xFxDefault and algorithm miopenConvolutionFwdAlgoImplicitGEMM
MIOpen(HIP): Info2 [run] kernel_name = gridwise_convolution_implicit_gemm_v4r1_nchw_kcyx_nkhw_lds_double_buffer, global_work_dim = { 50176, 1, 1 }, local_work_dim = { 256, 1, 1 }
MIOpen(HIP): miopenStatus_t miopenConvolutionForward(miopenHandle_t, const void *, const miopenTensorDescriptor_t, const void *, const miopenTensorDescriptor_t, const void *, const miopenConvolutionDescriptor_t, miopenConvFwdAlgorithm_t, const void *, const miopenTensorDescriptor_t, void *, void *, size_t){
MIOpen(HIP): 	handle = stream: 0x55ae56b65390, device_id: 0
MIOpen(HIP): 	alpha = 0x7ffc126ae664
MIOpen(HIP): 	xDesc = {32, 64, 56, 56}, {200704, 3136, 56, 1}, packed, 
MIOpen(HIP): 	x = 0x7fa048000000
MIOpen(HIP): 	wDesc = {128, 64, 3, 3}, {576, 9, 3, 1}, packed, 
MIOpen(HIP): 	w = 0x7fa047400000
MIOpen(HIP): 	convDesc = conv2d, miopenConvolution, miopenPaddingDefault, {1, 1}, {2, 2}, {1, 1}, 
MIOpen(HIP): 	algo = 5
MIOpen(HIP): 	beta = 0x7ffc126ae668
MIOpen(HIP): 	yDesc = {32, 128, 28, 28}, {100352, 784, 28, 1}, packed, 
MIOpen(HIP): 	y = 0x7fa046400000
MIOpen(HIP): 	workSpace = nullptr
MIOpen(HIP): 	workSpaceSize = 0
MIOpen(HIP): }
MIOpen(HIP): Command [LogCmdConvolution] ./bin/MIOpenDriver conv -n 32 -c 64 -H 56 -W 56 -k 128 -y 3 -x 3 -p 1 -q 1 -u 2 -v 2 -l 1 -j 1 -m conv -g 1 -F 1 -t 1
MIOpen(HIP): Info [ConvolutionForward] algo = 5, workspace = 0
MIOpen(HIP): Info2 [GetInvoker] Returning an invoker for problem 64x56x56x3x3x128x28x28x32xNCHWxFP32x1x1x2x2x1x1x1xFxDefault and algorithm miopenConvolutionFwdAlgoImplicitGEMM
MIOpen(HIP): Info2 [run] kernel_name = gridwise_convolution_implicit_gemm_v4r1_nchw_kcyx_nkhw_lds_double_buffer, global_work_dim = { 50176, 1, 1 }, local_work_dim = { 256, 1, 1 }
MIOpen Forward Conv. Algorithm: 5, Solution: 26/ConvHipImplicitGemmV4R1Fwd
GPU Kernel Time Forward Conv. Elapsed: 1.086640 ms (average)
stats: name, n, c, ho, wo, y, x, k, flopCnt, bytesRead, bytesWritten, GFLOPs, GB/s, timeMs
stats: fwd-conv3x3u2, 32, 64, 28, 28, 3, 3, 128, 3699376128, 25985024, 12845056, 3404, 36, 1.086640
Forward Convolution Verifies OK on GPU reference (9.73955e-08 < 1.5e-05)
MIOpen(HIP): miopenStatus_t miopenDestroyTensorDescriptor(miopenTensorDescriptor_t){
MIOpen(HIP): 	tensorDesc = {}, {}, packed, 
MIOpen(HIP): }
MIOpen(HIP): miopenStatus_t miopenDestroyTensorDescriptor(miopenTensorDescriptor_t){
MIOpen(HIP): 	tensorDesc = {32, 128, 28, 28}, {100352, 784, 28, 1}, packed, 
MIOpen(HIP): }
MIOpen(HIP): miopenStatus_t miopenDestroyTensorDescriptor(miopenTensorDescriptor_t){
MIOpen(HIP): 	tensorDesc = {128, 64, 3, 3}, {576, 9, 3, 1}, packed, 
MIOpen(HIP): }
MIOpen(HIP): miopenStatus_t miopenDestroyTensorDescriptor(miopenTensorDescriptor_t){
MIOpen(HIP): 	tensorDesc = {32, 64, 56, 56}, {200704, 3136, 56, 1}, packed, 
MIOpen(HIP): }
MIOpen(HIP): miopenStatus_t miopenDestroyTensorDescriptor(miopenTensorDescriptor_t){
MIOpen(HIP): 	tensorDesc = {}, {}, packed, 
MIOpen(HIP): }
MIOpen(HIP): miopenStatus_t miopenDestroyTensorDescriptor(miopenTensorDescriptor_t){
MIOpen(HIP): 	tensorDesc = {}, {}, packed, 
MIOpen(HIP): }
MIOpen(HIP): miopenStatus_t miopenDestroyConvolutionDescriptor(miopenConvolutionDescriptor_t){
MIOpen(HIP): 	convDesc = conv2d, miopenConvolution, miopenPaddingDefault, {1, 1}, {2, 2}, {1, 1}, 
MIOpen(HIP): }
MIOpen(HIP): miopenStatus_t miopenDestroyTensorDescriptor(miopenTensorDescriptor_t){
MIOpen(HIP): 	tensorDesc = {}, {}, packed, 
MIOpen(HIP): }
MIOpen(HIP): miopenStatus_t miopenDestroyTensorDescriptor(miopenTensorDescriptor_t){
MIOpen(HIP): 	tensorDesc = {}, {}, packed, 
MIOpen(HIP): }
MIOpen(HIP): miopenStatus_t miopenDestroyTensorDescriptor(miopenTensorDescriptor_t){
MIOpen(HIP): 	tensorDesc = {}, {}, packed, 
MIOpen(HIP): }
MIOpen(HIP): miopenStatus_t miopenDestroyConvolutionDescriptor(miopenConvolutionDescriptor_t){
MIOpen(HIP): 	convDesc = conv2d, miopenConvolution, miopenPaddingDefault, {0, 0}, {1, 1}, {1, 1}, 
MIOpen(HIP): }
MIOpen(HIP): MIOpenDriver Info2 [~GPUMem] hipFree 12845056 at 0x7fa046400000 Ok
MIOpen(HIP): MIOpenDriver Info2 [~GPUMem] hipFree 294912 at 0x7fa047400000 Ok
MIOpen(HIP): MIOpenDriver Info2 [~GPUMem] hipFree 25690112 at 0x7fa048000000 Ok
