MIOpenDriver conv -n 32 -c 64 -H 56 -W 56 -k 64 -y 1 -x 1 -p 0 -q 0 -u 1 -v 1 -F 1 -t 1
MIOpen(HIP): Info [get_device_name] Raw device name: gfx900:xnack-
MIOpen(HIP): Info [Handle] stream: 0x55fe9c346390, device_id: 0
MIOpen(HIP): miopenStatus_t miopenCreateTensorDescriptor(miopenTensorDescriptor_t *){
MIOpen(HIP): 	tensorDesc = 0
MIOpen(HIP): }
MIOpen(HIP): miopenStatus_t miopenCreateTensorDescriptor(miopenTensorDescriptor_t *){
MIOpen(HIP): 	tensorDesc = 0
MIOpen(HIP): }
MIOpen(HIP): miopenStatus_t miopenCreateTensorDescriptor(miopenTensorDescriptor_t *){
MIOpen(HIP): 	tensorDesc = 0
MIOpen(HIP): }
MIOpen(HIP): miopenStatus_t miopenCreateTensorDescriptor(miopenTensorDescriptor_t *){
MIOpen(HIP): 	tensorDesc = 0
MIOpen(HIP): }
MIOpen(HIP): miopenStatus_t miopenCreateTensorDescriptor(miopenTensorDescriptor_t *){
MIOpen(HIP): 	tensorDesc = 0
MIOpen(HIP): }
MIOpen(HIP): miopenStatus_t miopenCreateTensorDescriptor(miopenTensorDescriptor_t *){
MIOpen(HIP): 	tensorDesc = 0
MIOpen(HIP): }
MIOpen(HIP): miopenStatus_t miopenCreateConvolutionDescriptor(miopenConvolutionDescriptor_t *){
MIOpen(HIP): 	convDesc = 0
MIOpen(HIP): }
MIOpen(HIP): Info [] MIOPEN_FIND_MODE = DYNAMIC_HYBRID(5)
MIOpen(HIP): miopenStatus_t miopenSetTensorDescriptorV2(miopenTensorDescriptor_t, miopenDataType_t, int, const size_t *, const size_t *){
MIOpen(HIP): 	tensorDesc = {}, {}, packed, 
MIOpen(HIP): 	dataType = 1
MIOpen(HIP): 	nbDims = 4
MIOpen(HIP): 	dim.values = { 32 64 56 56 }
MIOpen(HIP): 	stride.values = { 200704 3136 56 1 }
MIOpen(HIP): }
MIOpen(HIP): miopenStatus_t miopenSetTensorDescriptorV2(miopenTensorDescriptor_t, miopenDataType_t, int, const size_t *, const size_t *){
MIOpen(HIP): 	tensorDesc = {}, {}, packed, 
MIOpen(HIP): 	dataType = 1
MIOpen(HIP): 	nbDims = 4
MIOpen(HIP): 	dim.values = { 64 64 1 1 }
MIOpen(HIP): 	stride.values = { 64 1 1 1 }
MIOpen(HIP): }
MIOpen(HIP): miopenStatus_t miopenInitConvolutionNdDescriptor(miopenConvolutionDescriptor_t, int, const int *, const int *, const int *, miopenConvolutionMode_t){
MIOpen(HIP): 	convDesc = conv2d, miopenConvolution, miopenPaddingDefault, {0, 0}, {1, 1}, {1, 1}, 
MIOpen(HIP): 	spatialDim = 2
MIOpen(HIP): 	pads = { 0 0 }
MIOpen(HIP): 	strides = { 1 1 }
MIOpen(HIP): 	dilations = { 1 1 }
MIOpen(HIP): 	c_mode = 0
MIOpen(HIP): }
MIOpen(HIP): miopenStatus_t miopenSetConvolutionGroupCount(miopenConvolutionDescriptor_t, int){
MIOpen(HIP): 	convDesc = conv2d, miopenConvolution, miopenPaddingDefault, {0, 0}, {1, 1}, {1, 1}, 
MIOpen(HIP): 	groupCount = 1
MIOpen(HIP): }
MIOpen(HIP): miopenStatus_t miopenGetConvolutionNdForwardOutputDim(miopenConvolutionDescriptor_t, const miopenTensorDescriptor_t, const miopenTensorDescriptor_t, int *, int *){
MIOpen(HIP): 	convDesc = conv2d, miopenConvolution, miopenPaddingDefault, {0, 0}, {1, 1}, {1, 1}, 
MIOpen(HIP): 	inputTensorDesc = {32, 64, 56, 56}, {200704, 3136, 56, 1}, packed, 
MIOpen(HIP): 	filterDesc = {64, 64, 1, 1}, {64, 1, 1, 1}, packed, 
MIOpen(HIP): }
MIOpen(HIP): miopenStatus_t miopenSetTensorDescriptorV2(miopenTensorDescriptor_t, miopenDataType_t, int, const size_t *, const size_t *){
MIOpen(HIP): 	tensorDesc = {}, {}, packed, 
MIOpen(HIP): 	dataType = 1
MIOpen(HIP): 	nbDims = 4
MIOpen(HIP): 	dim.values = { 32 64 56 56 }
MIOpen(HIP): 	stride.values = { 200704 3136 56 1 }
MIOpen(HIP): }
MIOpen(HIP): miopenStatus_t miopenGetTensorDescriptorSize(miopenTensorDescriptor_t, int *){
MIOpen(HIP): 	tensorDesc = {32, 64, 56, 56}, {200704, 3136, 56, 1}, packed, 
MIOpen(HIP): }
MIOpen(HIP): miopenStatus_t miopenGet4dTensorDescriptorLengths(miopenTensorDescriptor_t, int *, int *, int *, int *){
MIOpen(HIP): 	tensorDesc = {32, 64, 56, 56}, {200704, 3136, 56, 1}, packed, 
MIOpen(HIP): 	n = 1601467759
MIOpen(HIP): 	c = 1953718627
MIOpen(HIP): 	h = 1887007839
MIOpen(HIP): 	w = 655461
MIOpen(HIP): }
MIOpen(HIP): miopenStatus_t miopenGetTensorDescriptorSize(miopenTensorDescriptor_t, int *){
MIOpen(HIP): 	tensorDesc = {32, 64, 56, 56}, {200704, 3136, 56, 1}, packed, 
MIOpen(HIP): }
MIOpen(HIP): miopenStatus_t miopenGetNdTensorDescriptorVectorLength(miopenTensorDescriptor_t, std::size_t *){
MIOpen(HIP): 	tensorDesc = {32, 64, 56, 56}, {200704, 3136, 56, 1}, packed, 
MIOpen(HIP): 	vectorLength = 140735210560616
MIOpen(HIP): }
MIOpen(HIP): miopenStatus_t miopenGetTensorDescriptorSize(miopenTensorDescriptor_t, int *){
MIOpen(HIP): 	tensorDesc = {64, 64, 1, 1}, {64, 1, 1, 1}, packed, 
MIOpen(HIP): }
MIOpen(HIP): miopenStatus_t miopenGet4dTensorDescriptorLengths(miopenTensorDescriptor_t, int *, int *, int *, int *){
MIOpen(HIP): 	tensorDesc = {64, 64, 1, 1}, {64, 1, 1, 1}, packed, 
MIOpen(HIP): 	n = 2137563992
MIOpen(HIP): 	c = 32651
MIOpen(HIP): 	h = 56
MIOpen(HIP): 	w = 56
MIOpen(HIP): }
MIOpen(HIP): miopenStatus_t miopenGetTensorDescriptorSize(miopenTensorDescriptor_t, int *){
MIOpen(HIP): 	tensorDesc = {64, 64, 1, 1}, {64, 1, 1, 1}, packed, 
MIOpen(HIP): }
MIOpen(HIP): miopenStatus_t miopenGetNdTensorDescriptorVectorLength(miopenTensorDescriptor_t, std::size_t *){
MIOpen(HIP): 	tensorDesc = {64, 64, 1, 1}, {64, 1, 1, 1}, packed, 
MIOpen(HIP): 	vectorLength = 1
MIOpen(HIP): }
MIOpen(HIP): miopenStatus_t miopenGetTensorDescriptorSize(miopenTensorDescriptor_t, int *){
MIOpen(HIP): 	tensorDesc = {32, 64, 56, 56}, {200704, 3136, 56, 1}, packed, 
MIOpen(HIP): }
MIOpen(HIP): miopenStatus_t miopenGet4dTensorDescriptorLengths(miopenTensorDescriptor_t, int *, int *, int *, int *){
MIOpen(HIP): 	tensorDesc = {32, 64, 56, 56}, {200704, 3136, 56, 1}, packed, 
MIOpen(HIP): 	n = 2137563992
MIOpen(HIP): 	c = 32651
MIOpen(HIP): 	h = 1
MIOpen(HIP): 	w = 1
MIOpen(HIP): }
MIOpen(HIP): miopenStatus_t miopenGetTensorDescriptorSize(miopenTensorDescriptor_t, int *){
MIOpen(HIP): 	tensorDesc = {32, 64, 56, 56}, {200704, 3136, 56, 1}, packed, 
MIOpen(HIP): }
MIOpen(HIP): miopenStatus_t miopenGetNdTensorDescriptorVectorLength(miopenTensorDescriptor_t, std::size_t *){
MIOpen(HIP): 	tensorDesc = {32, 64, 56, 56}, {200704, 3136, 56, 1}, packed, 
MIOpen(HIP): 	vectorLength = 1
MIOpen(HIP): }
MIOpen(HIP): miopenStatus_t miopenConvolutionForwardGetWorkSpaceSize(miopenHandle_t, const miopenTensorDescriptor_t, const miopenTensorDescriptor_t, const miopenConvolutionDescriptor_t, const miopenTensorDescriptor_t, size_t *){
MIOpen(HIP): 	handle = stream: 0x55fe9c346390, device_id: 0
MIOpen(HIP): 	wDesc = {64, 64, 1, 1}, {64, 1, 1, 1}, packed, 
MIOpen(HIP): 	xDesc = {32, 64, 56, 56}, {200704, 3136, 56, 1}, packed, 
MIOpen(HIP): 	convDesc = conv2d, miopenConvolution, miopenPaddingDefault, {0, 0}, {1, 1}, {1, 1}, 
MIOpen(HIP): 	yDesc = {32, 64, 56, 56}, {200704, 3136, 56, 1}, packed, 
MIOpen(HIP): }
MIOpen(HIP): Info [AmdRocmMetadataVersionDetect] ROCm MD version AMDHSA_COv3, HIP version 7.2.26043, MIOpen version 3.5.1.5b515cf1bca-dirty
MIOpen(HIP): Info2 [GetWorkSpaceSize] 
MIOpen(HIP): Info [GetSolutions] 
MIOpen(HIP): Info [IsNetworkedFilesystem] Filesystem type at '"/home/limonene/.config/miopen/"' is: 0x9123683e '<Unknown magic>'
MIOpen(HIP): Info2 [GetLibPath] Lib Path: "/opt/rocm/lib/libMIOpen.so.1.0"
MIOpen(HIP): Info2 [GetInstalledPathFile] Found exact find database file: "/opt/rocm/share/miopen/db/gfx900_64.HIP.fdb.txt"
MIOpen(HIP): Info [Measure] ReadonlyRamDb::Prefetch time: 35.6928 ms
MIOpen(HIP): Info2 [timed_lock] Attempting Lock < /home/limonene/.config/miopen/miopen-lockfiles/gfx900_64.HIP.3_5_1_5b515cf1bca-dirty.ufdb.txt.lock.fslock
MIOpen(HIP): Info2 [timed_lock] Lock < /home/limonene/.config/miopen/miopen-lockfiles/gfx900_64.HIP.3_5_1_5b515cf1bca-dirty.ufdb.txt.lock.fslock
MIOpen(HIP): Info [Measure] RamDb::Prefetch time: 0.011442 ms
MIOpen(HIP): Info2 [unlock] Unlock < /home/limonene/.config/miopen/miopen-lockfiles/gfx900_64.HIP.3_5_1_5b515cf1bca-dirty.ufdb.txt.lock.fslock
MIOpen(HIP): Info2 [refresh_lock] Lock Refresh Active < /home/limonene/.config/miopen/miopen-lockfiles/gfx900_64.HIP.3_5_1_5b515cf1bca-dirty.ufdb.txt.lock.fslock.abyss-hbmx.535947
MIOpen(HIP): Info2 [refresh_lock] Lock Refresh Exit < /home/limonene/.config/miopen/miopen-lockfiles/gfx900_64.HIP.3_5_1_5b515cf1bca-dirty.ufdb.txt.lock.fslock.abyss-hbmx.535947
MIOpen(HIP): Info2 [timed_lock] Attempting Lock < /home/limonene/.config/miopen/miopen-lockfiles/gfx900_64.HIP.3_5_1_5b515cf1bca-dirty.ufdb.txt.lock.fslock
MIOpen(HIP): Info2 [timed_lock] Lock < /home/limonene/.config/miopen/miopen-lockfiles/gfx900_64.HIP.3_5_1_5b515cf1bca-dirty.ufdb.txt.lock.fslock
MIOpen(HIP): Info2 [ValidateUnsafe] DB file is older than cache: 557857895128106, 558062572187282
MIOpen(HIP): Info2 [FindRecordUnsafe] Looking for key 64-56-56-1x1-64-56-56-32-0x0-1x1-1x1-0-NCHW-FP32-F in cache for file "/home/limonene/.config/miopen/gfx900_64.HIP.3_5_1_5b515cf1bca-dirty.ufdb.txt"
MIOpen(HIP): Info2 [unlock] Unlock < /home/limonene/.config/miopen/miopen-lockfiles/gfx900_64.HIP.3_5_1_5b515cf1bca-dirty.ufdb.txt.lock.fslock
MIOpen(HIP): Info2 [refresh_lock] Lock Refresh Active < /home/limonene/.config/miopen/miopen-lockfiles/gfx900_64.HIP.3_5_1_5b515cf1bca-dirty.ufdb.txt.lock.fslock.abyss-hbmx.535947
MIOpen(HIP): Info2 [refresh_lock] Lock Refresh Exit < /home/limonene/.config/miopen/miopen-lockfiles/gfx900_64.HIP.3_5_1_5b515cf1bca-dirty.ufdb.txt.lock.fslock.abyss-hbmx.535947
MIOpen(HIP): Info2 [FindRecord] Looking for key 64-56-56-1x1-64-56-56-32-0x0-1x1-1x1-0-NCHW-FP32-F in file "/opt/rocm/share/miopen/db/gfx900_64.HIP.fdb.txt"
MIOpen(HIP): Info2 [FindRecord] Key match: 64-56-56-1x1-64-56-56-32-0x0-1x1-1x1-0-NCHW-FP32-F
MIOpen(HIP): Info2 [FindRecord] Contents found: miopenConvolutionFwdAlgoDirect:ConvAsm1x1U,0.178431,0,miopenConvolutionFwdAlgoDirect,<unused>;miopenConvolutionFwdAlgoImplicitGEMM:ConvHipImplicitGemmV4R1Fwd,0.214272,0,miopenConvolutionFwdAlgoImplicitGEMM,<unused>;miopenConvolutionFwdAlgoWinograd:ConvBinWinogradRxSf3x2,0.429512,0,miopenConvolutionFwdAlgoWinograd,<unused>;miopenConvolutionFwdAlgoGEMM:GemmFwd1x1_0_1,4.11227,0,rocBlas,<unused>
MIOpen(HIP): Info2 [Measure] Db::FindRecord time: 0.171488 ms
MIOpen(HIP): Info2 [GetSolutions] ConvAsm1x1U
MIOpen(HIP): Info [GetWorkSpaceSize] 0
PRNG seed: 12345678
MIOpen(HIP): MIOpenDriver Info2 [GPUMem] hipMalloc 25690112 at 0x7f8a44200000 Ok
MIOpen(HIP): MIOpenDriver Info2 [GPUMem] hipMalloc 16384 at 0x7f8b5c200000 Ok
MIOpen(HIP): MIOpenDriver Info2 [GPUMem] hipMalloc 25690112 at 0x7f8a41e00000 Ok
Timestamp: 2026-03-13 02:01:05 UTC; Host Name: abyss-hbmx; Operating System: Linux 6.18.16-1-lts; ROCm: 7.2.26043; MIOpen Driver: 3.5.1; CPU Vendor: AMD; CPU Model: 1 x Ryzen Threadripper; RAM Size: 62 GB; GPU Model: 1 x AMD Radeon RX Vega; AMDGPU Driver: 0.0.0
MIOpen(HIP): MIOpenDriver Info2 [DebugPrintWorkspaceDev] ptr=0 size=0
MIOpen(HIP): miopenStatus_t miopenFindConvolutionForwardAlgorithm(miopenHandle_t, const miopenTensorDescriptor_t, const void *, const miopenTensorDescriptor_t, const void *, const miopenConvolutionDescriptor_t, const miopenTensorDescriptor_t, void *, const int, int *, miopenConvAlgoPerf_t *, void *, size_t, bool){
MIOpen(HIP): 	handle = stream: 0x55fe9c346390, device_id: 0
MIOpen(HIP): 	xDesc = {32, 64, 56, 56}, {200704, 3136, 56, 1}, packed, 
MIOpen(HIP): 	x = 0x7f8a44200000
MIOpen(HIP): 	wDesc = {64, 64, 1, 1}, {64, 1, 1, 1}, packed, 
MIOpen(HIP): 	w = 0x7f8b5c200000
MIOpen(HIP): 	convDesc = conv2d, miopenConvolution, miopenPaddingDefault, {0, 0}, {1, 1}, {1, 1}, 
MIOpen(HIP): 	yDesc = {32, 64, 56, 56}, {200704, 3136, 56, 1}, packed, 
MIOpen(HIP): 	y = 0x7f8a41e00000
MIOpen(HIP): 	requestAlgoCount = 2
MIOpen(HIP): 	returnedAlgoCount = 32767
MIOpen(HIP): 	perfResults = 
MIOpen(HIP): 	workSpace = nullptr
MIOpen(HIP): 	workSpaceSize = 0
MIOpen(HIP): 	exhaustiveSearch = 0
MIOpen(HIP): }
MIOpen(HIP): Command [LogCmdFindConvolution] ./bin/MIOpenDriver conv -n 32 -c 64 -H 56 -W 56 -k 64 -y 1 -x 1 -p 0 -q 0 -u 1 -v 1 -l 1 -j 1 -m conv -g 1 -F 1 -t 1
MIOpen(HIP): Info [FindConvFwdAlgorithm] requestAlgoCount = 2, workspace = 0
MIOpen(HIP): Info [GetSolutions] 
MIOpen(HIP): Info2 [timed_lock] Attempting Lock < /home/limonene/.config/miopen/miopen-lockfiles/gfx900_64.HIP.3_5_1_5b515cf1bca-dirty.ufdb.txt.lock.fslock
MIOpen(HIP): Info2 [timed_lock] Lock < /home/limonene/.config/miopen/miopen-lockfiles/gfx900_64.HIP.3_5_1_5b515cf1bca-dirty.ufdb.txt.lock.fslock
MIOpen(HIP): Info2 [refresh_lock] Lock Refresh Active < /home/limonene/.config/miopen/miopen-lockfiles/gfx900_64.HIP.3_5_1_5b515cf1bca-dirty.ufdb.txt.lock.fslock.abyss-hbmx.535947
MIOpen(HIP): Info2 [ValidateUnsafe] DB file is older than cache: 557857895128106, 558062572187282
MIOpen(HIP): Info2 [FindRecordUnsafe] Looking for key 64-56-56-1x1-64-56-56-32-0x0-1x1-1x1-0-NCHW-FP32-F in cache for file "/home/limonene/.config/miopen/gfx900_64.HIP.3_5_1_5b515cf1bca-dirty.ufdb.txt"
MIOpen(HIP): Info2 [unlock] Unlock < /home/limonene/.config/miopen/miopen-lockfiles/gfx900_64.HIP.3_5_1_5b515cf1bca-dirty.ufdb.txt.lock.fslock
MIOpen(HIP): Info2 [refresh_lock] Lock Refresh Exit < /home/limonene/.config/miopen/miopen-lockfiles/gfx900_64.HIP.3_5_1_5b515cf1bca-dirty.ufdb.txt.lock.fslock.abyss-hbmx.535947
MIOpen(HIP): Info2 [FindRecord] Looking for key 64-56-56-1x1-64-56-56-32-0x0-1x1-1x1-0-NCHW-FP32-F in file "/opt/rocm/share/miopen/db/gfx900_64.HIP.fdb.txt"
MIOpen(HIP): Info2 [FindRecord] Key match: 64-56-56-1x1-64-56-56-32-0x0-1x1-1x1-0-NCHW-FP32-F
MIOpen(HIP): Info2 [FindRecord] Contents found: miopenConvolutionFwdAlgoDirect:ConvAsm1x1U,0.178431,0,miopenConvolutionFwdAlgoDirect,<unused>;miopenConvolutionFwdAlgoImplicitGEMM:ConvHipImplicitGemmV4R1Fwd,0.214272,0,miopenConvolutionFwdAlgoImplicitGEMM,<unused>;miopenConvolutionFwdAlgoWinograd:ConvBinWinogradRxSf3x2,0.429512,0,miopenConvolutionFwdAlgoWinograd,<unused>;miopenConvolutionFwdAlgoGEMM:GemmFwd1x1_0_1,4.11227,0,rocBlas,<unused>
MIOpen(HIP): Info2 [Measure] Db::FindRecord time: 0.231162 ms
MIOpen(HIP): Info2 [GetSolutions] ConvAsm1x1U
MIOpen(HIP): Info2 [GetInvoker] Returning an invoker for problem 64x56x56x1x1x64x56x56x32xNCHWxFP32x0x0x1x1x1x1x1xFxDefault and solver ConvAsm1x1U
MIOpen(HIP): Info [FindSolutionImpl] ConvAsm1x1U
MIOpen(HIP): Info2 [GetPerfDbPathFile] inexact perf database search
MIOpen(HIP): Info2 [GetPerfDbPathFile] Iterating over perf db directory "/opt/rocm/share/miopen/db"
MIOpen(HIP): Info [Measure] ReadonlyRamDb::Prefetch time: 4e-05 ms
MIOpen(HIP): Info2 [timed_lock] Attempting Lock < /home/limonene/.config/miopen/miopen-lockfiles/gfx900_64.HIP.3_5_1_5b515cf1bca-dirty.udb.txt.lock.fslock
MIOpen(HIP): Info2 [timed_lock] Lock < /home/limonene/.config/miopen/miopen-lockfiles/gfx900_64.HIP.3_5_1_5b515cf1bca-dirty.udb.txt.lock.fslock
MIOpen(HIP): Info [Prefetch] File is unreadable: "/home/limonene/.config/miopen/gfx900_64.HIP.3_5_1_5b515cf1bca-dirty.udb.txt"
MIOpen(HIP): Info [Measure] RamDb::Prefetch time: 0.00536 ms
MIOpen(HIP): Info2 [unlock] Unlock < /home/limonene/.config/miopen/miopen-lockfiles/gfx900_64.HIP.3_5_1_5b515cf1bca-dirty.udb.txt.lock.fslock
MIOpen(HIP): Info2 [refresh_lock] Lock Refresh Active < /home/limonene/.config/miopen/miopen-lockfiles/gfx900_64.HIP.3_5_1_5b515cf1bca-dirty.udb.txt.lock.fslock.abyss-hbmx.535947
MIOpen(HIP): Info2 [refresh_lock] Lock Refresh Exit < /home/limonene/.config/miopen/miopen-lockfiles/gfx900_64.HIP.3_5_1_5b515cf1bca-dirty.udb.txt.lock.fslock.abyss-hbmx.535947
MIOpen(HIP): Info2 [timed_lock] Attempting Lock < /home/limonene/.config/miopen/miopen-lockfiles/gfx900_64.HIP.3_5_1_5b515cf1bca-dirty.udb.txt.lock.fslock
MIOpen(HIP): Info2 [timed_lock] Lock < /home/limonene/.config/miopen/miopen-lockfiles/gfx900_64.HIP.3_5_1_5b515cf1bca-dirty.udb.txt.lock.fslock
MIOpen(HIP): Info2 [FindRecordUnsafe] Looking for key 2x64x56x56x1x1x1x1x64x32x0x0x0x1x1x0x1x1x0x0x1xNCHWxFP32xF in cache for file "/home/limonene/.config/miopen/gfx900_64.HIP.3_5_1_5b515cf1bca-dirty.udb.txt"
MIOpen(HIP): Info2 [unlock] Unlock < /home/limonene/.config/miopen/miopen-lockfiles/gfx900_64.HIP.3_5_1_5b515cf1bca-dirty.udb.txt.lock.fslock
MIOpen(HIP): Info2 [refresh_lock] Lock Refresh Active < /home/limonene/.config/miopen/miopen-lockfiles/gfx900_64.HIP.3_5_1_5b515cf1bca-dirty.udb.txt.lock.fslock.abyss-hbmx.535947
MIOpen(HIP): Info2 [refresh_lock] Lock Refresh Exit < /home/limonene/.config/miopen/miopen-lockfiles/gfx900_64.HIP.3_5_1_5b515cf1bca-dirty.udb.txt.lock.fslock.abyss-hbmx.535947
MIOpen(HIP): Info2 [FindRecord] Looking for key 2x64x56x56x1x1x1x1x64x32x0x0x0x1x1x0x1x1x0x0x1xNCHWxFP32xF in file ""
MIOpen(HIP): Info2 [Measure] Db::Load time: 0.321485 ms
MIOpen(HIP): Info [FindSolutionImpl] Perf Db: record not found for: ConvAsm1x1U
MIOpen(HIP): Info [HeuristicInit] 4,16,4,16,2,1,1,1
MIOpen(HIP): Info [GetDefaultPerformanceConfig] 4,16,4,16,2,1,1,1
MIOpen(HIP): Info2 [PrepareInvoker] Preparing kernel: miopenGcnAsmConv1x1U
MIOpen(HIP): Info [IsNetworkedFilesystem] Filesystem type at '"/home/limonene/.cache/miopen/3.5.1.5b515cf1bca-dirty"' is: 0x9123683e '<Unknown magic>'
MIOpen(HIP): Info2 [SQLiteBase] Initializing system database file ""
MIOpen(HIP): Info [KernDb] database not present
MIOpen(HIP): Info2 [SQLiteBase] Initializing user database file "/home/limonene/.cache/miopen/3.5.1.5b515cf1bca-dirty/gfx900_64.ukdb"
MIOpen(HIP): Info2 [KernDb] Database created successfully
MIOpen(HIP): Info2 [LoadBinary] Loading binary for: "conv1x1u.s.o"; args:  -Wa,-defsym,stride_h=1 -Wa,-defsym,stride_w=1 -Wa,-defsym,img_h=56 -Wa,-defsym,img_w=56 -Wa,-defsym,batch_size=32 -Wa,-defsym,input_channels=64 -Wa,-defsym,output_channels=64 -Wa,-defsym,wei_h=1 -Wa,-defsym,wei_w=1 -Wa,-defsym,pad_h=0 -Wa,-defsym,pad_w=0 -Wa,-defsym,weights_layout=0 -Wa,-defsym,vec_c_in=1 -Wa,-defsym,vec_k_out=1 -Wa,-defsym,vec_c_filter=1 -Wa,-defsym,acc_type=1 -Wa,-defsym,buf_type=1 -Wa,-defsym,input_n_stride=802816 -Wa,-defsym,input_c_stride=12544 -Wa,-defsym,input_h_stride=224 -Wa,-defsym,input_w_stride=4 -Wa,-defsym,output_n_stride=802816 -Wa,-defsym,output_k_stride=12544 -Wa,-defsym,output_h_stride=224 -Wa,-defsym,output_w_stride=4 -Wa,-defsym,filter_k_stride=256 -Wa,-defsym,filter_c_stride=4 -Wa,-defsym,filter_h_stride=4 -Wa,-defsym,filter_w_stride=4 -Wa,-defsym,input_buffer_size=25690112 -Wa,-defsym,filter_buffer_size=16384 -Wa,-defsym,output_buffer_size=25690112 -Wa,-defsym,ROCM_METADATA_VERSION=5 -Wa,-defsym,read_size=4 -Wa,-defsym,k_mult=16 -Wa,-defsym,chunks_per_wave=4 -Wa,-defsym,chunk_size=16 -Wa,-defsym,n_mult=2 -Wa,-defsym,c_mult=1 -Wa,-defsym,waves_c_in_group=1 -Wa,-defsym,waves_k_in_group=1 -mcpu=gfx900
MIOpen(HIP): Info2 [Prepare] SELECT kernel_blob, kernel_hash, uncompressed_size FROM kern_db WHERE (kernel_name = 'conv1x1u.s.o') AND (kernel_args = ' -Wa,-defsym,stride_h=1 -Wa,-defsym,stride_w=1 -Wa,-defsym,img_h=56 -Wa,-defsym,img_w=56 -Wa,-defsym,batch_size=32 -Wa,-defsym,input_channels=64 -Wa,-defsym,output_channels=64 -Wa,-defsym,wei_h=1 -Wa,-defsym,wei_w=1 -Wa,-defsym,pad_h=0 -Wa,-defsym,pad_w=0 -Wa,-defsym,weights_layout=0 -Wa,-defsym,vec_c_in=1 -Wa,-defsym,vec_k_out=1 -Wa,-defsym,vec_c_filter=1 -Wa,-defsym,acc_type=1 -Wa,-defsym,buf_type=1 -Wa,-defsym,input_n_stride=802816 -Wa,-defsym,input_c_stride=12544 -Wa,-defsym,input_h_stride=224 -Wa,-defsym,input_w_stride=4 -Wa,-defsym,output_n_stride=802816 -Wa,-defsym,output_k_stride=12544 -Wa,-defsym,output_h_stride=224 -Wa,-defsym,output_w_stride=4 -Wa,-defsym,filter_k_stride=256 -Wa,-defsym,filter_c_stride=4 -Wa,-defsym,filter_h_stride=4 -Wa,-defsym,filter_w_stride=4 -Wa,-defsym,input_buffer_size=25690112 -Wa,-defsym,filter_buffer_size=16384 -Wa,-defsym,output_buffer_size=25690112 -Wa,-defsym,ROCM_METADATA_VERSION=5 -Wa,-defsym,read_size=4 -Wa,-defsym,k_mult=16 -Wa,-defsym,chunks_per_wave=4 -Wa,-defsym,chunk_size=16 -Wa,-defsym,n_mult=2 -Wa,-defsym,c_mult=1 -Wa,-defsym,waves_c_in_group=1 -Wa,-defsym,waves_k_in_group=1 -mcpu=gfx900');
MIOpen(HIP): Info2 [Measure] Db::FindRecord time: 0.028264 ms
MIOpen(HIP): Info2 [LoadBinary] Unable to load binary for: "conv1x1u.s.o"; args:  -Wa,-defsym,stride_h=1 -Wa,-defsym,stride_w=1 -Wa,-defsym,img_h=56 -Wa,-defsym,img_w=56 -Wa,-defsym,batch_size=32 -Wa,-defsym,input_channels=64 -Wa,-defsym,output_channels=64 -Wa,-defsym,wei_h=1 -Wa,-defsym,wei_w=1 -Wa,-defsym,pad_h=0 -Wa,-defsym,pad_w=0 -Wa,-defsym,weights_layout=0 -Wa,-defsym,vec_c_in=1 -Wa,-defsym,vec_k_out=1 -Wa,-defsym,vec_c_filter=1 -Wa,-defsym,acc_type=1 -Wa,-defsym,buf_type=1 -Wa,-defsym,input_n_stride=802816 -Wa,-defsym,input_c_stride=12544 -Wa,-defsym,input_h_stride=224 -Wa,-defsym,input_w_stride=4 -Wa,-defsym,output_n_stride=802816 -Wa,-defsym,output_k_stride=12544 -Wa,-defsym,output_h_stride=224 -Wa,-defsym,output_w_stride=4 -Wa,-defsym,filter_k_stride=256 -Wa,-defsym,filter_c_stride=4 -Wa,-defsym,filter_h_stride=4 -Wa,-defsym,filter_w_stride=4 -Wa,-defsym,input_buffer_size=25690112 -Wa,-defsym,filter_buffer_size=16384 -Wa,-defsym,output_buffer_size=25690112 -Wa,-defsym,ROCM_METADATA_VERSION=5 -Wa,-defsym,read_size=4 -Wa,-defsym,k_mult=16 -Wa,-defsym,chunks_per_wave=4 -Wa,-defsym,chunk_size=16 -Wa,-defsym,n_mult=2 -Wa,-defsym,c_mult=1 -Wa,-defsym,waves_c_in_group=1 -Wa,-defsym,waves_k_in_group=1 -mcpu=gfx900
MIOpen(HIP): Info [PrintVersionImpl] COMgr v.3.0.0
MIOpen(HIP): Info2 [SetIsaName] amdgcn-amd-amdhsa--gfx900:xnack-
MIOpen(HIP): Info [Do] AMD_COMGR_ACTION_ASSEMBLE_SOURCE_TO_RELOCATABLE: warning: argument unused during compilation: '-dD' [-Wunused-command-line-argument]
warning: argument unused during compilation: '--rocm-path=.' [-Wunused-command-line-argument]
warning: argument unused during compilation: '-Xclang -no-disable-free' [-Wunused-command-line-argument]

MIOpen(HIP): Info2 [SQLiteBase] Initializing system database file ""
MIOpen(HIP): Info [KernDb] database not present
MIOpen(HIP): Info2 [SQLiteBase] Initializing user database file "/home/limonene/.cache/miopen/3.5.1.5b515cf1bca-dirty/gfx900_64.ukdb"
MIOpen(HIP): Info2 [KernDb] Database created successfully
MIOpen(HIP): Info2 [SaveBinary] Saving binary for: "conv1x1u.s.o"; args:  -Wa,-defsym,stride_h=1 -Wa,-defsym,stride_w=1 -Wa,-defsym,img_h=56 -Wa,-defsym,img_w=56 -Wa,-defsym,batch_size=32 -Wa,-defsym,input_channels=64 -Wa,-defsym,output_channels=64 -Wa,-defsym,wei_h=1 -Wa,-defsym,wei_w=1 -Wa,-defsym,pad_h=0 -Wa,-defsym,pad_w=0 -Wa,-defsym,weights_layout=0 -Wa,-defsym,vec_c_in=1 -Wa,-defsym,vec_k_out=1 -Wa,-defsym,vec_c_filter=1 -Wa,-defsym,acc_type=1 -Wa,-defsym,buf_type=1 -Wa,-defsym,input_n_stride=802816 -Wa,-defsym,input_c_stride=12544 -Wa,-defsym,input_h_stride=224 -Wa,-defsym,input_w_stride=4 -Wa,-defsym,output_n_stride=802816 -Wa,-defsym,output_k_stride=12544 -Wa,-defsym,output_h_stride=224 -Wa,-defsym,output_w_stride=4 -Wa,-defsym,filter_k_stride=256 -Wa,-defsym,filter_c_stride=4 -Wa,-defsym,filter_h_stride=4 -Wa,-defsym,filter_w_stride=4 -Wa,-defsym,input_buffer_size=25690112 -Wa,-defsym,filter_buffer_size=16384 -Wa,-defsym,output_buffer_size=25690112 -Wa,-defsym,ROCM_METADATA_VERSION=5 -Wa,-defsym,read_size=4 -Wa,-defsym,k_mult=16 -Wa,-defsym,chunks_per_wave=4 -Wa,-defsym,chunk_size=16 -Wa,-defsym,n_mult=2 -Wa,-defsym,c_mult=1 -Wa,-defsym,waves_c_in_group=1 -Wa,-defsym,waves_k_in_group=1 -mcpu=gfx900
MIOpen(HIP): Info2 [Prepare] INSERT OR REPLACE INTO kern_db(kernel_name, kernel_args, kernel_blob, kernel_hash, uncompressed_size) VALUES(?, ?, ?, ?, ?);
MIOpen(HIP): Info2 [Measure] Db::StoreRecord time: 34.9054 ms
MIOpen(HIP): Info2 [LoadProgram] Skipped attaching a binary to the program for future serialization as it is in permanent file storage
MIOpen(HIP): Info2 [Register] Invoker registered for algorithm 64x56x56x1x1x64x56x56x32xNCHWxFP32x0x0x1x1x1x1x1xFxDefault and solver ConvAsm1x1U
MIOpen(HIP): Info2 [SetAsFound1_0] Solver ConvAsm1x1U registered as find 1.0 best for miopenConvolutionFwdAlgoDirect in 64x56x56x1x1x64x56x56x32xNCHWxFP32x0x0x1x1x1x1x1xFxDefault
MIOpen(HIP): Info [FindConvolution] miopenConvolutionFwdAlgoDirect	0.178431	0
MIOpen(HIP): Info [FillFindReturnParameters] FW Chosen Algorithm: ConvAsm1x1U , 0, 0.178431
MIOpen(HIP): MIOpenDriver Info2 [DebugPrintWorkspaceDev] ptr=0 size=0
MIOpen(HIP): miopenStatus_t miopenConvolutionForward(miopenHandle_t, const void *, const miopenTensorDescriptor_t, const void *, const miopenTensorDescriptor_t, const void *, const miopenConvolutionDescriptor_t, miopenConvFwdAlgorithm_t, const void *, const miopenTensorDescriptor_t, void *, void *, size_t){
MIOpen(HIP): 	handle = stream: 0x55fe9c346390, device_id: 0
MIOpen(HIP): 	alpha = 0x7fff783b9be4
MIOpen(HIP): 	xDesc = {32, 64, 56, 56}, {200704, 3136, 56, 1}, packed, 
MIOpen(HIP): 	x = 0x7f8a44200000
MIOpen(HIP): 	wDesc = {64, 64, 1, 1}, {64, 1, 1, 1}, packed, 
MIOpen(HIP): 	w = 0x7f8b5c200000
MIOpen(HIP): 	convDesc = conv2d, miopenConvolution, miopenPaddingDefault, {0, 0}, {1, 1}, {1, 1}, 
MIOpen(HIP): 	algo = 1
MIOpen(HIP): 	beta = 0x7fff783b9be8
MIOpen(HIP): 	yDesc = {32, 64, 56, 56}, {200704, 3136, 56, 1}, packed, 
MIOpen(HIP): 	y = 0x7f8a41e00000
MIOpen(HIP): 	workSpace = nullptr
MIOpen(HIP): 	workSpaceSize = 0
MIOpen(HIP): }
MIOpen(HIP): Command [LogCmdConvolution] ./bin/MIOpenDriver conv -n 32 -c 64 -H 56 -W 56 -k 64 -y 1 -x 1 -p 0 -q 0 -u 1 -v 1 -l 1 -j 1 -m conv -g 1 -F 1 -t 1
MIOpen(HIP): Info [ConvolutionForward] algo = 1, workspace = 0
MIOpen(HIP): Info2 [GetInvoker] Returning an invoker for problem 64x56x56x1x1x64x56x56x32xNCHWxFP32x0x0x1x1x1x1x1xFxDefault and algorithm miopenConvolutionFwdAlgoDirect
MIOpen(HIP): Info2 [run] kernel_name = miopenGcnAsmConv1x1U, global_work_dim = { 3136, 4, 4 }, local_work_dim = { 64, 1, 1 }
MIOpen(HIP): miopenStatus_t miopenConvolutionForward(miopenHandle_t, const void *, const miopenTensorDescriptor_t, const void *, const miopenTensorDescriptor_t, const void *, const miopenConvolutionDescriptor_t, miopenConvFwdAlgorithm_t, const void *, const miopenTensorDescriptor_t, void *, void *, size_t){
MIOpen(HIP): 	handle = stream: 0x55fe9c346390, device_id: 0
MIOpen(HIP): 	alpha = 0x7fff783b9be4
MIOpen(HIP): 	xDesc = {32, 64, 56, 56}, {200704, 3136, 56, 1}, packed, 
MIOpen(HIP): 	x = 0x7f8a44200000
MIOpen(HIP): 	wDesc = {64, 64, 1, 1}, {64, 1, 1, 1}, packed, 
MIOpen(HIP): 	w = 0x7f8b5c200000
MIOpen(HIP): 	convDesc = conv2d, miopenConvolution, miopenPaddingDefault, {0, 0}, {1, 1}, {1, 1}, 
MIOpen(HIP): 	algo = 1
MIOpen(HIP): 	beta = 0x7fff783b9be8
MIOpen(HIP): 	yDesc = {32, 64, 56, 56}, {200704, 3136, 56, 1}, packed, 
MIOpen(HIP): 	y = 0x7f8a41e00000
MIOpen(HIP): 	workSpace = nullptr
MIOpen(HIP): 	workSpaceSize = 0
MIOpen(HIP): }
MIOpen(HIP): Command [LogCmdConvolution] ./bin/MIOpenDriver conv -n 32 -c 64 -H 56 -W 56 -k 64 -y 1 -x 1 -p 0 -q 0 -u 1 -v 1 -l 1 -j 1 -m conv -g 1 -F 1 -t 1
MIOpen(HIP): Info [ConvolutionForward] algo = 1, workspace = 0
MIOpen(HIP): Info2 [GetInvoker] Returning an invoker for problem 64x56x56x1x1x64x56x56x32xNCHWxFP32x0x0x1x1x1x1x1xFxDefault and algorithm miopenConvolutionFwdAlgoDirect
MIOpen(HIP): Info2 [run] kernel_name = miopenGcnAsmConv1x1U, global_work_dim = { 3136, 4, 4 }, local_work_dim = { 64, 1, 1 }
MIOpen(HIP): miopenStatus_t miopenConvolutionForward(miopenHandle_t, const void *, const miopenTensorDescriptor_t, const void *, const miopenTensorDescriptor_t, const void *, const miopenConvolutionDescriptor_t, miopenConvFwdAlgorithm_t, const void *, const miopenTensorDescriptor_t, void *, void *, size_t){
MIOpen(HIP): 	handle = stream: 0x55fe9c346390, device_id: 0
MIOpen(HIP): 	alpha = 0x7fff783b9be4
MIOpen(HIP): 	xDesc = {32, 64, 56, 56}, {200704, 3136, 56, 1}, packed, 
MIOpen(HIP): 	x = 0x7f8a44200000
MIOpen(HIP): 	wDesc = {64, 64, 1, 1}, {64, 1, 1, 1}, packed, 
MIOpen(HIP): 	w = 0x7f8b5c200000
MIOpen(HIP): 	convDesc = conv2d, miopenConvolution, miopenPaddingDefault, {0, 0}, {1, 1}, {1, 1}, 
MIOpen(HIP): 	algo = 1
MIOpen(HIP): 	beta = 0x7fff783b9be8
MIOpen(HIP): 	yDesc = {32, 64, 56, 56}, {200704, 3136, 56, 1}, packed, 
MIOpen(HIP): 	y = 0x7f8a41e00000
MIOpen(HIP): 	workSpace = nullptr
MIOpen(HIP): 	workSpaceSize = 0
MIOpen(HIP): }
MIOpen(HIP): Command [LogCmdConvolution] ./bin/MIOpenDriver conv -n 32 -c 64 -H 56 -W 56 -k 64 -y 1 -x 1 -p 0 -q 0 -u 1 -v 1 -l 1 -j 1 -m conv -g 1 -F 1 -t 1
MIOpen(HIP): Info [ConvolutionForward] algo = 1, workspace = 0
MIOpen(HIP): Info2 [GetInvoker] Returning an invoker for problem 64x56x56x1x1x64x56x56x32xNCHWxFP32x0x0x1x1x1x1x1xFxDefault and algorithm miopenConvolutionFwdAlgoDirect
MIOpen(HIP): Info2 [run] kernel_name = miopenGcnAsmConv1x1U, global_work_dim = { 3136, 4, 4 }, local_work_dim = { 64, 1, 1 }
MIOpen(HIP): miopenStatus_t miopenConvolutionForward(miopenHandle_t, const void *, const miopenTensorDescriptor_t, const void *, const miopenTensorDescriptor_t, const void *, const miopenConvolutionDescriptor_t, miopenConvFwdAlgorithm_t, const void *, const miopenTensorDescriptor_t, void *, void *, size_t){
MIOpen(HIP): 	handle = stream: 0x55fe9c346390, device_id: 0
MIOpen(HIP): 	alpha = 0x7fff783b9be4
MIOpen(HIP): 	xDesc = {32, 64, 56, 56}, {200704, 3136, 56, 1}, packed, 
MIOpen(HIP): 	x = 0x7f8a44200000
MIOpen(HIP): 	wDesc = {64, 64, 1, 1}, {64, 1, 1, 1}, packed, 
MIOpen(HIP): 	w = 0x7f8b5c200000
MIOpen(HIP): 	convDesc = conv2d, miopenConvolution, miopenPaddingDefault, {0, 0}, {1, 1}, {1, 1}, 
MIOpen(HIP): 	algo = 1
MIOpen(HIP): 	beta = 0x7fff783b9be8
MIOpen(HIP): 	yDesc = {32, 64, 56, 56}, {200704, 3136, 56, 1}, packed, 
MIOpen(HIP): 	y = 0x7f8a41e00000
MIOpen(HIP): 	workSpace = nullptr
MIOpen(HIP): 	workSpaceSize = 0
MIOpen(HIP): }
MIOpen(HIP): Command [LogCmdConvolution] ./bin/MIOpenDriver conv -n 32 -c 64 -H 56 -W 56 -k 64 -y 1 -x 1 -p 0 -q 0 -u 1 -v 1 -l 1 -j 1 -m conv -g 1 -F 1 -t 1
MIOpen(HIP): Info [ConvolutionForward] algo = 1, workspace = 0
MIOpen(HIP): Info2 [GetInvoker] Returning an invoker for problem 64x56x56x1x1x64x56x56x32xNCHWxFP32x0x0x1x1x1x1x1xFxDefault and algorithm miopenConvolutionFwdAlgoDirect
MIOpen(HIP): Info2 [run] kernel_name = miopenGcnAsmConv1x1U, global_work_dim = { 3136, 4, 4 }, local_work_dim = { 64, 1, 1 }
MIOpen(HIP): miopenStatus_t miopenConvolutionForward(miopenHandle_t, const void *, const miopenTensorDescriptor_t, const void *, const miopenTensorDescriptor_t, const void *, const miopenConvolutionDescriptor_t, miopenConvFwdAlgorithm_t, const void *, const miopenTensorDescriptor_t, void *, void *, size_t){
MIOpen(HIP): 	handle = stream: 0x55fe9c346390, device_id: 0
MIOpen(HIP): 	alpha = 0x7fff783b9be4
MIOpen(HIP): 	xDesc = {32, 64, 56, 56}, {200704, 3136, 56, 1}, packed, 
MIOpen(HIP): 	x = 0x7f8a44200000
MIOpen(HIP): 	wDesc = {64, 64, 1, 1}, {64, 1, 1, 1}, packed, 
MIOpen(HIP): 	w = 0x7f8b5c200000
MIOpen(HIP): 	convDesc = conv2d, miopenConvolution, miopenPaddingDefault, {0, 0}, {1, 1}, {1, 1}, 
MIOpen(HIP): 	algo = 1
MIOpen(HIP): 	beta = 0x7fff783b9be8
MIOpen(HIP): 	yDesc = {32, 64, 56, 56}, {200704, 3136, 56, 1}, packed, 
MIOpen(HIP): 	y = 0x7f8a41e00000
MIOpen(HIP): 	workSpace = nullptr
MIOpen(HIP): 	workSpaceSize = 0
MIOpen(HIP): }
MIOpen(HIP): Command [LogCmdConvolution] ./bin/MIOpenDriver conv -n 32 -c 64 -H 56 -W 56 -k 64 -y 1 -x 1 -p 0 -q 0 -u 1 -v 1 -l 1 -j 1 -m conv -g 1 -F 1 -t 1
MIOpen(HIP): Info [ConvolutionForward] algo = 1, workspace = 0
MIOpen(HIP): Info2 [GetInvoker] Returning an invoker for problem 64x56x56x1x1x64x56x56x32xNCHWxFP32x0x0x1x1x1x1x1xFxDefault and algorithm miopenConvolutionFwdAlgoDirect
MIOpen(HIP): Info2 [run] kernel_name = miopenGcnAsmConv1x1U, global_work_dim = { 3136, 4, 4 }, local_work_dim = { 64, 1, 1 }
MIOpen(HIP): miopenStatus_t miopenConvolutionForward(miopenHandle_t, const void *, const miopenTensorDescriptor_t, const void *, const miopenTensorDescriptor_t, const void *, const miopenConvolutionDescriptor_t, miopenConvFwdAlgorithm_t, const void *, const miopenTensorDescriptor_t, void *, void *, size_t){
MIOpen(HIP): 	handle = stream: 0x55fe9c346390, device_id: 0
MIOpen(HIP): 	alpha = 0x7fff783b9be4
MIOpen(HIP): 	xDesc = {32, 64, 56, 56}, {200704, 3136, 56, 1}, packed, 
MIOpen(HIP): 	x = 0x7f8a44200000
MIOpen(HIP): 	wDesc = {64, 64, 1, 1}, {64, 1, 1, 1}, packed, 
MIOpen(HIP): 	w = 0x7f8b5c200000
MIOpen(HIP): 	convDesc = conv2d, miopenConvolution, miopenPaddingDefault, {0, 0}, {1, 1}, {1, 1}, 
MIOpen(HIP): 	algo = 1
MIOpen(HIP): 	beta = 0x7fff783b9be8
MIOpen(HIP): 	yDesc = {32, 64, 56, 56}, {200704, 3136, 56, 1}, packed, 
MIOpen(HIP): 	y = 0x7f8a41e00000
MIOpen(HIP): 	workSpace = nullptr
MIOpen(HIP): 	workSpaceSize = 0
MIOpen(HIP): }
MIOpen(HIP): Command [LogCmdConvolution] ./bin/MIOpenDriver conv -n 32 -c 64 -H 56 -W 56 -k 64 -y 1 -x 1 -p 0 -q 0 -u 1 -v 1 -l 1 -j 1 -m conv -g 1 -F 1 -t 1
MIOpen(HIP): Info [ConvolutionForward] algo = 1, workspace = 0
MIOpen(HIP): Info2 [GetInvoker] Returning an invoker for problem 64x56x56x1x1x64x56x56x32xNCHWxFP32x0x0x1x1x1x1x1xFxDefault and algorithm miopenConvolutionFwdAlgoDirect
MIOpen(HIP): Info2 [run] kernel_name = miopenGcnAsmConv1x1U, global_work_dim = { 3136, 4, 4 }, local_work_dim = { 64, 1, 1 }
MIOpen(HIP): miopenStatus_t miopenConvolutionForward(miopenHandle_t, const void *, const miopenTensorDescriptor_t, const void *, const miopenTensorDescriptor_t, const void *, const miopenConvolutionDescriptor_t, miopenConvFwdAlgorithm_t, const void *, const miopenTensorDescriptor_t, void *, void *, size_t){
MIOpen(HIP): 	handle = stream: 0x55fe9c346390, device_id: 0
MIOpen(HIP): 	alpha = 0x7fff783b9be4
MIOpen(HIP): 	xDesc = {32, 64, 56, 56}, {200704, 3136, 56, 1}, packed, 
MIOpen(HIP): 	x = 0x7f8a44200000
MIOpen(HIP): 	wDesc = {64, 64, 1, 1}, {64, 1, 1, 1}, packed, 
MIOpen(HIP): 	w = 0x7f8b5c200000
MIOpen(HIP): 	convDesc = conv2d, miopenConvolution, miopenPaddingDefault, {0, 0}, {1, 1}, {1, 1}, 
MIOpen(HIP): 	algo = 1
MIOpen(HIP): 	beta = 0x7fff783b9be8
MIOpen(HIP): 	yDesc = {32, 64, 56, 56}, {200704, 3136, 56, 1}, packed, 
MIOpen(HIP): 	y = 0x7f8a41e00000
MIOpen(HIP): 	workSpace = nullptr
MIOpen(HIP): 	workSpaceSize = 0
MIOpen(HIP): }
MIOpen(HIP): Command [LogCmdConvolution] ./bin/MIOpenDriver conv -n 32 -c 64 -H 56 -W 56 -k 64 -y 1 -x 1 -p 0 -q 0 -u 1 -v 1 -l 1 -j 1 -m conv -g 1 -F 1 -t 1
MIOpen(HIP): Info [ConvolutionForward] algo = 1, workspace = 0
MIOpen(HIP): Info2 [GetInvoker] Returning an invoker for problem 64x56x56x1x1x64x56x56x32xNCHWxFP32x0x0x1x1x1x1x1xFxDefault and algorithm miopenConvolutionFwdAlgoDirect
MIOpen(HIP): Info2 [run] kernel_name = miopenGcnAsmConv1x1U, global_work_dim = { 3136, 4, 4 }, local_work_dim = { 64, 1, 1 }
MIOpen(HIP): miopenStatus_t miopenConvolutionForward(miopenHandle_t, const void *, const miopenTensorDescriptor_t, const void *, const miopenTensorDescriptor_t, const void *, const miopenConvolutionDescriptor_t, miopenConvFwdAlgorithm_t, const void *, const miopenTensorDescriptor_t, void *, void *, size_t){
MIOpen(HIP): 	handle = stream: 0x55fe9c346390, device_id: 0
MIOpen(HIP): 	alpha = 0x7fff783b9be4
MIOpen(HIP): 	xDesc = {32, 64, 56, 56}, {200704, 3136, 56, 1}, packed, 
MIOpen(HIP): 	x = 0x7f8a44200000
MIOpen(HIP): 	wDesc = {64, 64, 1, 1}, {64, 1, 1, 1}, packed, 
MIOpen(HIP): 	w = 0x7f8b5c200000
MIOpen(HIP): 	convDesc = conv2d, miopenConvolution, miopenPaddingDefault, {0, 0}, {1, 1}, {1, 1}, 
MIOpen(HIP): 	algo = 1
MIOpen(HIP): 	beta = 0x7fff783b9be8
MIOpen(HIP): 	yDesc = {32, 64, 56, 56}, {200704, 3136, 56, 1}, packed, 
MIOpen(HIP): 	y = 0x7f8a41e00000
MIOpen(HIP): 	workSpace = nullptr
MIOpen(HIP): 	workSpaceSize = 0
MIOpen(HIP): }
MIOpen(HIP): Command [LogCmdConvolution] ./bin/MIOpenDriver conv -n 32 -c 64 -H 56 -W 56 -k 64 -y 1 -x 1 -p 0 -q 0 -u 1 -v 1 -l 1 -j 1 -m conv -g 1 -F 1 -t 1
MIOpen(HIP): Info [ConvolutionForward] algo = 1, workspace = 0
MIOpen(HIP): Info2 [GetInvoker] Returning an invoker for problem 64x56x56x1x1x64x56x56x32xNCHWxFP32x0x0x1x1x1x1x1xFxDefault and algorithm miopenConvolutionFwdAlgoDirect
MIOpen(HIP): Info2 [run] kernel_name = miopenGcnAsmConv1x1U, global_work_dim = { 3136, 4, 4 }, local_work_dim = { 64, 1, 1 }
MIOpen(HIP): miopenStatus_t miopenConvolutionForward(miopenHandle_t, const void *, const miopenTensorDescriptor_t, const void *, const miopenTensorDescriptor_t, const void *, const miopenConvolutionDescriptor_t, miopenConvFwdAlgorithm_t, const void *, const miopenTensorDescriptor_t, void *, void *, size_t){
MIOpen(HIP): 	handle = stream: 0x55fe9c346390, device_id: 0
MIOpen(HIP): 	alpha = 0x7fff783b9be4
MIOpen(HIP): 	xDesc = {32, 64, 56, 56}, {200704, 3136, 56, 1}, packed, 
MIOpen(HIP): 	x = 0x7f8a44200000
MIOpen(HIP): 	wDesc = {64, 64, 1, 1}, {64, 1, 1, 1}, packed, 
MIOpen(HIP): 	w = 0x7f8b5c200000
MIOpen(HIP): 	convDesc = conv2d, miopenConvolution, miopenPaddingDefault, {0, 0}, {1, 1}, {1, 1}, 
MIOpen(HIP): 	algo = 1
MIOpen(HIP): 	beta = 0x7fff783b9be8
MIOpen(HIP): 	yDesc = {32, 64, 56, 56}, {200704, 3136, 56, 1}, packed, 
MIOpen(HIP): 	y = 0x7f8a41e00000
MIOpen(HIP): 	workSpace = nullptr
MIOpen(HIP): 	workSpaceSize = 0
MIOpen(HIP): }
MIOpen(HIP): Command [LogCmdConvolution] ./bin/MIOpenDriver conv -n 32 -c 64 -H 56 -W 56 -k 64 -y 1 -x 1 -p 0 -q 0 -u 1 -v 1 -l 1 -j 1 -m conv -g 1 -F 1 -t 1
MIOpen(HIP): Info [ConvolutionForward] algo = 1, workspace = 0
MIOpen(HIP): Info2 [GetInvoker] Returning an invoker for problem 64x56x56x1x1x64x56x56x32xNCHWxFP32x0x0x1x1x1x1x1xFxDefault and algorithm miopenConvolutionFwdAlgoDirect
MIOpen(HIP): Info2 [run] kernel_name = miopenGcnAsmConv1x1U, global_work_dim = { 3136, 4, 4 }, local_work_dim = { 64, 1, 1 }
MIOpen(HIP): miopenStatus_t miopenConvolutionForward(miopenHandle_t, const void *, const miopenTensorDescriptor_t, const void *, const miopenTensorDescriptor_t, const void *, const miopenConvolutionDescriptor_t, miopenConvFwdAlgorithm_t, const void *, const miopenTensorDescriptor_t, void *, void *, size_t){
MIOpen(HIP): 	handle = stream: 0x55fe9c346390, device_id: 0
MIOpen(HIP): 	alpha = 0x7fff783b9be4
MIOpen(HIP): 	xDesc = {32, 64, 56, 56}, {200704, 3136, 56, 1}, packed, 
MIOpen(HIP): 	x = 0x7f8a44200000
MIOpen(HIP): 	wDesc = {64, 64, 1, 1}, {64, 1, 1, 1}, packed, 
MIOpen(HIP): 	w = 0x7f8b5c200000
MIOpen(HIP): 	convDesc = conv2d, miopenConvolution, miopenPaddingDefault, {0, 0}, {1, 1}, {1, 1}, 
MIOpen(HIP): 	algo = 1
MIOpen(HIP): 	beta = 0x7fff783b9be8
MIOpen(HIP): 	yDesc = {32, 64, 56, 56}, {200704, 3136, 56, 1}, packed, 
MIOpen(HIP): 	y = 0x7f8a41e00000
MIOpen(HIP): 	workSpace = nullptr
MIOpen(HIP): 	workSpaceSize = 0
MIOpen(HIP): }
MIOpen(HIP): Command [LogCmdConvolution] ./bin/MIOpenDriver conv -n 32 -c 64 -H 56 -W 56 -k 64 -y 1 -x 1 -p 0 -q 0 -u 1 -v 1 -l 1 -j 1 -m conv -g 1 -F 1 -t 1
MIOpen(HIP): Info [ConvolutionForward] algo = 1, workspace = 0
MIOpen(HIP): Info2 [GetInvoker] Returning an invoker for problem 64x56x56x1x1x64x56x56x32xNCHWxFP32x0x0x1x1x1x1x1xFxDefault and algorithm miopenConvolutionFwdAlgoDirect
MIOpen(HIP): Info2 [run] kernel_name = miopenGcnAsmConv1x1U, global_work_dim = { 3136, 4, 4 }, local_work_dim = { 64, 1, 1 }
MIOpen Forward Conv. Algorithm: 1, Solution: 2/ConvAsm1x1U
GPU Kernel Time Forward Conv. Elapsed: 0.976200 ms (average)
stats: name, n, c, ho, wo, y, x, k, flopCnt, bytesRead, bytesWritten, GFLOPs, GB/s, timeMs
stats: fwd-conv1x1u1, 32, 64, 56, 56, 1, 1, 64, 822083584, 25706496, 25690112, 842, 53, 0.976200
Forward Convolution Verifies OK on GPU reference (3.76084e-08 < 1.5e-06)
MIOpen(HIP): miopenStatus_t miopenDestroyTensorDescriptor(miopenTensorDescriptor_t){
MIOpen(HIP): 	tensorDesc = {}, {}, packed, 
MIOpen(HIP): }
MIOpen(HIP): miopenStatus_t miopenDestroyTensorDescriptor(miopenTensorDescriptor_t){
MIOpen(HIP): 	tensorDesc = {32, 64, 56, 56}, {200704, 3136, 56, 1}, packed, 
MIOpen(HIP): }
MIOpen(HIP): miopenStatus_t miopenDestroyTensorDescriptor(miopenTensorDescriptor_t){
MIOpen(HIP): 	tensorDesc = {64, 64, 1, 1}, {64, 1, 1, 1}, packed, 
MIOpen(HIP): }
MIOpen(HIP): miopenStatus_t miopenDestroyTensorDescriptor(miopenTensorDescriptor_t){
MIOpen(HIP): 	tensorDesc = {32, 64, 56, 56}, {200704, 3136, 56, 1}, packed, 
MIOpen(HIP): }
MIOpen(HIP): miopenStatus_t miopenDestroyTensorDescriptor(miopenTensorDescriptor_t){
MIOpen(HIP): 	tensorDesc = {}, {}, packed, 
MIOpen(HIP): }
MIOpen(HIP): miopenStatus_t miopenDestroyTensorDescriptor(miopenTensorDescriptor_t){
MIOpen(HIP): 	tensorDesc = {}, {}, packed, 
MIOpen(HIP): }
MIOpen(HIP): miopenStatus_t miopenDestroyConvolutionDescriptor(miopenConvolutionDescriptor_t){
MIOpen(HIP): 	convDesc = conv2d, miopenConvolution, miopenPaddingDefault, {0, 0}, {1, 1}, {1, 1}, 
MIOpen(HIP): }
MIOpen(HIP): miopenStatus_t miopenDestroyTensorDescriptor(miopenTensorDescriptor_t){
MIOpen(HIP): 	tensorDesc = {}, {}, packed, 
MIOpen(HIP): }
MIOpen(HIP): miopenStatus_t miopenDestroyTensorDescriptor(miopenTensorDescriptor_t){
MIOpen(HIP): 	tensorDesc = {}, {}, packed, 
MIOpen(HIP): }
MIOpen(HIP): miopenStatus_t miopenDestroyTensorDescriptor(miopenTensorDescriptor_t){
MIOpen(HIP): 	tensorDesc = {}, {}, packed, 
MIOpen(HIP): }
MIOpen(HIP): miopenStatus_t miopenDestroyConvolutionDescriptor(miopenConvolutionDescriptor_t){
MIOpen(HIP): 	convDesc = conv2d, miopenConvolution, miopenPaddingDefault, {0, 0}, {1, 1}, {1, 1}, 
MIOpen(HIP): }
MIOpen(HIP): MIOpenDriver Info2 [~GPUMem] hipFree 25690112 at 0x7f8a41e00000 Ok
MIOpen(HIP): MIOpenDriver Info2 [~GPUMem] hipFree 16384 at 0x7f8b5c200000 Ok
MIOpen(HIP): MIOpenDriver Info2 [~GPUMem] hipFree 25690112 at 0x7f8a44200000 Ok
