MIOpenDriver convint8 -n 16 -c 128 -H 56 -W 56 -k 256 -y 3 -x 3 -p 1 -q 1 -u 2 -v 2 -F 1 -t 1 -s 1
MIOpen(HIP): Info [get_device_name] Raw device name: gfx900:xnack-
MIOpen(HIP): Info [Handle] stream: 0x55fd06c74380, device_id: 0
MIOpen(HIP): miopenStatus_t miopenCreateTensorDescriptor(miopenTensorDescriptor_t *){
MIOpen(HIP): 	tensorDesc = 0
MIOpen(HIP): }
MIOpen(HIP): miopenStatus_t miopenCreateTensorDescriptor(miopenTensorDescriptor_t *){
MIOpen(HIP): 	tensorDesc = 0
MIOpen(HIP): }
MIOpen(HIP): miopenStatus_t miopenCreateTensorDescriptor(miopenTensorDescriptor_t *){
MIOpen(HIP): 	tensorDesc = 0
MIOpen(HIP): }
MIOpen(HIP): miopenStatus_t miopenCreateTensorDescriptor(miopenTensorDescriptor_t *){
MIOpen(HIP): 	tensorDesc = 0
MIOpen(HIP): }
MIOpen(HIP): miopenStatus_t miopenCreateTensorDescriptor(miopenTensorDescriptor_t *){
MIOpen(HIP): 	tensorDesc = 0
MIOpen(HIP): }
MIOpen(HIP): miopenStatus_t miopenCreateTensorDescriptor(miopenTensorDescriptor_t *){
MIOpen(HIP): 	tensorDesc = 0
MIOpen(HIP): }
MIOpen(HIP): miopenStatus_t miopenCreateConvolutionDescriptor(miopenConvolutionDescriptor_t *){
MIOpen(HIP): 	convDesc = 0
MIOpen(HIP): }
MIOpen(HIP): Info [] MIOPEN_FIND_MODE = DYNAMIC_HYBRID(5)
MIOpen(HIP): miopenStatus_t miopenSetTensorDescriptorV2(miopenTensorDescriptor_t, miopenDataType_t, int, const size_t *, const size_t *){
MIOpen(HIP): 	tensorDesc = {}, {}, packed, 
MIOpen(HIP): 	dataType = 3
MIOpen(HIP): 	nbDims = 4
MIOpen(HIP): 	dim.values = { 16 128 56 56 }
MIOpen(HIP): 	stride.values = { 401408 3136 56 1 }
MIOpen(HIP): }
MIOpen(HIP): miopenStatus_t miopenSetTensorDescriptorV2(miopenTensorDescriptor_t, miopenDataType_t, int, const size_t *, const size_t *){
MIOpen(HIP): 	tensorDesc = {}, {}, packed, 
MIOpen(HIP): 	dataType = 3
MIOpen(HIP): 	nbDims = 4
MIOpen(HIP): 	dim.values = { 256 128 3 3 }
MIOpen(HIP): 	stride.values = { 1152 9 3 1 }
MIOpen(HIP): }
MIOpen(HIP): miopenStatus_t miopenInitConvolutionNdDescriptor(miopenConvolutionDescriptor_t, int, const int *, const int *, const int *, miopenConvolutionMode_t){
MIOpen(HIP): 	convDesc = conv2d, miopenConvolution, miopenPaddingDefault, {0, 0}, {1, 1}, {1, 1}, 
MIOpen(HIP): 	spatialDim = 2
MIOpen(HIP): 	pads = { 1 1 }
MIOpen(HIP): 	strides = { 2 2 }
MIOpen(HIP): 	dilations = { 1 1 }
MIOpen(HIP): 	c_mode = 0
MIOpen(HIP): }
MIOpen(HIP): miopenStatus_t miopenSetConvolutionGroupCount(miopenConvolutionDescriptor_t, int){
MIOpen(HIP): 	convDesc = conv2d, miopenConvolution, miopenPaddingDefault, {1, 1}, {2, 2}, {1, 1}, 
MIOpen(HIP): 	groupCount = 1
MIOpen(HIP): }
MIOpen(HIP): miopenStatus_t miopenGetConvolutionNdForwardOutputDim(miopenConvolutionDescriptor_t, const miopenTensorDescriptor_t, const miopenTensorDescriptor_t, int *, int *){
MIOpen(HIP): 	convDesc = conv2d, miopenConvolution, miopenPaddingDefault, {1, 1}, {2, 2}, {1, 1}, 
MIOpen(HIP): 	inputTensorDesc = {16, 128, 56, 56}, {401408, 3136, 56, 1}, packed, 
MIOpen(HIP): 	filterDesc = {256, 128, 3, 3}, {1152, 9, 3, 1}, packed, 
MIOpen(HIP): }
MIOpen(HIP): miopenStatus_t miopenSetTensorDescriptorV2(miopenTensorDescriptor_t, miopenDataType_t, int, const size_t *, const size_t *){
MIOpen(HIP): 	tensorDesc = {}, {}, packed, 
MIOpen(HIP): 	dataType = 3
MIOpen(HIP): 	nbDims = 4
MIOpen(HIP): 	dim.values = { 16 256 28 28 }
MIOpen(HIP): 	stride.values = { 200704 784 28 1 }
MIOpen(HIP): }
MIOpen(HIP): miopenStatus_t miopenGetTensorDescriptorSize(miopenTensorDescriptor_t, int *){
MIOpen(HIP): 	tensorDesc = {16, 128, 56, 56}, {401408, 3136, 56, 1}, packed, 
MIOpen(HIP): }
MIOpen(HIP): miopenStatus_t miopenGet4dTensorDescriptorLengths(miopenTensorDescriptor_t, int *, int *, int *, int *){
MIOpen(HIP): 	tensorDesc = {16, 128, 56, 56}, {401408, 3136, 56, 1}, packed, 
MIOpen(HIP): 	n = 1601467759
MIOpen(HIP): 	c = 1953718627
MIOpen(HIP): 	h = 1887007839
MIOpen(HIP): 	w = 655461
MIOpen(HIP): }
MIOpen(HIP): miopenStatus_t miopenGetTensorDescriptorSize(miopenTensorDescriptor_t, int *){
MIOpen(HIP): 	tensorDesc = {16, 128, 56, 56}, {401408, 3136, 56, 1}, packed, 
MIOpen(HIP): }
MIOpen(HIP): miopenStatus_t miopenGetNdTensorDescriptorVectorLength(miopenTensorDescriptor_t, std::size_t *){
MIOpen(HIP): 	tensorDesc = {16, 128, 56, 56}, {401408, 3136, 56, 1}, packed, 
MIOpen(HIP): 	vectorLength = 140724081698696
MIOpen(HIP): }
MIOpen(HIP): miopenStatus_t miopenGetTensorDescriptorSize(miopenTensorDescriptor_t, int *){
MIOpen(HIP): 	tensorDesc = {256, 128, 3, 3}, {1152, 9, 3, 1}, packed, 
MIOpen(HIP): }
MIOpen(HIP): miopenStatus_t miopenGet4dTensorDescriptorLengths(miopenTensorDescriptor_t, int *, int *, int *, int *){
MIOpen(HIP): 	tensorDesc = {256, 128, 3, 3}, {1152, 9, 3, 1}, packed, 
MIOpen(HIP): 	n = 696820568
MIOpen(HIP): 	c = 32598
MIOpen(HIP): 	h = 56
MIOpen(HIP): 	w = 56
MIOpen(HIP): }
MIOpen(HIP): miopenStatus_t miopenGetTensorDescriptorSize(miopenTensorDescriptor_t, int *){
MIOpen(HIP): 	tensorDesc = {256, 128, 3, 3}, {1152, 9, 3, 1}, packed, 
MIOpen(HIP): }
MIOpen(HIP): miopenStatus_t miopenGetNdTensorDescriptorVectorLength(miopenTensorDescriptor_t, std::size_t *){
MIOpen(HIP): 	tensorDesc = {256, 128, 3, 3}, {1152, 9, 3, 1}, packed, 
MIOpen(HIP): 	vectorLength = 1
MIOpen(HIP): }
MIOpen(HIP): miopenStatus_t miopenGetTensorDescriptorSize(miopenTensorDescriptor_t, int *){
MIOpen(HIP): 	tensorDesc = {16, 256, 28, 28}, {200704, 784, 28, 1}, packed, 
MIOpen(HIP): }
MIOpen(HIP): miopenStatus_t miopenGet4dTensorDescriptorLengths(miopenTensorDescriptor_t, int *, int *, int *, int *){
MIOpen(HIP): 	tensorDesc = {16, 256, 28, 28}, {200704, 784, 28, 1}, packed, 
MIOpen(HIP): 	n = 696820568
MIOpen(HIP): 	c = 32598
MIOpen(HIP): 	h = 3
MIOpen(HIP): 	w = 3
MIOpen(HIP): }
MIOpen(HIP): miopenStatus_t miopenGetTensorDescriptorSize(miopenTensorDescriptor_t, int *){
MIOpen(HIP): 	tensorDesc = {16, 256, 28, 28}, {200704, 784, 28, 1}, packed, 
MIOpen(HIP): }
MIOpen(HIP): miopenStatus_t miopenGetNdTensorDescriptorVectorLength(miopenTensorDescriptor_t, std::size_t *){
MIOpen(HIP): 	tensorDesc = {16, 256, 28, 28}, {200704, 784, 28, 1}, packed, 
MIOpen(HIP): 	vectorLength = 1
MIOpen(HIP): }
MIOpen(HIP): miopenStatus_t miopenConvolutionForwardGetWorkSpaceSize(miopenHandle_t, const miopenTensorDescriptor_t, const miopenTensorDescriptor_t, const miopenConvolutionDescriptor_t, const miopenTensorDescriptor_t, size_t *){
MIOpen(HIP): 	handle = stream: 0x55fd06c74380, device_id: 0
MIOpen(HIP): 	wDesc = {256, 128, 3, 3}, {1152, 9, 3, 1}, packed, 
MIOpen(HIP): 	xDesc = {16, 128, 56, 56}, {401408, 3136, 56, 1}, packed, 
MIOpen(HIP): 	convDesc = conv2d, miopenConvolution, miopenPaddingDefault, {1, 1}, {2, 2}, {1, 1}, 
MIOpen(HIP): 	yDesc = {16, 256, 28, 28}, {200704, 784, 28, 1}, packed, 
MIOpen(HIP): }
MIOpen(HIP): Info [AmdRocmMetadataVersionDetect] ROCm MD version AMDHSA_COv3, HIP version 7.2.26043, MIOpen version 3.5.1.5b515cf1bca-dirty
MIOpen(HIP): Info2 [GetWorkSpaceSize] 
MIOpen(HIP): Info [GetSolutions] 
MIOpen(HIP): Info [IsNetworkedFilesystem] Filesystem type at '"/home/limonene/.config/miopen/"' is: 0x9123683e '<Unknown magic>'
MIOpen(HIP): Info2 [GetLibPath] Lib Path: "/opt/rocm/lib/libMIOpen.so.1.0"
MIOpen(HIP): Info2 [GetInstalledPathFile] Found exact find database file: "/opt/rocm/share/miopen/db/gfx900_64.HIP.fdb.txt"
MIOpen(HIP): Info [Measure] ReadonlyRamDb::Prefetch time: 43.7329 ms
MIOpen(HIP): Info2 [timed_lock] Attempting Lock < /home/limonene/.config/miopen/miopen-lockfiles/gfx900_64.HIP.3_5_1_5b515cf1bca-dirty.ufdb.txt.lock.fslock
MIOpen(HIP): Info2 [timed_lock] Lock < /home/limonene/.config/miopen/miopen-lockfiles/gfx900_64.HIP.3_5_1_5b515cf1bca-dirty.ufdb.txt.lock.fslock
MIOpen(HIP): Info [Measure] RamDb::Prefetch time: 0.020369 ms
MIOpen(HIP): Info2 [unlock] Unlock < /home/limonene/.config/miopen/miopen-lockfiles/gfx900_64.HIP.3_5_1_5b515cf1bca-dirty.ufdb.txt.lock.fslock
MIOpen(HIP): Info2 [refresh_lock] Lock Refresh Active < /home/limonene/.config/miopen/miopen-lockfiles/gfx900_64.HIP.3_5_1_5b515cf1bca-dirty.ufdb.txt.lock.fslock.abyss-hbmx.998520
MIOpen(HIP): Info2 [refresh_lock] Lock Refresh Exit < /home/limonene/.config/miopen/miopen-lockfiles/gfx900_64.HIP.3_5_1_5b515cf1bca-dirty.ufdb.txt.lock.fslock.abyss-hbmx.998520
MIOpen(HIP): Info2 [timed_lock] Attempting Lock < /home/limonene/.config/miopen/miopen-lockfiles/gfx900_64.HIP.3_5_1_5b515cf1bca-dirty.ufdb.txt.lock.fslock
MIOpen(HIP): Info2 [timed_lock] Lock < /home/limonene/.config/miopen/miopen-lockfiles/gfx900_64.HIP.3_5_1_5b515cf1bca-dirty.ufdb.txt.lock.fslock
MIOpen(HIP): Info2 [refresh_lock] Lock Refresh Active < /home/limonene/.config/miopen/miopen-lockfiles/gfx900_64.HIP.3_5_1_5b515cf1bca-dirty.ufdb.txt.lock.fslock.abyss-hbmx.998520
MIOpen(HIP): Info2 [ValidateUnsafe] DB file is older than cache: 706592742936759, 706652429746809
MIOpen(HIP): Info2 [FindRecordUnsafe] Looking for key 128-56-56-3x3-256-28-28-16-1x1-2x2-1x1-0-NCHW-INT8-F in cache for file "/home/limonene/.config/miopen/gfx900_64.HIP.3_5_1_5b515cf1bca-dirty.ufdb.txt"
MIOpen(HIP): Info2 [unlock] Unlock < /home/limonene/.config/miopen/miopen-lockfiles/gfx900_64.HIP.3_5_1_5b515cf1bca-dirty.ufdb.txt.lock.fslock
MIOpen(HIP): Info2 [refresh_lock] Lock Refresh Exit < /home/limonene/.config/miopen/miopen-lockfiles/gfx900_64.HIP.3_5_1_5b515cf1bca-dirty.ufdb.txt.lock.fslock.abyss-hbmx.998520
MIOpen(HIP): Info2 [Measure] Db::FindRecord time: 0.304343 ms
MIOpen(HIP): Info2 [GetSolutions] ConvDirectNaiveConvFwd
MIOpen(HIP): Info [GetWorkSpaceSize] 0
PRNG seed: 12345678
MIOpen(HIP): MIOpenDriver Info2 [GPUMem] hipMalloc 6422528 at 0x7f54f8c00000 Ok
MIOpen(HIP): MIOpenDriver Info2 [GPUMem] hipMalloc 294912 at 0x7f54f1c00000 Ok
MIOpen(HIP): MIOpenDriver Info2 [GPUMem] hipMalloc 12845056 at 0x7f54f0c00000 Ok
Timestamp: 2026-03-14 19:17:34 UTC; Host Name: abyss-hbmx; Operating System: Linux 6.18.16-1-lts; ROCm: 7.2.26043; MIOpen Driver: 3.5.1; CPU Vendor: AMD; CPU Model: 1 x Ryzen Threadripper; RAM Size: 62 GB; GPU Model: 1 x AMD Radeon RX Vega; AMDGPU Driver: 0.0.0
MIOpen(HIP): MIOpenDriver Info2 [DebugPrintWorkspaceDev] ptr=0 size=0
MIOpen(HIP): miopenStatus_t miopenFindConvolutionForwardAlgorithm(miopenHandle_t, const miopenTensorDescriptor_t, const void *, const miopenTensorDescriptor_t, const void *, const miopenConvolutionDescriptor_t, const miopenTensorDescriptor_t, void *, const int, int *, miopenConvAlgoPerf_t *, void *, size_t, bool){
MIOpen(HIP): 	handle = stream: 0x55fd06c74380, device_id: 0
MIOpen(HIP): 	xDesc = {16, 128, 56, 56}, {401408, 3136, 56, 1}, packed, 
MIOpen(HIP): 	x = 0x7f54f8c00000
MIOpen(HIP): 	wDesc = {256, 128, 3, 3}, {1152, 9, 3, 1}, packed, 
MIOpen(HIP): 	w = 0x7f54f1c00000
MIOpen(HIP): 	convDesc = conv2d, miopenConvolution, miopenPaddingDefault, {1, 1}, {2, 2}, {1, 1}, 
MIOpen(HIP): 	yDesc = {16, 256, 28, 28}, {200704, 784, 28, 1}, packed, 
MIOpen(HIP): 	y = 0x7f54f0c00000
MIOpen(HIP): 	requestAlgoCount = 2
MIOpen(HIP): 	returnedAlgoCount = 32764
MIOpen(HIP): 	perfResults = 
MIOpen(HIP): 	workSpace = nullptr
MIOpen(HIP): 	workSpaceSize = 0
MIOpen(HIP): 	exhaustiveSearch = 1
MIOpen(HIP): }
MIOpen(HIP): Command [LogCmdFindConvolution] ./bin/MIOpenDriver convint8 -n 16 -c 128 -H 56 -W 56 -k 256 -y 3 -x 3 -p 1 -q 1 -u 2 -v 2 -l 1 -j 1 -m conv -g 1 -F 1 -t 1
MIOpen(HIP): Info [FindConvFwdAlgorithm] requestAlgoCount = 2, workspace = 0
MIOpen(HIP): Info [GetSolutions] 
MIOpen(HIP): Info2 [timed_lock] Attempting Lock < /home/limonene/.config/miopen/miopen-lockfiles/gfx900_64.HIP.3_5_1_5b515cf1bca-dirty.ufdb.txt.lock.fslock
MIOpen(HIP): Info2 [timed_lock] Lock < /home/limonene/.config/miopen/miopen-lockfiles/gfx900_64.HIP.3_5_1_5b515cf1bca-dirty.ufdb.txt.lock.fslock
MIOpen(HIP): Info2 [refresh_lock] Lock Refresh Active < /home/limonene/.config/miopen/miopen-lockfiles/gfx900_64.HIP.3_5_1_5b515cf1bca-dirty.ufdb.txt.lock.fslock.abyss-hbmx.998520
MIOpen(HIP): Info2 [ValidateUnsafe] DB file is older than cache: 706592742936759, 706652429746809
MIOpen(HIP): Info2 [FindRecordUnsafe] Looking for key 128-56-56-3x3-256-28-28-16-1x1-2x2-1x1-0-NCHW-INT8-F in cache for file "/home/limonene/.config/miopen/gfx900_64.HIP.3_5_1_5b515cf1bca-dirty.ufdb.txt"
MIOpen(HIP): Info2 [unlock] Unlock < /home/limonene/.config/miopen/miopen-lockfiles/gfx900_64.HIP.3_5_1_5b515cf1bca-dirty.ufdb.txt.lock.fslock
MIOpen(HIP): Info2 [refresh_lock] Lock Refresh Exit < /home/limonene/.config/miopen/miopen-lockfiles/gfx900_64.HIP.3_5_1_5b515cf1bca-dirty.ufdb.txt.lock.fslock.abyss-hbmx.998520
MIOpen(HIP): Info2 [Measure] Db::FindRecord time: 0.344992 ms
MIOpen(HIP): Info2 [GetSolutions] ConvDirectNaiveConvFwd
MIOpen(HIP): Info2 [GetInvoker] Returning an invoker for problem 128x56x56x3x3x256x28x28x16xNCHWxINT8x1x1x2x2x1x1x1xFxDefault and solver ConvDirectNaiveConvFwd
MIOpen(HIP): Info [FindSolutionImpl] ConvDirectNaiveConvFwd (not searchable)
MIOpen(HIP): Info2 [PrepareInvoker] Preparing kernel: naive_conv_ab_nonpacked_fwd_nchw_int8_t_int32_t_int8_t
MIOpen(HIP): Info [IsNetworkedFilesystem] Filesystem type at '"/home/limonene/.cache/miopen/3.5.1.5b515cf1bca-dirty"' is: 0x9123683e '<Unknown magic>'
MIOpen(HIP): Info2 [SQLiteBase] Initializing system database file ""
MIOpen(HIP): Info [KernDb] database not present
MIOpen(HIP): Info2 [SQLiteBase] Initializing user database file "/home/limonene/.cache/miopen/3.5.1.5b515cf1bca-dirty/gfx900_64.ukdb"
MIOpen(HIP): Info2 [KernDb] Database created successfully
MIOpen(HIP): Info2 [LoadBinary] Loading binary for: "naive_conv.cpp.o"; args:  -DMIOPEN_USE_FP16=0 -DMIOPEN_USE_FP16x4=0 -DMIOPEN_USE_FP16x8=0 -DMIOPEN_USE_FP32=0 -DMIOPEN_USE_INT8=1 -DMIOPEN_USE_BFP16=0 -DMIOPEN_USE_INT32=0 -DMIOPEN_USE_RNE_BFLOAT16=1 -DMIOPEN_FP8_IEEE_EXPONENT_BIAS=0 -DMIOPEN_FP8_CLIPPING=1 -DMIOPEN_USE_FP16=0 -DMIOPEN_USE_FP16x4=0 -DMIOPEN_USE_FP16x8=0 -DMIOPEN_USE_FP32=0 -DMIOPEN_USE_INT8=1 -DMIOPEN_USE_BFP16=0 -DMIOPEN_USE_INT32=0 -DMIOPEN_USE_RNE_BFLOAT16=1 -DMIOPEN_FP8_IEEE_EXPONENT_BIAS=0 -DMIOPEN_FP8_CLIPPING=1 -mcpu=gfx900
MIOpen(HIP): Info2 [Prepare] SELECT kernel_blob, kernel_hash, uncompressed_size FROM kern_db WHERE (kernel_name = 'naive_conv.cpp.o') AND (kernel_args = ' -DMIOPEN_USE_FP16=0 -DMIOPEN_USE_FP16x4=0 -DMIOPEN_USE_FP16x8=0 -DMIOPEN_USE_FP32=0 -DMIOPEN_USE_INT8=1 -DMIOPEN_USE_BFP16=0 -DMIOPEN_USE_INT32=0 -DMIOPEN_USE_RNE_BFLOAT16=1 -DMIOPEN_FP8_IEEE_EXPONENT_BIAS=0 -DMIOPEN_FP8_CLIPPING=1 -DMIOPEN_USE_FP16=0 -DMIOPEN_USE_FP16x4=0 -DMIOPEN_USE_FP16x8=0 -DMIOPEN_USE_FP32=0 -DMIOPEN_USE_INT8=1 -DMIOPEN_USE_BFP16=0 -DMIOPEN_USE_INT32=0 -DMIOPEN_USE_RNE_BFLOAT16=1 -DMIOPEN_FP8_IEEE_EXPONENT_BIAS=0 -DMIOPEN_FP8_CLIPPING=1 -mcpu=gfx900');
MIOpen(HIP): Info2 [Measure] Db::FindRecord time: 12.3874 ms
MIOpen(HIP): Info2 [LoadBinary] Successfully loaded binary for: "naive_conv.cpp.o"; args:  -DMIOPEN_USE_FP16=0 -DMIOPEN_USE_FP16x4=0 -DMIOPEN_USE_FP16x8=0 -DMIOPEN_USE_FP32=0 -DMIOPEN_USE_INT8=1 -DMIOPEN_USE_BFP16=0 -DMIOPEN_USE_INT32=0 -DMIOPEN_USE_RNE_BFLOAT16=1 -DMIOPEN_FP8_IEEE_EXPONENT_BIAS=0 -DMIOPEN_FP8_CLIPPING=1 -DMIOPEN_USE_FP16=0 -DMIOPEN_USE_FP16x4=0 -DMIOPEN_USE_FP16x8=0 -DMIOPEN_USE_FP32=0 -DMIOPEN_USE_INT8=1 -DMIOPEN_USE_BFP16=0 -DMIOPEN_USE_INT32=0 -DMIOPEN_USE_RNE_BFLOAT16=1 -DMIOPEN_FP8_IEEE_EXPONENT_BIAS=0 -DMIOPEN_FP8_CLIPPING=1 -mcpu=gfx900
MIOpen(HIP): Info2 [Register] Invoker registered for algorithm 128x56x56x3x3x256x28x28x16xNCHWxINT8x1x1x2x2x1x1x1xFxDefault and solver ConvDirectNaiveConvFwd
MIOpen(HIP): Info2 [SetAsFound1_0] Solver ConvDirectNaiveConvFwd registered as find 1.0 best for miopenConvolutionFwdAlgoDirect in 128x56x56x3x3x256x28x28x16xNCHWxINT8x1x1x2x2x1x1x1xFxDefault
MIOpen(HIP): Info [FindConvolution] miopenConvolutionFwdAlgoDirect	17.834	0
MIOpen(HIP): Info [FillFindReturnParameters] FW Chosen Algorithm: ConvDirectNaiveConvFwd , 0, 17.834
MIOpen(HIP): MIOpenDriver Info2 [DebugPrintWorkspaceDev] ptr=0 size=0
MIOpen(HIP): miopenStatus_t miopenConvolutionForward(miopenHandle_t, const void *, const miopenTensorDescriptor_t, const void *, const miopenTensorDescriptor_t, const void *, const miopenConvolutionDescriptor_t, miopenConvFwdAlgorithm_t, const void *, const miopenTensorDescriptor_t, void *, void *, size_t){
MIOpen(HIP): 	handle = stream: 0x55fd06c74380, device_id: 0
MIOpen(HIP): 	alpha = 0x7ffce0e6a704
MIOpen(HIP): 	xDesc = {16, 128, 56, 56}, {401408, 3136, 56, 1}, packed, 
MIOpen(HIP): 	x = 0x7f54f8c00000
MIOpen(HIP): 	wDesc = {256, 128, 3, 3}, {1152, 9, 3, 1}, packed, 
MIOpen(HIP): 	w = 0x7f54f1c00000
MIOpen(HIP): 	convDesc = conv2d, miopenConvolution, miopenPaddingDefault, {1, 1}, {2, 2}, {1, 1}, 
MIOpen(HIP): 	algo = 1
MIOpen(HIP): 	beta = 0x7ffce0e6a708
MIOpen(HIP): 	yDesc = {16, 256, 28, 28}, {200704, 784, 28, 1}, packed, 
MIOpen(HIP): 	y = 0x7f54f0c00000
MIOpen(HIP): 	workSpace = nullptr
MIOpen(HIP): 	workSpaceSize = 0
MIOpen(HIP): }
MIOpen(HIP): Command [LogCmdConvolution] ./bin/MIOpenDriver convint8 -n 16 -c 128 -H 56 -W 56 -k 256 -y 3 -x 3 -p 1 -q 1 -u 2 -v 2 -l 1 -j 1 -m conv -g 1 -F 1 -t 1
MIOpen(HIP): Info [ConvolutionForward] algo = 1, workspace = 0
MIOpen(HIP): Info2 [GetInvoker] Returning an invoker for problem 128x56x56x3x3x256x28x28x16xNCHWxINT8x1x1x2x2x1x1x1xFxDefault and algorithm miopenConvolutionFwdAlgoDirect
MIOpen(HIP): Info2 [run] kernel_name = naive_conv_ab_nonpacked_fwd_nchw_int8_t_int32_t_int8_t, global_work_dim = { 1048576, 1, 1 }, local_work_dim = { 256, 1, 1 }
MIOpen(HIP): miopenStatus_t miopenConvolutionForward(miopenHandle_t, const void *, const miopenTensorDescriptor_t, const void *, const miopenTensorDescriptor_t, const void *, const miopenConvolutionDescriptor_t, miopenConvFwdAlgorithm_t, const void *, const miopenTensorDescriptor_t, void *, void *, size_t){
MIOpen(HIP): 	handle = stream: 0x55fd06c74380, device_id: 0
MIOpen(HIP): 	alpha = 0x7ffce0e6a704
MIOpen(HIP): 	xDesc = {16, 128, 56, 56}, {401408, 3136, 56, 1}, packed, 
MIOpen(HIP): 	x = 0x7f54f8c00000
MIOpen(HIP): 	wDesc = {256, 128, 3, 3}, {1152, 9, 3, 1}, packed, 
MIOpen(HIP): 	w = 0x7f54f1c00000
MIOpen(HIP): 	convDesc = conv2d, miopenConvolution, miopenPaddingDefault, {1, 1}, {2, 2}, {1, 1}, 
MIOpen(HIP): 	algo = 1
MIOpen(HIP): 	beta = 0x7ffce0e6a708
MIOpen(HIP): 	yDesc = {16, 256, 28, 28}, {200704, 784, 28, 1}, packed, 
MIOpen(HIP): 	y = 0x7f54f0c00000
MIOpen(HIP): 	workSpace = nullptr
MIOpen(HIP): 	workSpaceSize = 0
MIOpen(HIP): }
MIOpen(HIP): Command [LogCmdConvolution] ./bin/MIOpenDriver convint8 -n 16 -c 128 -H 56 -W 56 -k 256 -y 3 -x 3 -p 1 -q 1 -u 2 -v 2 -l 1 -j 1 -m conv -g 1 -F 1 -t 1
MIOpen(HIP): Info [ConvolutionForward] algo = 1, workspace = 0
MIOpen(HIP): Info2 [GetInvoker] Returning an invoker for problem 128x56x56x3x3x256x28x28x16xNCHWxINT8x1x1x2x2x1x1x1xFxDefault and algorithm miopenConvolutionFwdAlgoDirect
MIOpen(HIP): Info2 [run] kernel_name = naive_conv_ab_nonpacked_fwd_nchw_int8_t_int32_t_int8_t, global_work_dim = { 1048576, 1, 1 }, local_work_dim = { 256, 1, 1 }
MIOpen(HIP): miopenStatus_t miopenConvolutionForward(miopenHandle_t, const void *, const miopenTensorDescriptor_t, const void *, const miopenTensorDescriptor_t, const void *, const miopenConvolutionDescriptor_t, miopenConvFwdAlgorithm_t, const void *, const miopenTensorDescriptor_t, void *, void *, size_t){
MIOpen(HIP): 	handle = stream: 0x55fd06c74380, device_id: 0
MIOpen(HIP): 	alpha = 0x7ffce0e6a704
MIOpen(HIP): 	xDesc = {16, 128, 56, 56}, {401408, 3136, 56, 1}, packed, 
MIOpen(HIP): 	x = 0x7f54f8c00000
MIOpen(HIP): 	wDesc = {256, 128, 3, 3}, {1152, 9, 3, 1}, packed, 
MIOpen(HIP): 	w = 0x7f54f1c00000
MIOpen(HIP): 	convDesc = conv2d, miopenConvolution, miopenPaddingDefault, {1, 1}, {2, 2}, {1, 1}, 
MIOpen(HIP): 	algo = 1
MIOpen(HIP): 	beta = 0x7ffce0e6a708
MIOpen(HIP): 	yDesc = {16, 256, 28, 28}, {200704, 784, 28, 1}, packed, 
MIOpen(HIP): 	y = 0x7f54f0c00000
MIOpen(HIP): 	workSpace = nullptr
MIOpen(HIP): 	workSpaceSize = 0
MIOpen(HIP): }
MIOpen(HIP): Command [LogCmdConvolution] ./bin/MIOpenDriver convint8 -n 16 -c 128 -H 56 -W 56 -k 256 -y 3 -x 3 -p 1 -q 1 -u 2 -v 2 -l 1 -j 1 -m conv -g 1 -F 1 -t 1
MIOpen(HIP): Info [ConvolutionForward] algo = 1, workspace = 0
MIOpen(HIP): Info2 [GetInvoker] Returning an invoker for problem 128x56x56x3x3x256x28x28x16xNCHWxINT8x1x1x2x2x1x1x1xFxDefault and algorithm miopenConvolutionFwdAlgoDirect
MIOpen(HIP): Info2 [run] kernel_name = naive_conv_ab_nonpacked_fwd_nchw_int8_t_int32_t_int8_t, global_work_dim = { 1048576, 1, 1 }, local_work_dim = { 256, 1, 1 }
MIOpen(HIP): miopenStatus_t miopenConvolutionForward(miopenHandle_t, const void *, const miopenTensorDescriptor_t, const void *, const miopenTensorDescriptor_t, const void *, const miopenConvolutionDescriptor_t, miopenConvFwdAlgorithm_t, const void *, const miopenTensorDescriptor_t, void *, void *, size_t){
MIOpen(HIP): 	handle = stream: 0x55fd06c74380, device_id: 0
MIOpen(HIP): 	alpha = 0x7ffce0e6a704
MIOpen(HIP): 	xDesc = {16, 128, 56, 56}, {401408, 3136, 56, 1}, packed, 
MIOpen(HIP): 	x = 0x7f54f8c00000
MIOpen(HIP): 	wDesc = {256, 128, 3, 3}, {1152, 9, 3, 1}, packed, 
MIOpen(HIP): 	w = 0x7f54f1c00000
MIOpen(HIP): 	convDesc = conv2d, miopenConvolution, miopenPaddingDefault, {1, 1}, {2, 2}, {1, 1}, 
MIOpen(HIP): 	algo = 1
MIOpen(HIP): 	beta = 0x7ffce0e6a708
MIOpen(HIP): 	yDesc = {16, 256, 28, 28}, {200704, 784, 28, 1}, packed, 
MIOpen(HIP): 	y = 0x7f54f0c00000
MIOpen(HIP): 	workSpace = nullptr
MIOpen(HIP): 	workSpaceSize = 0
MIOpen(HIP): }
MIOpen(HIP): Command [LogCmdConvolution] ./bin/MIOpenDriver convint8 -n 16 -c 128 -H 56 -W 56 -k 256 -y 3 -x 3 -p 1 -q 1 -u 2 -v 2 -l 1 -j 1 -m conv -g 1 -F 1 -t 1
MIOpen(HIP): Info [ConvolutionForward] algo = 1, workspace = 0
MIOpen(HIP): Info2 [GetInvoker] Returning an invoker for problem 128x56x56x3x3x256x28x28x16xNCHWxINT8x1x1x2x2x1x1x1xFxDefault and algorithm miopenConvolutionFwdAlgoDirect
MIOpen(HIP): Info2 [run] kernel_name = naive_conv_ab_nonpacked_fwd_nchw_int8_t_int32_t_int8_t, global_work_dim = { 1048576, 1, 1 }, local_work_dim = { 256, 1, 1 }
MIOpen(HIP): miopenStatus_t miopenConvolutionForward(miopenHandle_t, const void *, const miopenTensorDescriptor_t, const void *, const miopenTensorDescriptor_t, const void *, const miopenConvolutionDescriptor_t, miopenConvFwdAlgorithm_t, const void *, const miopenTensorDescriptor_t, void *, void *, size_t){
MIOpen(HIP): 	handle = stream: 0x55fd06c74380, device_id: 0
MIOpen(HIP): 	alpha = 0x7ffce0e6a704
MIOpen(HIP): 	xDesc = {16, 128, 56, 56}, {401408, 3136, 56, 1}, packed, 
MIOpen(HIP): 	x = 0x7f54f8c00000
MIOpen(HIP): 	wDesc = {256, 128, 3, 3}, {1152, 9, 3, 1}, packed, 
MIOpen(HIP): 	w = 0x7f54f1c00000
MIOpen(HIP): 	convDesc = conv2d, miopenConvolution, miopenPaddingDefault, {1, 1}, {2, 2}, {1, 1}, 
MIOpen(HIP): 	algo = 1
MIOpen(HIP): 	beta = 0x7ffce0e6a708
MIOpen(HIP): 	yDesc = {16, 256, 28, 28}, {200704, 784, 28, 1}, packed, 
MIOpen(HIP): 	y = 0x7f54f0c00000
MIOpen(HIP): 	workSpace = nullptr
MIOpen(HIP): 	workSpaceSize = 0
MIOpen(HIP): }
MIOpen(HIP): Command [LogCmdConvolution] ./bin/MIOpenDriver convint8 -n 16 -c 128 -H 56 -W 56 -k 256 -y 3 -x 3 -p 1 -q 1 -u 2 -v 2 -l 1 -j 1 -m conv -g 1 -F 1 -t 1
MIOpen(HIP): Info [ConvolutionForward] algo = 1, workspace = 0
MIOpen(HIP): Info2 [GetInvoker] Returning an invoker for problem 128x56x56x3x3x256x28x28x16xNCHWxINT8x1x1x2x2x1x1x1xFxDefault and algorithm miopenConvolutionFwdAlgoDirect
MIOpen(HIP): Info2 [run] kernel_name = naive_conv_ab_nonpacked_fwd_nchw_int8_t_int32_t_int8_t, global_work_dim = { 1048576, 1, 1 }, local_work_dim = { 256, 1, 1 }
MIOpen(HIP): miopenStatus_t miopenConvolutionForward(miopenHandle_t, const void *, const miopenTensorDescriptor_t, const void *, const miopenTensorDescriptor_t, const void *, const miopenConvolutionDescriptor_t, miopenConvFwdAlgorithm_t, const void *, const miopenTensorDescriptor_t, void *, void *, size_t){
MIOpen(HIP): 	handle = stream: 0x55fd06c74380, device_id: 0
MIOpen(HIP): 	alpha = 0x7ffce0e6a704
MIOpen(HIP): 	xDesc = {16, 128, 56, 56}, {401408, 3136, 56, 1}, packed, 
MIOpen(HIP): 	x = 0x7f54f8c00000
MIOpen(HIP): 	wDesc = {256, 128, 3, 3}, {1152, 9, 3, 1}, packed, 
MIOpen(HIP): 	w = 0x7f54f1c00000
MIOpen(HIP): 	convDesc = conv2d, miopenConvolution, miopenPaddingDefault, {1, 1}, {2, 2}, {1, 1}, 
MIOpen(HIP): 	algo = 1
MIOpen(HIP): 	beta = 0x7ffce0e6a708
MIOpen(HIP): 	yDesc = {16, 256, 28, 28}, {200704, 784, 28, 1}, packed, 
MIOpen(HIP): 	y = 0x7f54f0c00000
MIOpen(HIP): 	workSpace = nullptr
MIOpen(HIP): 	workSpaceSize = 0
MIOpen(HIP): }
MIOpen(HIP): Command [LogCmdConvolution] ./bin/MIOpenDriver convint8 -n 16 -c 128 -H 56 -W 56 -k 256 -y 3 -x 3 -p 1 -q 1 -u 2 -v 2 -l 1 -j 1 -m conv -g 1 -F 1 -t 1
MIOpen(HIP): Info [ConvolutionForward] algo = 1, workspace = 0
MIOpen(HIP): Info2 [GetInvoker] Returning an invoker for problem 128x56x56x3x3x256x28x28x16xNCHWxINT8x1x1x2x2x1x1x1xFxDefault and algorithm miopenConvolutionFwdAlgoDirect
MIOpen(HIP): Info2 [run] kernel_name = naive_conv_ab_nonpacked_fwd_nchw_int8_t_int32_t_int8_t, global_work_dim = { 1048576, 1, 1 }, local_work_dim = { 256, 1, 1 }
MIOpen(HIP): miopenStatus_t miopenConvolutionForward(miopenHandle_t, const void *, const miopenTensorDescriptor_t, const void *, const miopenTensorDescriptor_t, const void *, const miopenConvolutionDescriptor_t, miopenConvFwdAlgorithm_t, const void *, const miopenTensorDescriptor_t, void *, void *, size_t){
MIOpen(HIP): 	handle = stream: 0x55fd06c74380, device_id: 0
MIOpen(HIP): 	alpha = 0x7ffce0e6a704
MIOpen(HIP): 	xDesc = {16, 128, 56, 56}, {401408, 3136, 56, 1}, packed, 
MIOpen(HIP): 	x = 0x7f54f8c00000
MIOpen(HIP): 	wDesc = {256, 128, 3, 3}, {1152, 9, 3, 1}, packed, 
MIOpen(HIP): 	w = 0x7f54f1c00000
MIOpen(HIP): 	convDesc = conv2d, miopenConvolution, miopenPaddingDefault, {1, 1}, {2, 2}, {1, 1}, 
MIOpen(HIP): 	algo = 1
MIOpen(HIP): 	beta = 0x7ffce0e6a708
MIOpen(HIP): 	yDesc = {16, 256, 28, 28}, {200704, 784, 28, 1}, packed, 
MIOpen(HIP): 	y = 0x7f54f0c00000
MIOpen(HIP): 	workSpace = nullptr
MIOpen(HIP): 	workSpaceSize = 0
MIOpen(HIP): }
MIOpen(HIP): Command [LogCmdConvolution] ./bin/MIOpenDriver convint8 -n 16 -c 128 -H 56 -W 56 -k 256 -y 3 -x 3 -p 1 -q 1 -u 2 -v 2 -l 1 -j 1 -m conv -g 1 -F 1 -t 1
MIOpen(HIP): Info [ConvolutionForward] algo = 1, workspace = 0
MIOpen(HIP): Info2 [GetInvoker] Returning an invoker for problem 128x56x56x3x3x256x28x28x16xNCHWxINT8x1x1x2x2x1x1x1xFxDefault and algorithm miopenConvolutionFwdAlgoDirect
MIOpen(HIP): Info2 [run] kernel_name = naive_conv_ab_nonpacked_fwd_nchw_int8_t_int32_t_int8_t, global_work_dim = { 1048576, 1, 1 }, local_work_dim = { 256, 1, 1 }
MIOpen(HIP): miopenStatus_t miopenConvolutionForward(miopenHandle_t, const void *, const miopenTensorDescriptor_t, const void *, const miopenTensorDescriptor_t, const void *, const miopenConvolutionDescriptor_t, miopenConvFwdAlgorithm_t, const void *, const miopenTensorDescriptor_t, void *, void *, size_t){
MIOpen(HIP): 	handle = stream: 0x55fd06c74380, device_id: 0
MIOpen(HIP): 	alpha = 0x7ffce0e6a704
MIOpen(HIP): 	xDesc = {16, 128, 56, 56}, {401408, 3136, 56, 1}, packed, 
MIOpen(HIP): 	x = 0x7f54f8c00000
MIOpen(HIP): 	wDesc = {256, 128, 3, 3}, {1152, 9, 3, 1}, packed, 
MIOpen(HIP): 	w = 0x7f54f1c00000
MIOpen(HIP): 	convDesc = conv2d, miopenConvolution, miopenPaddingDefault, {1, 1}, {2, 2}, {1, 1}, 
MIOpen(HIP): 	algo = 1
MIOpen(HIP): 	beta = 0x7ffce0e6a708
MIOpen(HIP): 	yDesc = {16, 256, 28, 28}, {200704, 784, 28, 1}, packed, 
MIOpen(HIP): 	y = 0x7f54f0c00000
MIOpen(HIP): 	workSpace = nullptr
MIOpen(HIP): 	workSpaceSize = 0
MIOpen(HIP): }
MIOpen(HIP): Command [LogCmdConvolution] ./bin/MIOpenDriver convint8 -n 16 -c 128 -H 56 -W 56 -k 256 -y 3 -x 3 -p 1 -q 1 -u 2 -v 2 -l 1 -j 1 -m conv -g 1 -F 1 -t 1
MIOpen(HIP): Info [ConvolutionForward] algo = 1, workspace = 0
MIOpen(HIP): Info2 [GetInvoker] Returning an invoker for problem 128x56x56x3x3x256x28x28x16xNCHWxINT8x1x1x2x2x1x1x1xFxDefault and algorithm miopenConvolutionFwdAlgoDirect
MIOpen(HIP): Info2 [run] kernel_name = naive_conv_ab_nonpacked_fwd_nchw_int8_t_int32_t_int8_t, global_work_dim = { 1048576, 1, 1 }, local_work_dim = { 256, 1, 1 }
MIOpen(HIP): miopenStatus_t miopenConvolutionForward(miopenHandle_t, const void *, const miopenTensorDescriptor_t, const void *, const miopenTensorDescriptor_t, const void *, const miopenConvolutionDescriptor_t, miopenConvFwdAlgorithm_t, const void *, const miopenTensorDescriptor_t, void *, void *, size_t){
MIOpen(HIP): 	handle = stream: 0x55fd06c74380, device_id: 0
MIOpen(HIP): 	alpha = 0x7ffce0e6a704
MIOpen(HIP): 	xDesc = {16, 128, 56, 56}, {401408, 3136, 56, 1}, packed, 
MIOpen(HIP): 	x = 0x7f54f8c00000
MIOpen(HIP): 	wDesc = {256, 128, 3, 3}, {1152, 9, 3, 1}, packed, 
MIOpen(HIP): 	w = 0x7f54f1c00000
MIOpen(HIP): 	convDesc = conv2d, miopenConvolution, miopenPaddingDefault, {1, 1}, {2, 2}, {1, 1}, 
MIOpen(HIP): 	algo = 1
MIOpen(HIP): 	beta = 0x7ffce0e6a708
MIOpen(HIP): 	yDesc = {16, 256, 28, 28}, {200704, 784, 28, 1}, packed, 
MIOpen(HIP): 	y = 0x7f54f0c00000
MIOpen(HIP): 	workSpace = nullptr
MIOpen(HIP): 	workSpaceSize = 0
MIOpen(HIP): }
MIOpen(HIP): Command [LogCmdConvolution] ./bin/MIOpenDriver convint8 -n 16 -c 128 -H 56 -W 56 -k 256 -y 3 -x 3 -p 1 -q 1 -u 2 -v 2 -l 1 -j 1 -m conv -g 1 -F 1 -t 1
MIOpen(HIP): Info [ConvolutionForward] algo = 1, workspace = 0
MIOpen(HIP): Info2 [GetInvoker] Returning an invoker for problem 128x56x56x3x3x256x28x28x16xNCHWxINT8x1x1x2x2x1x1x1xFxDefault and algorithm miopenConvolutionFwdAlgoDirect
MIOpen(HIP): Info2 [run] kernel_name = naive_conv_ab_nonpacked_fwd_nchw_int8_t_int32_t_int8_t, global_work_dim = { 1048576, 1, 1 }, local_work_dim = { 256, 1, 1 }
MIOpen(HIP): miopenStatus_t miopenConvolutionForward(miopenHandle_t, const void *, const miopenTensorDescriptor_t, const void *, const miopenTensorDescriptor_t, const void *, const miopenConvolutionDescriptor_t, miopenConvFwdAlgorithm_t, const void *, const miopenTensorDescriptor_t, void *, void *, size_t){
MIOpen(HIP): 	handle = stream: 0x55fd06c74380, device_id: 0
MIOpen(HIP): 	alpha = 0x7ffce0e6a704
MIOpen(HIP): 	xDesc = {16, 128, 56, 56}, {401408, 3136, 56, 1}, packed, 
MIOpen(HIP): 	x = 0x7f54f8c00000
MIOpen(HIP): 	wDesc = {256, 128, 3, 3}, {1152, 9, 3, 1}, packed, 
MIOpen(HIP): 	w = 0x7f54f1c00000
MIOpen(HIP): 	convDesc = conv2d, miopenConvolution, miopenPaddingDefault, {1, 1}, {2, 2}, {1, 1}, 
MIOpen(HIP): 	algo = 1
MIOpen(HIP): 	beta = 0x7ffce0e6a708
MIOpen(HIP): 	yDesc = {16, 256, 28, 28}, {200704, 784, 28, 1}, packed, 
MIOpen(HIP): 	y = 0x7f54f0c00000
MIOpen(HIP): 	workSpace = nullptr
MIOpen(HIP): 	workSpaceSize = 0
MIOpen(HIP): }
MIOpen(HIP): Command [LogCmdConvolution] ./bin/MIOpenDriver convint8 -n 16 -c 128 -H 56 -W 56 -k 256 -y 3 -x 3 -p 1 -q 1 -u 2 -v 2 -l 1 -j 1 -m conv -g 1 -F 1 -t 1
MIOpen(HIP): Info [ConvolutionForward] algo = 1, workspace = 0
MIOpen(HIP): Info2 [GetInvoker] Returning an invoker for problem 128x56x56x3x3x256x28x28x16xNCHWxINT8x1x1x2x2x1x1x1xFxDefault and algorithm miopenConvolutionFwdAlgoDirect
MIOpen(HIP): Info2 [run] kernel_name = naive_conv_ab_nonpacked_fwd_nchw_int8_t_int32_t_int8_t, global_work_dim = { 1048576, 1, 1 }, local_work_dim = { 256, 1, 1 }
MIOpen Forward Conv. Algorithm: 1, Solution: 85/ConvDirectNaiveConvFwd
GPU Kernel Time Forward Conv. Elapsed: 18.776218 ms (average)
stats: name, n, c, ho, wo, y, x, k, flopCnt, bytesRead, bytesWritten, GFLOPs, GB/s, timeMs
stats: fwd-conv3x3u2, 16, 128, 28, 28, 3, 3, 256, 7398752256, 6717440, 3211264, 394, 1, 18.776218
Forward Convolution Verifies OK on GPU reference (0 < 1.5e-06)
MIOpen(HIP): miopenStatus_t miopenDestroyTensorDescriptor(miopenTensorDescriptor_t){
MIOpen(HIP): 	tensorDesc = {}, {}, packed, 
MIOpen(HIP): }
MIOpen(HIP): miopenStatus_t miopenDestroyTensorDescriptor(miopenTensorDescriptor_t){
MIOpen(HIP): 	tensorDesc = {16, 256, 28, 28}, {200704, 784, 28, 1}, packed, 
MIOpen(HIP): }
MIOpen(HIP): miopenStatus_t miopenDestroyTensorDescriptor(miopenTensorDescriptor_t){
MIOpen(HIP): 	tensorDesc = {256, 128, 3, 3}, {1152, 9, 3, 1}, packed, 
MIOpen(HIP): }
MIOpen(HIP): miopenStatus_t miopenDestroyTensorDescriptor(miopenTensorDescriptor_t){
MIOpen(HIP): 	tensorDesc = {16, 128, 56, 56}, {401408, 3136, 56, 1}, packed, 
MIOpen(HIP): }
MIOpen(HIP): miopenStatus_t miopenDestroyTensorDescriptor(miopenTensorDescriptor_t){
MIOpen(HIP): 	tensorDesc = {}, {}, packed, 
MIOpen(HIP): }
MIOpen(HIP): miopenStatus_t miopenDestroyTensorDescriptor(miopenTensorDescriptor_t){
MIOpen(HIP): 	tensorDesc = {}, {}, packed, 
MIOpen(HIP): }
MIOpen(HIP): miopenStatus_t miopenDestroyConvolutionDescriptor(miopenConvolutionDescriptor_t){
MIOpen(HIP): 	convDesc = conv2d, miopenConvolution, miopenPaddingDefault, {1, 1}, {2, 2}, {1, 1}, 
MIOpen(HIP): }
MIOpen(HIP): miopenStatus_t miopenDestroyTensorDescriptor(miopenTensorDescriptor_t){
MIOpen(HIP): 	tensorDesc = {}, {}, packed, 
MIOpen(HIP): }
MIOpen(HIP): miopenStatus_t miopenDestroyTensorDescriptor(miopenTensorDescriptor_t){
MIOpen(HIP): 	tensorDesc = {}, {}, packed, 
MIOpen(HIP): }
MIOpen(HIP): miopenStatus_t miopenDestroyTensorDescriptor(miopenTensorDescriptor_t){
MIOpen(HIP): 	tensorDesc = {}, {}, packed, 
MIOpen(HIP): }
MIOpen(HIP): miopenStatus_t miopenDestroyConvolutionDescriptor(miopenConvolutionDescriptor_t){
MIOpen(HIP): 	convDesc = conv2d, miopenConvolution, miopenPaddingDefault, {0, 0}, {1, 1}, {1, 1}, 
MIOpen(HIP): }
MIOpen(HIP): MIOpenDriver Info2 [~GPUMem] hipFree 12845056 at 0x7f54f0c00000 Ok
MIOpen(HIP): MIOpenDriver Info2 [~GPUMem] hipFree 294912 at 0x7f54f1c00000 Ok
MIOpen(HIP): MIOpenDriver Info2 [~GPUMem] hipFree 6422528 at 0x7f54f8c00000 Ok
