MIOpenDriver convfp16 -n 16 -c 64 -H 56 -W 56 -k 64 -y 3 -x 3 -p 1 -q 1 -u 1 -v 1 -s 1 -F 1 -t 1
MIOpen(HIP): Info [get_device_name] Raw device name: gfx900:xnack-
MIOpen(HIP): Info [Handle] stream: 0x55cf5fc2a390, device_id: 0
MIOpen(HIP): miopenStatus_t miopenCreateTensorDescriptor(miopenTensorDescriptor_t *){
MIOpen(HIP): 	tensorDesc = 0
MIOpen(HIP): }
MIOpen(HIP): miopenStatus_t miopenCreateTensorDescriptor(miopenTensorDescriptor_t *){
MIOpen(HIP): 	tensorDesc = 0
MIOpen(HIP): }
MIOpen(HIP): miopenStatus_t miopenCreateTensorDescriptor(miopenTensorDescriptor_t *){
MIOpen(HIP): 	tensorDesc = 0
MIOpen(HIP): }
MIOpen(HIP): miopenStatus_t miopenCreateTensorDescriptor(miopenTensorDescriptor_t *){
MIOpen(HIP): 	tensorDesc = 0
MIOpen(HIP): }
MIOpen(HIP): miopenStatus_t miopenCreateTensorDescriptor(miopenTensorDescriptor_t *){
MIOpen(HIP): 	tensorDesc = 0
MIOpen(HIP): }
MIOpen(HIP): miopenStatus_t miopenCreateTensorDescriptor(miopenTensorDescriptor_t *){
MIOpen(HIP): 	tensorDesc = 0
MIOpen(HIP): }
MIOpen(HIP): miopenStatus_t miopenCreateConvolutionDescriptor(miopenConvolutionDescriptor_t *){
MIOpen(HIP): 	convDesc = 0
MIOpen(HIP): }
MIOpen(HIP): Info [] MIOPEN_FIND_MODE = DYNAMIC_HYBRID(5)
MIOpen(HIP): miopenStatus_t miopenSetTensorDescriptorV2(miopenTensorDescriptor_t, miopenDataType_t, int, const size_t *, const size_t *){
MIOpen(HIP): 	tensorDesc = {}, {}, packed, 
MIOpen(HIP): 	dataType = 0
MIOpen(HIP): 	nbDims = 4
MIOpen(HIP): 	dim.values = { 16 64 56 56 }
MIOpen(HIP): 	stride.values = { 200704 3136 56 1 }
MIOpen(HIP): }
MIOpen(HIP): miopenStatus_t miopenSetTensorDescriptorV2(miopenTensorDescriptor_t, miopenDataType_t, int, const size_t *, const size_t *){
MIOpen(HIP): 	tensorDesc = {}, {}, packed, 
MIOpen(HIP): 	dataType = 0
MIOpen(HIP): 	nbDims = 4
MIOpen(HIP): 	dim.values = { 64 64 3 3 }
MIOpen(HIP): 	stride.values = { 576 9 3 1 }
MIOpen(HIP): }
MIOpen(HIP): miopenStatus_t miopenInitConvolutionNdDescriptor(miopenConvolutionDescriptor_t, int, const int *, const int *, const int *, miopenConvolutionMode_t){
MIOpen(HIP): 	convDesc = conv2d, miopenConvolution, miopenPaddingDefault, {0, 0}, {1, 1}, {1, 1}, 
MIOpen(HIP): 	spatialDim = 2
MIOpen(HIP): 	pads = { 1 1 }
MIOpen(HIP): 	strides = { 1 1 }
MIOpen(HIP): 	dilations = { 1 1 }
MIOpen(HIP): 	c_mode = 0
MIOpen(HIP): }
MIOpen(HIP): miopenStatus_t miopenSetConvolutionGroupCount(miopenConvolutionDescriptor_t, int){
MIOpen(HIP): 	convDesc = conv2d, miopenConvolution, miopenPaddingDefault, {1, 1}, {1, 1}, {1, 1}, 
MIOpen(HIP): 	groupCount = 1
MIOpen(HIP): }
MIOpen(HIP): miopenStatus_t miopenGetConvolutionNdForwardOutputDim(miopenConvolutionDescriptor_t, const miopenTensorDescriptor_t, const miopenTensorDescriptor_t, int *, int *){
MIOpen(HIP): 	convDesc = conv2d, miopenConvolution, miopenPaddingDefault, {1, 1}, {1, 1}, {1, 1}, 
MIOpen(HIP): 	inputTensorDesc = {16, 64, 56, 56}, {200704, 3136, 56, 1}, packed, 
MIOpen(HIP): 	filterDesc = {64, 64, 3, 3}, {576, 9, 3, 1}, packed, 
MIOpen(HIP): }
MIOpen(HIP): miopenStatus_t miopenSetTensorDescriptorV2(miopenTensorDescriptor_t, miopenDataType_t, int, const size_t *, const size_t *){
MIOpen(HIP): 	tensorDesc = {}, {}, packed, 
MIOpen(HIP): 	dataType = 0
MIOpen(HIP): 	nbDims = 4
MIOpen(HIP): 	dim.values = { 16 64 56 56 }
MIOpen(HIP): 	stride.values = { 200704 3136 56 1 }
MIOpen(HIP): }
MIOpen(HIP): miopenStatus_t miopenGetTensorDescriptorSize(miopenTensorDescriptor_t, int *){
MIOpen(HIP): 	tensorDesc = {16, 64, 56, 56}, {200704, 3136, 56, 1}, packed, 
MIOpen(HIP): }
MIOpen(HIP): miopenStatus_t miopenGet4dTensorDescriptorLengths(miopenTensorDescriptor_t, int *, int *, int *, int *){
MIOpen(HIP): 	tensorDesc = {16, 64, 56, 56}, {200704, 3136, 56, 1}, packed, 
MIOpen(HIP): 	n = 1601467759
MIOpen(HIP): 	c = 1953718627
MIOpen(HIP): 	h = 1887007839
MIOpen(HIP): 	w = 101
MIOpen(HIP): }
MIOpen(HIP): miopenStatus_t miopenGetTensorDescriptorSize(miopenTensorDescriptor_t, int *){
MIOpen(HIP): 	tensorDesc = {16, 64, 56, 56}, {200704, 3136, 56, 1}, packed, 
MIOpen(HIP): }
MIOpen(HIP): miopenStatus_t miopenGetNdTensorDescriptorVectorLength(miopenTensorDescriptor_t, std::size_t *){
MIOpen(HIP): 	tensorDesc = {16, 64, 56, 56}, {200704, 3136, 56, 1}, packed, 
MIOpen(HIP): 	vectorLength = 13
MIOpen(HIP): }
MIOpen(HIP): miopenStatus_t miopenGetTensorDescriptorSize(miopenTensorDescriptor_t, int *){
MIOpen(HIP): 	tensorDesc = {64, 64, 3, 3}, {576, 9, 3, 1}, packed, 
MIOpen(HIP): }
MIOpen(HIP): miopenStatus_t miopenGet4dTensorDescriptorLengths(miopenTensorDescriptor_t, int *, int *, int *, int *){
MIOpen(HIP): 	tensorDesc = {64, 64, 3, 3}, {576, 9, 3, 1}, packed, 
MIOpen(HIP): 	n = -370629800
MIOpen(HIP): 	c = 32632
MIOpen(HIP): 	h = 56
MIOpen(HIP): 	w = 56
MIOpen(HIP): }
MIOpen(HIP): miopenStatus_t miopenGetTensorDescriptorSize(miopenTensorDescriptor_t, int *){
MIOpen(HIP): 	tensorDesc = {64, 64, 3, 3}, {576, 9, 3, 1}, packed, 
MIOpen(HIP): }
MIOpen(HIP): miopenStatus_t miopenGetNdTensorDescriptorVectorLength(miopenTensorDescriptor_t, std::size_t *){
MIOpen(HIP): 	tensorDesc = {64, 64, 3, 3}, {576, 9, 3, 1}, packed, 
MIOpen(HIP): 	vectorLength = 1
MIOpen(HIP): }
MIOpen(HIP): miopenStatus_t miopenGetTensorDescriptorSize(miopenTensorDescriptor_t, int *){
MIOpen(HIP): 	tensorDesc = {16, 64, 56, 56}, {200704, 3136, 56, 1}, packed, 
MIOpen(HIP): }
MIOpen(HIP): miopenStatus_t miopenGet4dTensorDescriptorLengths(miopenTensorDescriptor_t, int *, int *, int *, int *){
MIOpen(HIP): 	tensorDesc = {16, 64, 56, 56}, {200704, 3136, 56, 1}, packed, 
MIOpen(HIP): 	n = -370629800
MIOpen(HIP): 	c = 32632
MIOpen(HIP): 	h = 3
MIOpen(HIP): 	w = 3
MIOpen(HIP): }
MIOpen(HIP): miopenStatus_t miopenGetTensorDescriptorSize(miopenTensorDescriptor_t, int *){
MIOpen(HIP): 	tensorDesc = {16, 64, 56, 56}, {200704, 3136, 56, 1}, packed, 
MIOpen(HIP): }
MIOpen(HIP): miopenStatus_t miopenGetNdTensorDescriptorVectorLength(miopenTensorDescriptor_t, std::size_t *){
MIOpen(HIP): 	tensorDesc = {16, 64, 56, 56}, {200704, 3136, 56, 1}, packed, 
MIOpen(HIP): 	vectorLength = 1
MIOpen(HIP): }
MIOpen(HIP): miopenStatus_t miopenConvolutionForwardGetWorkSpaceSize(miopenHandle_t, const miopenTensorDescriptor_t, const miopenTensorDescriptor_t, const miopenConvolutionDescriptor_t, const miopenTensorDescriptor_t, size_t *){
MIOpen(HIP): 	handle = stream: 0x55cf5fc2a390, device_id: 0
MIOpen(HIP): 	wDesc = {64, 64, 3, 3}, {576, 9, 3, 1}, packed, 
MIOpen(HIP): 	xDesc = {16, 64, 56, 56}, {200704, 3136, 56, 1}, packed, 
MIOpen(HIP): 	convDesc = conv2d, miopenConvolution, miopenPaddingDefault, {1, 1}, {1, 1}, {1, 1}, 
MIOpen(HIP): 	yDesc = {16, 64, 56, 56}, {200704, 3136, 56, 1}, packed, 
MIOpen(HIP): }
MIOpen(HIP): Info [AmdRocmMetadataVersionDetect] ROCm MD version AMDHSA_COv3, HIP version 7.2.26043, MIOpen version 3.5.1.5b515cf1bca-dirty
MIOpen(HIP): Info2 [GetWorkSpaceSize] 
MIOpen(HIP): Info [GetSolutions] 
MIOpen(HIP): Info [IsNetworkedFilesystem] Filesystem type at '"/home/limonene/.config/miopen/"' is: 0x9123683e '<Unknown magic>'
MIOpen(HIP): Info2 [GetLibPath] Lib Path: "/opt/rocm/lib/libMIOpen.so.1.0"
MIOpen(HIP): Info2 [GetInstalledPathFile] Found exact find database file: "/opt/rocm/share/miopen/db/gfx900_64.HIP.fdb.txt"
MIOpen(HIP): Info [Measure] ReadonlyRamDb::Prefetch time: 36.4611 ms
MIOpen(HIP): Info2 [timed_lock] Attempting Lock < /home/limonene/.config/miopen/miopen-lockfiles/gfx900_64.HIP.3_5_1_5b515cf1bca-dirty.ufdb.txt.lock.fslock
MIOpen(HIP): Info2 [timed_lock] Lock < /home/limonene/.config/miopen/miopen-lockfiles/gfx900_64.HIP.3_5_1_5b515cf1bca-dirty.ufdb.txt.lock.fslock
MIOpen(HIP): Info [Measure] RamDb::Prefetch time: 0.014808 ms
MIOpen(HIP): Info2 [unlock] Unlock < /home/limonene/.config/miopen/miopen-lockfiles/gfx900_64.HIP.3_5_1_5b515cf1bca-dirty.ufdb.txt.lock.fslock
MIOpen(HIP): Info2 [refresh_lock] Lock Refresh Active < /home/limonene/.config/miopen/miopen-lockfiles/gfx900_64.HIP.3_5_1_5b515cf1bca-dirty.ufdb.txt.lock.fslock.abyss-hbmx.551135
MIOpen(HIP): Info2 [refresh_lock] Lock Refresh Exit < /home/limonene/.config/miopen/miopen-lockfiles/gfx900_64.HIP.3_5_1_5b515cf1bca-dirty.ufdb.txt.lock.fslock.abyss-hbmx.551135
MIOpen(HIP): Info2 [timed_lock] Attempting Lock < /home/limonene/.config/miopen/miopen-lockfiles/gfx900_64.HIP.3_5_1_5b515cf1bca-dirty.ufdb.txt.lock.fslock
MIOpen(HIP): Info2 [timed_lock] Lock < /home/limonene/.config/miopen/miopen-lockfiles/gfx900_64.HIP.3_5_1_5b515cf1bca-dirty.ufdb.txt.lock.fslock
MIOpen(HIP): Info2 [ValidateUnsafe] DB file is older than cache: 561340469424929, 561469016576071
MIOpen(HIP): Info2 [FindRecordUnsafe] Looking for key 64-56-56-3x3-64-56-56-16-1x1-1x1-1x1-0-NCHW-FP16-F in cache for file "/home/limonene/.config/miopen/gfx900_64.HIP.3_5_1_5b515cf1bca-dirty.ufdb.txt"
MIOpen(HIP): Info2 [unlock] Unlock < /home/limonene/.config/miopen/miopen-lockfiles/gfx900_64.HIP.3_5_1_5b515cf1bca-dirty.ufdb.txt.lock.fslock
MIOpen(HIP): Info2 [refresh_lock] Lock Refresh Active < /home/limonene/.config/miopen/miopen-lockfiles/gfx900_64.HIP.3_5_1_5b515cf1bca-dirty.ufdb.txt.lock.fslock.abyss-hbmx.551135
MIOpen(HIP): Info2 [refresh_lock] Lock Refresh Exit < /home/limonene/.config/miopen/miopen-lockfiles/gfx900_64.HIP.3_5_1_5b515cf1bca-dirty.ufdb.txt.lock.fslock.abyss-hbmx.551135
MIOpen(HIP): Info2 [FindRecord] Looking for key 64-56-56-3x3-64-56-56-16-1x1-1x1-1x1-0-NCHW-FP16-F in file "/opt/rocm/share/miopen/db/gfx900_64.HIP.fdb.txt"
MIOpen(HIP): Info2 [FindRecord] Key match: 64-56-56-3x3-64-56-56-16-1x1-1x1-1x1-0-NCHW-FP16-F
MIOpen(HIP): Info2 [FindRecord] Contents found: miopenConvolutionFwdAlgoDirect:ConvOclDirectFwd,1.52487,0,miopenConvolutionFwdAlgoDirect,<unused>;miopenConvolutionFwdAlgoImplicitGEMM:ConvHipImplicitGemmV4R1Fwd,1.59373,0,miopenConvolutionFwdAlgoImplicitGEMM,<unused>;miopenConvolutionFwdAlgoGEMM:GemmFwdRest,58.2346,3612672,rocBlas,<unused>
MIOpen(HIP): Info2 [Measure] Db::FindRecord time: 0.207467 ms
MIOpen(HIP): Info2 [GetDefaultPerformanceConfig] Returns: 16,16,32,32,2,2,8,2,1
MIOpen(HIP): Info2 [GetSolutions] ConvOclDirectFwd
MIOpen(HIP): Info [GetWorkSpaceSize] 0
PRNG seed: 12345678
MIOpen(HIP): MIOpenDriver Info2 [GPUMem] hipMalloc 6422528 at 0x7f77b8a00000 Ok
MIOpen(HIP): MIOpenDriver Info2 [GPUMem] hipMalloc 73728 at 0x7f78c8200000 Ok
MIOpen(HIP): MIOpenDriver Info2 [GPUMem] hipMalloc 6422528 at 0x7f77b2c00000 Ok
Timestamp: 2026-03-13 02:57:51 UTC; Host Name: abyss-hbmx; Operating System: Linux 6.18.16-1-lts; ROCm: 7.2.26043; MIOpen Driver: 3.5.1; CPU Vendor: AMD; CPU Model: 1 x Ryzen Threadripper; RAM Size: 62 GB; GPU Model: 1 x AMD Radeon RX Vega; AMDGPU Driver: 0.0.0
MIOpen(HIP): MIOpenDriver Info2 [DebugPrintWorkspaceDev] ptr=0 size=0
MIOpen(HIP): miopenStatus_t miopenFindConvolutionForwardAlgorithm(miopenHandle_t, const miopenTensorDescriptor_t, const void *, const miopenTensorDescriptor_t, const void *, const miopenConvolutionDescriptor_t, const miopenTensorDescriptor_t, void *, const int, int *, miopenConvAlgoPerf_t *, void *, size_t, bool){
MIOpen(HIP): 	handle = stream: 0x55cf5fc2a390, device_id: 0
MIOpen(HIP): 	xDesc = {16, 64, 56, 56}, {200704, 3136, 56, 1}, packed, 
MIOpen(HIP): 	x = 0x7f77b8a00000
MIOpen(HIP): 	wDesc = {64, 64, 3, 3}, {576, 9, 3, 1}, packed, 
MIOpen(HIP): 	w = 0x7f78c8200000
MIOpen(HIP): 	convDesc = conv2d, miopenConvolution, miopenPaddingDefault, {1, 1}, {1, 1}, {1, 1}, 
MIOpen(HIP): 	yDesc = {16, 64, 56, 56}, {200704, 3136, 56, 1}, packed, 
MIOpen(HIP): 	y = 0x7f77b2c00000
MIOpen(HIP): 	requestAlgoCount = 2
MIOpen(HIP): 	returnedAlgoCount = 32766
MIOpen(HIP): 	perfResults = 
MIOpen(HIP): 	workSpace = nullptr
MIOpen(HIP): 	workSpaceSize = 0
MIOpen(HIP): 	exhaustiveSearch = 1
MIOpen(HIP): }
MIOpen(HIP): Command [LogCmdFindConvolution] ./bin/MIOpenDriver convfp16 -n 16 -c 64 -H 56 -W 56 -k 64 -y 3 -x 3 -p 1 -q 1 -u 1 -v 1 -l 1 -j 1 -m conv -g 1 -F 1 -t 1
MIOpen(HIP): Info [FindConvFwdAlgorithm] requestAlgoCount = 2, workspace = 0
MIOpen(HIP): Info [GetSolutions] 
MIOpen(HIP): Info2 [timed_lock] Attempting Lock < /home/limonene/.config/miopen/miopen-lockfiles/gfx900_64.HIP.3_5_1_5b515cf1bca-dirty.ufdb.txt.lock.fslock
MIOpen(HIP): Info2 [timed_lock] Lock < /home/limonene/.config/miopen/miopen-lockfiles/gfx900_64.HIP.3_5_1_5b515cf1bca-dirty.ufdb.txt.lock.fslock
MIOpen(HIP): Info2 [refresh_lock] Lock Refresh Active < /home/limonene/.config/miopen/miopen-lockfiles/gfx900_64.HIP.3_5_1_5b515cf1bca-dirty.ufdb.txt.lock.fslock.abyss-hbmx.551135
MIOpen(HIP): Info2 [ValidateUnsafe] DB file is older than cache: 561340469424929, 561469016576071
MIOpen(HIP): Info2 [FindRecordUnsafe] Looking for key 64-56-56-3x3-64-56-56-16-1x1-1x1-1x1-0-NCHW-FP16-F in cache for file "/home/limonene/.config/miopen/gfx900_64.HIP.3_5_1_5b515cf1bca-dirty.ufdb.txt"
MIOpen(HIP): Info2 [unlock] Unlock < /home/limonene/.config/miopen/miopen-lockfiles/gfx900_64.HIP.3_5_1_5b515cf1bca-dirty.ufdb.txt.lock.fslock
MIOpen(HIP): Info2 [refresh_lock] Lock Refresh Exit < /home/limonene/.config/miopen/miopen-lockfiles/gfx900_64.HIP.3_5_1_5b515cf1bca-dirty.ufdb.txt.lock.fslock.abyss-hbmx.551135
MIOpen(HIP): Info2 [FindRecord] Looking for key 64-56-56-3x3-64-56-56-16-1x1-1x1-1x1-0-NCHW-FP16-F in file "/opt/rocm/share/miopen/db/gfx900_64.HIP.fdb.txt"
MIOpen(HIP): Info2 [FindRecord] Key match: 64-56-56-3x3-64-56-56-16-1x1-1x1-1x1-0-NCHW-FP16-F
MIOpen(HIP): Info2 [FindRecord] Contents found: miopenConvolutionFwdAlgoDirect:ConvOclDirectFwd,1.52487,0,miopenConvolutionFwdAlgoDirect,<unused>;miopenConvolutionFwdAlgoImplicitGEMM:ConvHipImplicitGemmV4R1Fwd,1.59373,0,miopenConvolutionFwdAlgoImplicitGEMM,<unused>;miopenConvolutionFwdAlgoGEMM:GemmFwdRest,58.2346,3612672,rocBlas,<unused>
MIOpen(HIP): Info2 [Measure] Db::FindRecord time: 0.456373 ms
MIOpen(HIP): Info2 [GetSolutions] ConvOclDirectFwd
MIOpen(HIP): Info2 [GetInvoker] Returning an invoker for problem 64x56x56x3x3x64x56x56x16xNCHWxFP16x1x1x1x1x1x1x1xFxDefault and solver ConvOclDirectFwd
MIOpen(HIP): Info [FindSolutionImpl] ConvOclDirectFwd
MIOpen(HIP): Info2 [GetPerfDbPathFile] inexact perf database search
MIOpen(HIP): Info2 [GetPerfDbPathFile] Iterating over perf db directory "/opt/rocm/share/miopen/db"
MIOpen(HIP): Info [Measure] ReadonlyRamDb::Prefetch time: 5e-05 ms
MIOpen(HIP): Info2 [timed_lock] Attempting Lock < /home/limonene/.config/miopen/miopen-lockfiles/gfx900_64.HIP.3_5_1_5b515cf1bca-dirty.udb.txt.lock.fslock
MIOpen(HIP): Info2 [timed_lock] Lock < /home/limonene/.config/miopen/miopen-lockfiles/gfx900_64.HIP.3_5_1_5b515cf1bca-dirty.udb.txt.lock.fslock
MIOpen(HIP): Info [Prefetch] File is unreadable: "/home/limonene/.config/miopen/gfx900_64.HIP.3_5_1_5b515cf1bca-dirty.udb.txt"
MIOpen(HIP): Info [Measure] RamDb::Prefetch time: 0.005801 ms
MIOpen(HIP): Info2 [unlock] Unlock < /home/limonene/.config/miopen/miopen-lockfiles/gfx900_64.HIP.3_5_1_5b515cf1bca-dirty.udb.txt.lock.fslock
MIOpen(HIP): Info2 [refresh_lock] Lock Refresh Active < /home/limonene/.config/miopen/miopen-lockfiles/gfx900_64.HIP.3_5_1_5b515cf1bca-dirty.udb.txt.lock.fslock.abyss-hbmx.551135
MIOpen(HIP): Info2 [refresh_lock] Lock Refresh Exit < /home/limonene/.config/miopen/miopen-lockfiles/gfx900_64.HIP.3_5_1_5b515cf1bca-dirty.udb.txt.lock.fslock.abyss-hbmx.551135
MIOpen(HIP): Info2 [timed_lock] Attempting Lock < /home/limonene/.config/miopen/miopen-lockfiles/gfx900_64.HIP.3_5_1_5b515cf1bca-dirty.udb.txt.lock.fslock
MIOpen(HIP): Info2 [timed_lock] Lock < /home/limonene/.config/miopen/miopen-lockfiles/gfx900_64.HIP.3_5_1_5b515cf1bca-dirty.udb.txt.lock.fslock
MIOpen(HIP): Info2 [FindRecordUnsafe] Looking for key 2x64x56x56x1x3x3x1x64x16x1x1x0x1x1x0x1x1x0x0x1xNCHWxFP16xF in cache for file "/home/limonene/.config/miopen/gfx900_64.HIP.3_5_1_5b515cf1bca-dirty.udb.txt"
MIOpen(HIP): Info2 [unlock] Unlock < /home/limonene/.config/miopen/miopen-lockfiles/gfx900_64.HIP.3_5_1_5b515cf1bca-dirty.udb.txt.lock.fslock
MIOpen(HIP): Info2 [refresh_lock] Lock Refresh Active < /home/limonene/.config/miopen/miopen-lockfiles/gfx900_64.HIP.3_5_1_5b515cf1bca-dirty.udb.txt.lock.fslock.abyss-hbmx.551135
MIOpen(HIP): Info2 [refresh_lock] Lock Refresh Exit < /home/limonene/.config/miopen/miopen-lockfiles/gfx900_64.HIP.3_5_1_5b515cf1bca-dirty.udb.txt.lock.fslock.abyss-hbmx.551135
MIOpen(HIP): Info2 [FindRecord] Looking for key 2x64x56x56x1x3x3x1x64x16x1x1x0x1x1x0x1x1x0x0x1xNCHWxFP16xF in file ""
MIOpen(HIP): Info2 [Measure] Db::Load time: 0.135299 ms
MIOpen(HIP): Info [FindSolutionImpl] Perf Db: record not found for: ConvOclDirectFwd
MIOpen(HIP): Info2 [GetDefaultPerformanceConfig] Returns: 16,16,32,32,2,2,8,2,1
MIOpen(HIP): Info2 [PrepareInvoker] Preparing kernel: MIOpenConvUni
MIOpen(HIP): Info [IsNetworkedFilesystem] Filesystem type at '"/home/limonene/.cache/miopen/3.5.1.5b515cf1bca-dirty"' is: 0x9123683e '<Unknown magic>'
MIOpen(HIP): Info2 [SQLiteBase] Initializing system database file ""
MIOpen(HIP): Info [KernDb] database not present
MIOpen(HIP): Info2 [SQLiteBase] Initializing user database file "/home/limonene/.cache/miopen/3.5.1.5b515cf1bca-dirty/gfx900_64.ukdb"
MIOpen(HIP): Info2 [KernDb] Database created successfully
MIOpen(HIP): Info2 [LoadBinary] Loading binary for: "MIOpenConvDirUni.cl.o"; args:  -DMLO_HW_WAVE_SZ=64 -DMLO_DIR_FORWARD=1 -DMLO_FILTER_SIZE0=3 -DMLO_FILTER_SIZE1=3 -DMLO_FILTER_PAD0=1 -DMLO_FILTER_PAD1=1 -DMLO_FILTER_STRIDE0=1 -DMLO_FILTER_STRIDE1=1 -DMLO_N_OUTPUTS=64 -DMLO_N_INPUTS=64 -DMLO_BATCH_SZ=16 -DMLO_OUT_WIDTH=56 -DMLO_OUT_HEIGHT=56 -DMLO_OUT_BATCH_STRIDE=200704 -DMLO_OUT_CHANNEL_STRIDE=3136 -DMLO_OUT_STRIDE=56 -DMLO_IN_WIDTH=56 -DMLO_IN_HEIGHT=56 -DMLO_IN_BATCH_STRIDE=200704 -DMLO_IN_CHANNEL_STRIDE=3136 -DMLO_IN_STRIDE=56 -DMLO_IN_TILE0=32 -DMLO_IN_TILE1=32 -DMLO_GRP_TILE0=16 -DMLO_GRP_TILE1=16 -DMLO_OUT_TILE0=2 -DMLO_OUT_TILE1=2 -DMLO_N_STACKS=1 -DMLO_N_OUT_TILES=8 -DMLO_N_OUT_TILES_PERSTACK=8 -DMLO_N_IN_TILES_PERSTACK=2 -DMLO_N_READ_PROCS=256 -DMLO_ALU_VTILE0=16 -DMLO_ALU_VTILE1=16 -DMIOPEN_USE_FP16=1 -DMIOPEN_USE_FP16x4=0 -DMIOPEN_USE_FP16x8=0 -DMIOPEN_USE_FP32=0 -DMIOPEN_USE_INT8=0 -DMIOPEN_USE_BFP16=0 -DMIOPEN_USE_INT32=0 -DMIOPEN_USE_RNE_BFLOAT16=1 -DMIOPEN_FP8_IEEE_EXPONENT_BIAS=0 -DMIOPEN_FP8_CLIPPING=1 -DMIOPEN_USE_FP16=1 -DMIOPEN_USE_FP16x4=0 -DMIOPEN_USE_FP16x8=0 -DMIOPEN_USE_FP32=0 -DMIOPEN_USE_INT8=0 -DMIOPEN_USE_BFP16=0 -DMIOPEN_USE_INT32=0 -DMIOPEN_USE_RNE_BFLOAT16=1 -DMIOPEN_FP8_IEEE_EXPONENT_BIAS=0 -DMIOPEN_FP8_CLIPPING=1 -DMLO_CONV_BIAS=0 -mcpu=gfx900
MIOpen(HIP): Info2 [Prepare] SELECT kernel_blob, kernel_hash, uncompressed_size FROM kern_db WHERE (kernel_name = 'MIOpenConvDirUni.cl.o') AND (kernel_args = ' -DMLO_HW_WAVE_SZ=64 -DMLO_DIR_FORWARD=1 -DMLO_FILTER_SIZE0=3 -DMLO_FILTER_SIZE1=3 -DMLO_FILTER_PAD0=1 -DMLO_FILTER_PAD1=1 -DMLO_FILTER_STRIDE0=1 -DMLO_FILTER_STRIDE1=1 -DMLO_N_OUTPUTS=64 -DMLO_N_INPUTS=64 -DMLO_BATCH_SZ=16 -DMLO_OUT_WIDTH=56 -DMLO_OUT_HEIGHT=56 -DMLO_OUT_BATCH_STRIDE=200704 -DMLO_OUT_CHANNEL_STRIDE=3136 -DMLO_OUT_STRIDE=56 -DMLO_IN_WIDTH=56 -DMLO_IN_HEIGHT=56 -DMLO_IN_BATCH_STRIDE=200704 -DMLO_IN_CHANNEL_STRIDE=3136 -DMLO_IN_STRIDE=56 -DMLO_IN_TILE0=32 -DMLO_IN_TILE1=32 -DMLO_GRP_TILE0=16 -DMLO_GRP_TILE1=16 -DMLO_OUT_TILE0=2 -DMLO_OUT_TILE1=2 -DMLO_N_STACKS=1 -DMLO_N_OUT_TILES=8 -DMLO_N_OUT_TILES_PERSTACK=8 -DMLO_N_IN_TILES_PERSTACK=2 -DMLO_N_READ_PROCS=256 -DMLO_ALU_VTILE0=16 -DMLO_ALU_VTILE1=16 -DMIOPEN_USE_FP16=1 -DMIOPEN_USE_FP16x4=0 -DMIOPEN_USE_FP16x8=0 -DMIOPEN_USE_FP32=0 -DMIOPEN_USE_INT8=0 -DMIOPEN_USE_BFP16=0 -DMIOPEN_USE_INT32=0 -DMIOPEN_USE_RNE_BFLOAT16=1 -DMIOPEN_FP8_IEEE_EXPONENT_BIAS=0 -DMIOPEN_FP8_CLIPPING=1 -DMIOPEN_USE_FP16=1 -DMIOPEN_USE_FP16x4=0 -DMIOPEN_USE_FP16x8=0 -DMIOPEN_USE_FP32=0 -DMIOPEN_USE_INT8=0 -DMIOPEN_USE_BFP16=0 -DMIOPEN_USE_INT32=0 -DMIOPEN_USE_RNE_BFLOAT16=1 -DMIOPEN_FP8_IEEE_EXPONENT_BIAS=0 -DMIOPEN_FP8_CLIPPING=1 -DMLO_CONV_BIAS=0 -mcpu=gfx900');
MIOpen(HIP): Info2 [Measure] Db::FindRecord time: 0.619214 ms
MIOpen(HIP): Info2 [LoadBinary] Successfully loaded binary for: "MIOpenConvDirUni.cl.o"; args:  -DMLO_HW_WAVE_SZ=64 -DMLO_DIR_FORWARD=1 -DMLO_FILTER_SIZE0=3 -DMLO_FILTER_SIZE1=3 -DMLO_FILTER_PAD0=1 -DMLO_FILTER_PAD1=1 -DMLO_FILTER_STRIDE0=1 -DMLO_FILTER_STRIDE1=1 -DMLO_N_OUTPUTS=64 -DMLO_N_INPUTS=64 -DMLO_BATCH_SZ=16 -DMLO_OUT_WIDTH=56 -DMLO_OUT_HEIGHT=56 -DMLO_OUT_BATCH_STRIDE=200704 -DMLO_OUT_CHANNEL_STRIDE=3136 -DMLO_OUT_STRIDE=56 -DMLO_IN_WIDTH=56 -DMLO_IN_HEIGHT=56 -DMLO_IN_BATCH_STRIDE=200704 -DMLO_IN_CHANNEL_STRIDE=3136 -DMLO_IN_STRIDE=56 -DMLO_IN_TILE0=32 -DMLO_IN_TILE1=32 -DMLO_GRP_TILE0=16 -DMLO_GRP_TILE1=16 -DMLO_OUT_TILE0=2 -DMLO_OUT_TILE1=2 -DMLO_N_STACKS=1 -DMLO_N_OUT_TILES=8 -DMLO_N_OUT_TILES_PERSTACK=8 -DMLO_N_IN_TILES_PERSTACK=2 -DMLO_N_READ_PROCS=256 -DMLO_ALU_VTILE0=16 -DMLO_ALU_VTILE1=16 -DMIOPEN_USE_FP16=1 -DMIOPEN_USE_FP16x4=0 -DMIOPEN_USE_FP16x8=0 -DMIOPEN_USE_FP32=0 -DMIOPEN_USE_INT8=0 -DMIOPEN_USE_BFP16=0 -DMIOPEN_USE_INT32=0 -DMIOPEN_USE_RNE_BFLOAT16=1 -DMIOPEN_FP8_IEEE_EXPONENT_BIAS=0 -DMIOPEN_FP8_CLIPPING=1 -DMIOPEN_USE_FP16=1 -DMIOPEN_USE_FP16x4=0 -DMIOPEN_USE_FP16x8=0 -DMIOPEN_USE_FP32=0 -DMIOPEN_USE_INT8=0 -DMIOPEN_USE_BFP16=0 -DMIOPEN_USE_INT32=0 -DMIOPEN_USE_RNE_BFLOAT16=1 -DMIOPEN_FP8_IEEE_EXPONENT_BIAS=0 -DMIOPEN_FP8_CLIPPING=1 -DMLO_CONV_BIAS=0 -mcpu=gfx900
MIOpen(HIP): Info2 [Register] Invoker registered for algorithm 64x56x56x3x3x64x56x56x16xNCHWxFP16x1x1x1x1x1x1x1xFxDefault and solver ConvOclDirectFwd
MIOpen(HIP): Info2 [SetAsFound1_0] Solver ConvOclDirectFwd registered as find 1.0 best for miopenConvolutionFwdAlgoDirect in 64x56x56x3x3x64x56x56x16xNCHWxFP16x1x1x1x1x1x1x1xFxDefault
MIOpen(HIP): Info [FindConvolution] miopenConvolutionFwdAlgoDirect	1.52487	0
MIOpen(HIP): Info [FillFindReturnParameters] FW Chosen Algorithm: ConvOclDirectFwd , 0, 1.52487
MIOpen(HIP): MIOpenDriver Info2 [DebugPrintWorkspaceDev] ptr=0 size=0
MIOpen(HIP): miopenStatus_t miopenConvolutionForward(miopenHandle_t, const void *, const miopenTensorDescriptor_t, const void *, const miopenTensorDescriptor_t, const void *, const miopenConvolutionDescriptor_t, miopenConvFwdAlgorithm_t, const void *, const miopenTensorDescriptor_t, void *, void *, size_t){
MIOpen(HIP): 	handle = stream: 0x55cf5fc2a390, device_id: 0
MIOpen(HIP): 	alpha = 0x7ffe9d7344f4
MIOpen(HIP): 	xDesc = {16, 64, 56, 56}, {200704, 3136, 56, 1}, packed, 
MIOpen(HIP): 	x = 0x7f77b8a00000
MIOpen(HIP): 	wDesc = {64, 64, 3, 3}, {576, 9, 3, 1}, packed, 
MIOpen(HIP): 	w = 0x7f78c8200000
MIOpen(HIP): 	convDesc = conv2d, miopenConvolution, miopenPaddingDefault, {1, 1}, {1, 1}, {1, 1}, 
MIOpen(HIP): 	algo = 1
MIOpen(HIP): 	beta = 0x7ffe9d7344f8
MIOpen(HIP): 	yDesc = {16, 64, 56, 56}, {200704, 3136, 56, 1}, packed, 
MIOpen(HIP): 	y = 0x7f77b2c00000
MIOpen(HIP): 	workSpace = nullptr
MIOpen(HIP): 	workSpaceSize = 0
MIOpen(HIP): }
MIOpen(HIP): Command [LogCmdConvolution] ./bin/MIOpenDriver convfp16 -n 16 -c 64 -H 56 -W 56 -k 64 -y 3 -x 3 -p 1 -q 1 -u 1 -v 1 -l 1 -j 1 -m conv -g 1 -F 1 -t 1
MIOpen(HIP): Info [ConvolutionForward] algo = 1, workspace = 0
MIOpen(HIP): Info2 [GetInvoker] Returning an invoker for problem 64x56x56x3x3x64x56x56x16xNCHWxFP16x1x1x1x1x1x1x1xFxDefault and algorithm miopenConvolutionFwdAlgoDirect
MIOpen(HIP): Info2 [run] kernel_name = MIOpenConvUni, global_work_dim = { 1024, 8, 16 }, local_work_dim = { 256, 1, 1 }
MIOpen(HIP): miopenStatus_t miopenConvolutionForward(miopenHandle_t, const void *, const miopenTensorDescriptor_t, const void *, const miopenTensorDescriptor_t, const void *, const miopenConvolutionDescriptor_t, miopenConvFwdAlgorithm_t, const void *, const miopenTensorDescriptor_t, void *, void *, size_t){
MIOpen(HIP): 	handle = stream: 0x55cf5fc2a390, device_id: 0
MIOpen(HIP): 	alpha = 0x7ffe9d7344f4
MIOpen(HIP): 	xDesc = {16, 64, 56, 56}, {200704, 3136, 56, 1}, packed, 
MIOpen(HIP): 	x = 0x7f77b8a00000
MIOpen(HIP): 	wDesc = {64, 64, 3, 3}, {576, 9, 3, 1}, packed, 
MIOpen(HIP): 	w = 0x7f78c8200000
MIOpen(HIP): 	convDesc = conv2d, miopenConvolution, miopenPaddingDefault, {1, 1}, {1, 1}, {1, 1}, 
MIOpen(HIP): 	algo = 1
MIOpen(HIP): 	beta = 0x7ffe9d7344f8
MIOpen(HIP): 	yDesc = {16, 64, 56, 56}, {200704, 3136, 56, 1}, packed, 
MIOpen(HIP): 	y = 0x7f77b2c00000
MIOpen(HIP): 	workSpace = nullptr
MIOpen(HIP): 	workSpaceSize = 0
MIOpen(HIP): }
MIOpen(HIP): Command [LogCmdConvolution] ./bin/MIOpenDriver convfp16 -n 16 -c 64 -H 56 -W 56 -k 64 -y 3 -x 3 -p 1 -q 1 -u 1 -v 1 -l 1 -j 1 -m conv -g 1 -F 1 -t 1
MIOpen(HIP): Info [ConvolutionForward] algo = 1, workspace = 0
MIOpen(HIP): Info2 [GetInvoker] Returning an invoker for problem 64x56x56x3x3x64x56x56x16xNCHWxFP16x1x1x1x1x1x1x1xFxDefault and algorithm miopenConvolutionFwdAlgoDirect
MIOpen(HIP): Info2 [run] kernel_name = MIOpenConvUni, global_work_dim = { 1024, 8, 16 }, local_work_dim = { 256, 1, 1 }
MIOpen(HIP): miopenStatus_t miopenConvolutionForward(miopenHandle_t, const void *, const miopenTensorDescriptor_t, const void *, const miopenTensorDescriptor_t, const void *, const miopenConvolutionDescriptor_t, miopenConvFwdAlgorithm_t, const void *, const miopenTensorDescriptor_t, void *, void *, size_t){
MIOpen(HIP): 	handle = stream: 0x55cf5fc2a390, device_id: 0
MIOpen(HIP): 	alpha = 0x7ffe9d7344f4
MIOpen(HIP): 	xDesc = {16, 64, 56, 56}, {200704, 3136, 56, 1}, packed, 
MIOpen(HIP): 	x = 0x7f77b8a00000
MIOpen(HIP): 	wDesc = {64, 64, 3, 3}, {576, 9, 3, 1}, packed, 
MIOpen(HIP): 	w = 0x7f78c8200000
MIOpen(HIP): 	convDesc = conv2d, miopenConvolution, miopenPaddingDefault, {1, 1}, {1, 1}, {1, 1}, 
MIOpen(HIP): 	algo = 1
MIOpen(HIP): 	beta = 0x7ffe9d7344f8
MIOpen(HIP): 	yDesc = {16, 64, 56, 56}, {200704, 3136, 56, 1}, packed, 
MIOpen(HIP): 	y = 0x7f77b2c00000
MIOpen(HIP): 	workSpace = nullptr
MIOpen(HIP): 	workSpaceSize = 0
MIOpen(HIP): }
MIOpen(HIP): Command [LogCmdConvolution] ./bin/MIOpenDriver convfp16 -n 16 -c 64 -H 56 -W 56 -k 64 -y 3 -x 3 -p 1 -q 1 -u 1 -v 1 -l 1 -j 1 -m conv -g 1 -F 1 -t 1
MIOpen(HIP): Info [ConvolutionForward] algo = 1, workspace = 0
MIOpen(HIP): Info2 [GetInvoker] Returning an invoker for problem 64x56x56x3x3x64x56x56x16xNCHWxFP16x1x1x1x1x1x1x1xFxDefault and algorithm miopenConvolutionFwdAlgoDirect
MIOpen(HIP): Info2 [run] kernel_name = MIOpenConvUni, global_work_dim = { 1024, 8, 16 }, local_work_dim = { 256, 1, 1 }
MIOpen(HIP): miopenStatus_t miopenConvolutionForward(miopenHandle_t, const void *, const miopenTensorDescriptor_t, const void *, const miopenTensorDescriptor_t, const void *, const miopenConvolutionDescriptor_t, miopenConvFwdAlgorithm_t, const void *, const miopenTensorDescriptor_t, void *, void *, size_t){
MIOpen(HIP): 	handle = stream: 0x55cf5fc2a390, device_id: 0
MIOpen(HIP): 	alpha = 0x7ffe9d7344f4
MIOpen(HIP): 	xDesc = {16, 64, 56, 56}, {200704, 3136, 56, 1}, packed, 
MIOpen(HIP): 	x = 0x7f77b8a00000
MIOpen(HIP): 	wDesc = {64, 64, 3, 3}, {576, 9, 3, 1}, packed, 
MIOpen(HIP): 	w = 0x7f78c8200000
MIOpen(HIP): 	convDesc = conv2d, miopenConvolution, miopenPaddingDefault, {1, 1}, {1, 1}, {1, 1}, 
MIOpen(HIP): 	algo = 1
MIOpen(HIP): 	beta = 0x7ffe9d7344f8
MIOpen(HIP): 	yDesc = {16, 64, 56, 56}, {200704, 3136, 56, 1}, packed, 
MIOpen(HIP): 	y = 0x7f77b2c00000
MIOpen(HIP): 	workSpace = nullptr
MIOpen(HIP): 	workSpaceSize = 0
MIOpen(HIP): }
MIOpen(HIP): Command [LogCmdConvolution] ./bin/MIOpenDriver convfp16 -n 16 -c 64 -H 56 -W 56 -k 64 -y 3 -x 3 -p 1 -q 1 -u 1 -v 1 -l 1 -j 1 -m conv -g 1 -F 1 -t 1
MIOpen(HIP): Info [ConvolutionForward] algo = 1, workspace = 0
MIOpen(HIP): Info2 [GetInvoker] Returning an invoker for problem 64x56x56x3x3x64x56x56x16xNCHWxFP16x1x1x1x1x1x1x1xFxDefault and algorithm miopenConvolutionFwdAlgoDirect
MIOpen(HIP): Info2 [run] kernel_name = MIOpenConvUni, global_work_dim = { 1024, 8, 16 }, local_work_dim = { 256, 1, 1 }
MIOpen(HIP): miopenStatus_t miopenConvolutionForward(miopenHandle_t, const void *, const miopenTensorDescriptor_t, const void *, const miopenTensorDescriptor_t, const void *, const miopenConvolutionDescriptor_t, miopenConvFwdAlgorithm_t, const void *, const miopenTensorDescriptor_t, void *, void *, size_t){
MIOpen(HIP): 	handle = stream: 0x55cf5fc2a390, device_id: 0
MIOpen(HIP): 	alpha = 0x7ffe9d7344f4
MIOpen(HIP): 	xDesc = {16, 64, 56, 56}, {200704, 3136, 56, 1}, packed, 
MIOpen(HIP): 	x = 0x7f77b8a00000
MIOpen(HIP): 	wDesc = {64, 64, 3, 3}, {576, 9, 3, 1}, packed, 
MIOpen(HIP): 	w = 0x7f78c8200000
MIOpen(HIP): 	convDesc = conv2d, miopenConvolution, miopenPaddingDefault, {1, 1}, {1, 1}, {1, 1}, 
MIOpen(HIP): 	algo = 1
MIOpen(HIP): 	beta = 0x7ffe9d7344f8
MIOpen(HIP): 	yDesc = {16, 64, 56, 56}, {200704, 3136, 56, 1}, packed, 
MIOpen(HIP): 	y = 0x7f77b2c00000
MIOpen(HIP): 	workSpace = nullptr
MIOpen(HIP): 	workSpaceSize = 0
MIOpen(HIP): }
MIOpen(HIP): Command [LogCmdConvolution] ./bin/MIOpenDriver convfp16 -n 16 -c 64 -H 56 -W 56 -k 64 -y 3 -x 3 -p 1 -q 1 -u 1 -v 1 -l 1 -j 1 -m conv -g 1 -F 1 -t 1
MIOpen(HIP): Info [ConvolutionForward] algo = 1, workspace = 0
MIOpen(HIP): Info2 [GetInvoker] Returning an invoker for problem 64x56x56x3x3x64x56x56x16xNCHWxFP16x1x1x1x1x1x1x1xFxDefault and algorithm miopenConvolutionFwdAlgoDirect
MIOpen(HIP): Info2 [run] kernel_name = MIOpenConvUni, global_work_dim = { 1024, 8, 16 }, local_work_dim = { 256, 1, 1 }
MIOpen(HIP): miopenStatus_t miopenConvolutionForward(miopenHandle_t, const void *, const miopenTensorDescriptor_t, const void *, const miopenTensorDescriptor_t, const void *, const miopenConvolutionDescriptor_t, miopenConvFwdAlgorithm_t, const void *, const miopenTensorDescriptor_t, void *, void *, size_t){
MIOpen(HIP): 	handle = stream: 0x55cf5fc2a390, device_id: 0
MIOpen(HIP): 	alpha = 0x7ffe9d7344f4
MIOpen(HIP): 	xDesc = {16, 64, 56, 56}, {200704, 3136, 56, 1}, packed, 
MIOpen(HIP): 	x = 0x7f77b8a00000
MIOpen(HIP): 	wDesc = {64, 64, 3, 3}, {576, 9, 3, 1}, packed, 
MIOpen(HIP): 	w = 0x7f78c8200000
MIOpen(HIP): 	convDesc = conv2d, miopenConvolution, miopenPaddingDefault, {1, 1}, {1, 1}, {1, 1}, 
MIOpen(HIP): 	algo = 1
MIOpen(HIP): 	beta = 0x7ffe9d7344f8
MIOpen(HIP): 	yDesc = {16, 64, 56, 56}, {200704, 3136, 56, 1}, packed, 
MIOpen(HIP): 	y = 0x7f77b2c00000
MIOpen(HIP): 	workSpace = nullptr
MIOpen(HIP): 	workSpaceSize = 0
MIOpen(HIP): }
MIOpen(HIP): Command [LogCmdConvolution] ./bin/MIOpenDriver convfp16 -n 16 -c 64 -H 56 -W 56 -k 64 -y 3 -x 3 -p 1 -q 1 -u 1 -v 1 -l 1 -j 1 -m conv -g 1 -F 1 -t 1
MIOpen(HIP): Info [ConvolutionForward] algo = 1, workspace = 0
MIOpen(HIP): Info2 [GetInvoker] Returning an invoker for problem 64x56x56x3x3x64x56x56x16xNCHWxFP16x1x1x1x1x1x1x1xFxDefault and algorithm miopenConvolutionFwdAlgoDirect
MIOpen(HIP): Info2 [run] kernel_name = MIOpenConvUni, global_work_dim = { 1024, 8, 16 }, local_work_dim = { 256, 1, 1 }
MIOpen(HIP): miopenStatus_t miopenConvolutionForward(miopenHandle_t, const void *, const miopenTensorDescriptor_t, const void *, const miopenTensorDescriptor_t, const void *, const miopenConvolutionDescriptor_t, miopenConvFwdAlgorithm_t, const void *, const miopenTensorDescriptor_t, void *, void *, size_t){
MIOpen(HIP): 	handle = stream: 0x55cf5fc2a390, device_id: 0
MIOpen(HIP): 	alpha = 0x7ffe9d7344f4
MIOpen(HIP): 	xDesc = {16, 64, 56, 56}, {200704, 3136, 56, 1}, packed, 
MIOpen(HIP): 	x = 0x7f77b8a00000
MIOpen(HIP): 	wDesc = {64, 64, 3, 3}, {576, 9, 3, 1}, packed, 
MIOpen(HIP): 	w = 0x7f78c8200000
MIOpen(HIP): 	convDesc = conv2d, miopenConvolution, miopenPaddingDefault, {1, 1}, {1, 1}, {1, 1}, 
MIOpen(HIP): 	algo = 1
MIOpen(HIP): 	beta = 0x7ffe9d7344f8
MIOpen(HIP): 	yDesc = {16, 64, 56, 56}, {200704, 3136, 56, 1}, packed, 
MIOpen(HIP): 	y = 0x7f77b2c00000
MIOpen(HIP): 	workSpace = nullptr
MIOpen(HIP): 	workSpaceSize = 0
MIOpen(HIP): }
MIOpen(HIP): Command [LogCmdConvolution] ./bin/MIOpenDriver convfp16 -n 16 -c 64 -H 56 -W 56 -k 64 -y 3 -x 3 -p 1 -q 1 -u 1 -v 1 -l 1 -j 1 -m conv -g 1 -F 1 -t 1
MIOpen(HIP): Info [ConvolutionForward] algo = 1, workspace = 0
MIOpen(HIP): Info2 [GetInvoker] Returning an invoker for problem 64x56x56x3x3x64x56x56x16xNCHWxFP16x1x1x1x1x1x1x1xFxDefault and algorithm miopenConvolutionFwdAlgoDirect
MIOpen(HIP): Info2 [run] kernel_name = MIOpenConvUni, global_work_dim = { 1024, 8, 16 }, local_work_dim = { 256, 1, 1 }
MIOpen(HIP): miopenStatus_t miopenConvolutionForward(miopenHandle_t, const void *, const miopenTensorDescriptor_t, const void *, const miopenTensorDescriptor_t, const void *, const miopenConvolutionDescriptor_t, miopenConvFwdAlgorithm_t, const void *, const miopenTensorDescriptor_t, void *, void *, size_t){
MIOpen(HIP): 	handle = stream: 0x55cf5fc2a390, device_id: 0
MIOpen(HIP): 	alpha = 0x7ffe9d7344f4
MIOpen(HIP): 	xDesc = {16, 64, 56, 56}, {200704, 3136, 56, 1}, packed, 
MIOpen(HIP): 	x = 0x7f77b8a00000
MIOpen(HIP): 	wDesc = {64, 64, 3, 3}, {576, 9, 3, 1}, packed, 
MIOpen(HIP): 	w = 0x7f78c8200000
MIOpen(HIP): 	convDesc = conv2d, miopenConvolution, miopenPaddingDefault, {1, 1}, {1, 1}, {1, 1}, 
MIOpen(HIP): 	algo = 1
MIOpen(HIP): 	beta = 0x7ffe9d7344f8
MIOpen(HIP): 	yDesc = {16, 64, 56, 56}, {200704, 3136, 56, 1}, packed, 
MIOpen(HIP): 	y = 0x7f77b2c00000
MIOpen(HIP): 	workSpace = nullptr
MIOpen(HIP): 	workSpaceSize = 0
MIOpen(HIP): }
MIOpen(HIP): Command [LogCmdConvolution] ./bin/MIOpenDriver convfp16 -n 16 -c 64 -H 56 -W 56 -k 64 -y 3 -x 3 -p 1 -q 1 -u 1 -v 1 -l 1 -j 1 -m conv -g 1 -F 1 -t 1
MIOpen(HIP): Info [ConvolutionForward] algo = 1, workspace = 0
MIOpen(HIP): Info2 [GetInvoker] Returning an invoker for problem 64x56x56x3x3x64x56x56x16xNCHWxFP16x1x1x1x1x1x1x1xFxDefault and algorithm miopenConvolutionFwdAlgoDirect
MIOpen(HIP): Info2 [run] kernel_name = MIOpenConvUni, global_work_dim = { 1024, 8, 16 }, local_work_dim = { 256, 1, 1 }
MIOpen(HIP): miopenStatus_t miopenConvolutionForward(miopenHandle_t, const void *, const miopenTensorDescriptor_t, const void *, const miopenTensorDescriptor_t, const void *, const miopenConvolutionDescriptor_t, miopenConvFwdAlgorithm_t, const void *, const miopenTensorDescriptor_t, void *, void *, size_t){
MIOpen(HIP): 	handle = stream: 0x55cf5fc2a390, device_id: 0
MIOpen(HIP): 	alpha = 0x7ffe9d7344f4
MIOpen(HIP): 	xDesc = {16, 64, 56, 56}, {200704, 3136, 56, 1}, packed, 
MIOpen(HIP): 	x = 0x7f77b8a00000
MIOpen(HIP): 	wDesc = {64, 64, 3, 3}, {576, 9, 3, 1}, packed, 
MIOpen(HIP): 	w = 0x7f78c8200000
MIOpen(HIP): 	convDesc = conv2d, miopenConvolution, miopenPaddingDefault, {1, 1}, {1, 1}, {1, 1}, 
MIOpen(HIP): 	algo = 1
MIOpen(HIP): 	beta = 0x7ffe9d7344f8
MIOpen(HIP): 	yDesc = {16, 64, 56, 56}, {200704, 3136, 56, 1}, packed, 
MIOpen(HIP): 	y = 0x7f77b2c00000
MIOpen(HIP): 	workSpace = nullptr
MIOpen(HIP): 	workSpaceSize = 0
MIOpen(HIP): }
MIOpen(HIP): Command [LogCmdConvolution] ./bin/MIOpenDriver convfp16 -n 16 -c 64 -H 56 -W 56 -k 64 -y 3 -x 3 -p 1 -q 1 -u 1 -v 1 -l 1 -j 1 -m conv -g 1 -F 1 -t 1
MIOpen(HIP): Info [ConvolutionForward] algo = 1, workspace = 0
MIOpen(HIP): Info2 [GetInvoker] Returning an invoker for problem 64x56x56x3x3x64x56x56x16xNCHWxFP16x1x1x1x1x1x1x1xFxDefault and algorithm miopenConvolutionFwdAlgoDirect
MIOpen(HIP): Info2 [run] kernel_name = MIOpenConvUni, global_work_dim = { 1024, 8, 16 }, local_work_dim = { 256, 1, 1 }
MIOpen(HIP): miopenStatus_t miopenConvolutionForward(miopenHandle_t, const void *, const miopenTensorDescriptor_t, const void *, const miopenTensorDescriptor_t, const void *, const miopenConvolutionDescriptor_t, miopenConvFwdAlgorithm_t, const void *, const miopenTensorDescriptor_t, void *, void *, size_t){
MIOpen(HIP): 	handle = stream: 0x55cf5fc2a390, device_id: 0
MIOpen(HIP): 	alpha = 0x7ffe9d7344f4
MIOpen(HIP): 	xDesc = {16, 64, 56, 56}, {200704, 3136, 56, 1}, packed, 
MIOpen(HIP): 	x = 0x7f77b8a00000
MIOpen(HIP): 	wDesc = {64, 64, 3, 3}, {576, 9, 3, 1}, packed, 
MIOpen(HIP): 	w = 0x7f78c8200000
MIOpen(HIP): 	convDesc = conv2d, miopenConvolution, miopenPaddingDefault, {1, 1}, {1, 1}, {1, 1}, 
MIOpen(HIP): 	algo = 1
MIOpen(HIP): 	beta = 0x7ffe9d7344f8
MIOpen(HIP): 	yDesc = {16, 64, 56, 56}, {200704, 3136, 56, 1}, packed, 
MIOpen(HIP): 	y = 0x7f77b2c00000
MIOpen(HIP): 	workSpace = nullptr
MIOpen(HIP): 	workSpaceSize = 0
MIOpen(HIP): }
MIOpen(HIP): Command [LogCmdConvolution] ./bin/MIOpenDriver convfp16 -n 16 -c 64 -H 56 -W 56 -k 64 -y 3 -x 3 -p 1 -q 1 -u 1 -v 1 -l 1 -j 1 -m conv -g 1 -F 1 -t 1
MIOpen(HIP): Info [ConvolutionForward] algo = 1, workspace = 0
MIOpen(HIP): Info2 [GetInvoker] Returning an invoker for problem 64x56x56x3x3x64x56x56x16xNCHWxFP16x1x1x1x1x1x1x1xFxDefault and algorithm miopenConvolutionFwdAlgoDirect
MIOpen(HIP): Info2 [run] kernel_name = MIOpenConvUni, global_work_dim = { 1024, 8, 16 }, local_work_dim = { 256, 1, 1 }
MIOpen Forward Conv. Algorithm: 1, Solution: 11/ConvOclDirectFwd
GPU Kernel Time Forward Conv. Elapsed: 4.319100 ms (average)
stats: name, n, c, ho, wo, y, x, k, flopCnt, bytesRead, bytesWritten, GFLOPs, GB/s, timeMs
stats: fwd-conv3x3u1, 16, 64, 56, 56, 3, 3, 64, 3699376128, 6496256, 6422528, 857, 3, 4.319100
Forward Convolution Verifies OK on GPU reference (0.00109954 < 0.0082)
MIOpen(HIP): miopenStatus_t miopenDestroyTensorDescriptor(miopenTensorDescriptor_t){
MIOpen(HIP): 	tensorDesc = {}, {}, packed, 
MIOpen(HIP): }
MIOpen(HIP): miopenStatus_t miopenDestroyTensorDescriptor(miopenTensorDescriptor_t){
MIOpen(HIP): 	tensorDesc = {16, 64, 56, 56}, {200704, 3136, 56, 1}, packed, 
MIOpen(HIP): }
MIOpen(HIP): miopenStatus_t miopenDestroyTensorDescriptor(miopenTensorDescriptor_t){
MIOpen(HIP): 	tensorDesc = {64, 64, 3, 3}, {576, 9, 3, 1}, packed, 
MIOpen(HIP): }
MIOpen(HIP): miopenStatus_t miopenDestroyTensorDescriptor(miopenTensorDescriptor_t){
MIOpen(HIP): 	tensorDesc = {16, 64, 56, 56}, {200704, 3136, 56, 1}, packed, 
MIOpen(HIP): }
MIOpen(HIP): miopenStatus_t miopenDestroyTensorDescriptor(miopenTensorDescriptor_t){
MIOpen(HIP): 	tensorDesc = {}, {}, packed, 
MIOpen(HIP): }
MIOpen(HIP): miopenStatus_t miopenDestroyTensorDescriptor(miopenTensorDescriptor_t){
MIOpen(HIP): 	tensorDesc = {}, {}, packed, 
MIOpen(HIP): }
MIOpen(HIP): miopenStatus_t miopenDestroyConvolutionDescriptor(miopenConvolutionDescriptor_t){
MIOpen(HIP): 	convDesc = conv2d, miopenConvolution, miopenPaddingDefault, {1, 1}, {1, 1}, {1, 1}, 
MIOpen(HIP): }
MIOpen(HIP): miopenStatus_t miopenDestroyTensorDescriptor(miopenTensorDescriptor_t){
MIOpen(HIP): 	tensorDesc = {}, {}, packed, 
MIOpen(HIP): }
MIOpen(HIP): miopenStatus_t miopenDestroyTensorDescriptor(miopenTensorDescriptor_t){
MIOpen(HIP): 	tensorDesc = {}, {}, packed, 
MIOpen(HIP): }
MIOpen(HIP): miopenStatus_t miopenDestroyTensorDescriptor(miopenTensorDescriptor_t){
MIOpen(HIP): 	tensorDesc = {}, {}, packed, 
MIOpen(HIP): }
MIOpen(HIP): miopenStatus_t miopenDestroyConvolutionDescriptor(miopenConvolutionDescriptor_t){
MIOpen(HIP): 	convDesc = conv2d, miopenConvolution, miopenPaddingDefault, {0, 0}, {1, 1}, {1, 1}, 
MIOpen(HIP): }
MIOpen(HIP): MIOpenDriver Info2 [~GPUMem] hipFree 6422528 at 0x7f77b2c00000 Ok
MIOpen(HIP): MIOpenDriver Info2 [~GPUMem] hipFree 73728 at 0x7f78c8200000 Ok
MIOpen(HIP): MIOpenDriver Info2 [~GPUMem] hipFree 6422528 at 0x7f77b8a00000 Ok
