=== 2026-03-23_20:31:58
WARNING: AMD GPU device(s) is/are in a low-power state. Check power control/runtime_status



============================ ROCm System Management Interface ============================
====================================== Temperature =======================================
GPU[0]		: Temperature (Sensor edge) (C): 40.0
GPU[0]		: Temperature (Sensor junction) (C): 43.0
GPU[0]		: Temperature (Sensor memory) (C): 42.0
GPU[1]		: Temperature (Sensor edge) (C): 36.0
==========================================================================================
=================================== % time GPU is busy ===================================
GPU[0]		: GPU use (%): 0
GPU[1]		: GPU use (%): 0
==========================================================================================
=================================== Current Memory Use ===================================
GPU[0]		: GPU Memory Allocated (VRAM%): 6
GPU[0]		: Memory Activity: N/A
GPU[0]		: Not supported on the given system
GPU[1]		: GPU Memory Allocated (VRAM%): 1
GPU[1]		: Memory Activity: N/A
GPU[1]		: Not supported on the given system
==========================================================================================
================================== End of ROCm SMI Log ===================================
=== 2026-03-23_20:31:59
WARNING: AMD GPU device(s) is/are in a low-power state. Check power control/runtime_status



============================ ROCm System Management Interface ============================
====================================== Temperature =======================================
GPU[0]		: Temperature (Sensor edge) (C): 39.0
GPU[0]		: Temperature (Sensor junction) (C): 42.0
GPU[0]		: Temperature (Sensor memory) (C): 41.0
GPU[1]		: Temperature (Sensor edge) (C): 35.0
==========================================================================================
=================================== % time GPU is busy ===================================
GPU[0]		: GPU use (%): 2
GPU[1]		: GPU use (%): 0
==========================================================================================
=================================== Current Memory Use ===================================
GPU[0]		: GPU Memory Allocated (VRAM%): 4
GPU[0]		: Memory Activity: N/A
GPU[0]		: Not supported on the given system
GPU[1]		: GPU Memory Allocated (VRAM%): 1
GPU[1]		: Memory Activity: N/A
GPU[1]		: Not supported on the given system
==========================================================================================
================================== End of ROCm SMI Log ===================================
=== 2026-03-23_20:32:00
WARNING: AMD GPU device(s) is/are in a low-power state. Check power control/runtime_status



============================ ROCm System Management Interface ============================
====================================== Temperature =======================================
GPU[0]		: Temperature (Sensor edge) (C): 45.0
GPU[0]		: Temperature (Sensor junction) (C): 65.0
GPU[0]		: Temperature (Sensor memory) (C): 47.0
GPU[1]		: Temperature (Sensor edge) (C): 35.0
==========================================================================================
=================================== % time GPU is busy ===================================
GPU[0]		: GPU use (%): 90
GPU[1]		: GPU use (%): 0
==========================================================================================
=================================== Current Memory Use ===================================
GPU[0]		: GPU Memory Allocated (VRAM%): 6
GPU[0]		: Memory Activity: N/A
GPU[0]		: Not supported on the given system
GPU[1]		: GPU Memory Allocated (VRAM%): 1
GPU[1]		: Memory Activity: N/A
GPU[1]		: Not supported on the given system
==========================================================================================
================================== End of ROCm SMI Log ===================================
=== 2026-03-23_20:32:01
WARNING: AMD GPU device(s) is/are in a low-power state. Check power control/runtime_status



============================ ROCm System Management Interface ============================
====================================== Temperature =======================================
GPU[0]		: Temperature (Sensor edge) (C): 43.0
GPU[0]		: Temperature (Sensor junction) (C): 46.0
GPU[0]		: Temperature (Sensor memory) (C): 43.0
GPU[1]		: Temperature (Sensor edge) (C): 33.0
==========================================================================================
=================================== % time GPU is busy ===================================
GPU[0]		: GPU use (%): 0
GPU[1]		: GPU use (%): 0
==========================================================================================
=================================== Current Memory Use ===================================
GPU[0]		: GPU Memory Allocated (VRAM%): 0
GPU[0]		: Memory Activity: N/A
GPU[0]		: Not supported on the given system
GPU[1]		: GPU Memory Allocated (VRAM%): 1
GPU[1]		: Memory Activity: N/A
GPU[1]		: Not supported on the given system
==========================================================================================
================================== End of ROCm SMI Log ===================================
=== 2026-03-23_20:32:02
WARNING: AMD GPU device(s) is/are in a low-power state. Check power control/runtime_status



============================ ROCm System Management Interface ============================
====================================== Temperature =======================================
GPU[0]		: Temperature (Sensor edge) (C): 41.0
GPU[0]		: Temperature (Sensor junction) (C): 43.0
GPU[0]		: Temperature (Sensor memory) (C): 42.0
GPU[1]		: Temperature (Sensor edge) (C): 32.0
==========================================================================================
=================================== % time GPU is busy ===================================
GPU[0]		: GPU use (%): 0
GPU[1]		: GPU use (%): 0
==========================================================================================
=================================== Current Memory Use ===================================
GPU[0]		: GPU Memory Allocated (VRAM%): 0
GPU[0]		: Memory Activity: N/A
GPU[0]		: Not supported on the given system
GPU[1]		: GPU Memory Allocated (VRAM%): 1
GPU[1]		: Memory Activity: N/A
GPU[1]		: Not supported on the given system
==========================================================================================
================================== End of ROCm SMI Log ===================================
=== 2026-03-23_20:32:03
WARNING: AMD GPU device(s) is/are in a low-power state. Check power control/runtime_status



============================ ROCm System Management Interface ============================
====================================== Temperature =======================================
GPU[0]		: Temperature (Sensor edge) (C): 43.0
GPU[0]		: Temperature (Sensor junction) (C): 56.0
GPU[0]		: Temperature (Sensor memory) (C): 44.0
GPU[1]		: Temperature (Sensor edge) (C): 33.0
==========================================================================================
=================================== % time GPU is busy ===================================
GPU[0]		: GPU use (%): 90
GPU[1]		: GPU use (%): 0
==========================================================================================
=================================== Current Memory Use ===================================
GPU[0]		: GPU Memory Allocated (VRAM%): 6
GPU[0]		: Memory Activity: N/A
GPU[0]		: Not supported on the given system
GPU[1]		: GPU Memory Allocated (VRAM%): 1
GPU[1]		: Memory Activity: N/A
GPU[1]		: Not supported on the given system
==========================================================================================
================================== End of ROCm SMI Log ===================================
=== 2026-03-23_20:32:04
WARNING: AMD GPU device(s) is/are in a low-power state. Check power control/runtime_status



============================ ROCm System Management Interface ============================
====================================== Temperature =======================================
GPU[0]		: Temperature (Sensor edge) (C): 44.0
GPU[0]		: Temperature (Sensor junction) (C): 49.0
GPU[0]		: Temperature (Sensor memory) (C): 45.0
GPU[1]		: Temperature (Sensor edge) (C): 42.0
==========================================================================================
=================================== % time GPU is busy ===================================
GPU[0]		: GPU use (%): 0
GPU[1]		: GPU use (%): 0
==========================================================================================
=================================== Current Memory Use ===================================
GPU[0]		: GPU Memory Allocated (VRAM%): 0
GPU[0]		: Memory Activity: N/A
GPU[0]		: Not supported on the given system
GPU[1]		: GPU Memory Allocated (VRAM%): 1
GPU[1]		: Memory Activity: N/A
GPU[1]		: Not supported on the given system
==========================================================================================
================================== End of ROCm SMI Log ===================================
=== 2026-03-23_20:32:06
WARNING: AMD GPU device(s) is/are in a low-power state. Check power control/runtime_status



============================ ROCm System Management Interface ============================
====================================== Temperature =======================================
GPU[0]		: Temperature (Sensor edge) (C): 42.0
GPU[0]		: Temperature (Sensor junction) (C): 45.0
GPU[0]		: Temperature (Sensor memory) (C): 43.0
GPU[1]		: Temperature (Sensor edge) (C): 40.0
==========================================================================================
=================================== % time GPU is busy ===================================
GPU[0]		: GPU use (%): 0
GPU[1]		: GPU use (%): 0
==========================================================================================
=================================== Current Memory Use ===================================
GPU[0]		: GPU Memory Allocated (VRAM%): 0
GPU[0]		: Memory Activity: N/A
GPU[0]		: Not supported on the given system
GPU[1]		: GPU Memory Allocated (VRAM%): 1
GPU[1]		: Memory Activity: N/A
GPU[1]		: Not supported on the given system
==========================================================================================
================================== End of ROCm SMI Log ===================================
=== 2026-03-23_20:32:07
WARNING: AMD GPU device(s) is/are in a low-power state. Check power control/runtime_status



============================ ROCm System Management Interface ============================
====================================== Temperature =======================================
GPU[0]		: Temperature (Sensor edge) (C): 44.0
GPU[0]		: Temperature (Sensor junction) (C): 53.0
GPU[0]		: Temperature (Sensor memory) (C): 44.0
GPU[1]		: Temperature (Sensor edge) (C): 38.0
==========================================================================================
=================================== % time GPU is busy ===================================
GPU[0]		: GPU use (%): 29
GPU[1]		: GPU use (%): 0
==========================================================================================
=================================== Current Memory Use ===================================
GPU[0]		: GPU Memory Allocated (VRAM%): 6
GPU[0]		: Memory Activity: N/A
GPU[0]		: Not supported on the given system
GPU[1]		: GPU Memory Allocated (VRAM%): 1
GPU[1]		: Memory Activity: N/A
GPU[1]		: Not supported on the given system
==========================================================================================
================================== End of ROCm SMI Log ===================================
=== 2026-03-23_20:32:08
WARNING: AMD GPU device(s) is/are in a low-power state. Check power control/runtime_status



============================ ROCm System Management Interface ============================
====================================== Temperature =======================================
GPU[0]		: Temperature (Sensor edge) (C): 45.0
GPU[0]		: Temperature (Sensor junction) (C): 52.0
GPU[0]		: Temperature (Sensor memory) (C): 46.0
GPU[1]		: Temperature (Sensor edge) (C): 37.0
==========================================================================================
=================================== % time GPU is busy ===================================
GPU[0]		: GPU use (%): 0
GPU[1]		: GPU use (%): 0
==========================================================================================
=================================== Current Memory Use ===================================
GPU[0]		: GPU Memory Allocated (VRAM%): 0
GPU[0]		: Memory Activity: N/A
GPU[0]		: Not supported on the given system
GPU[1]		: GPU Memory Allocated (VRAM%): 1
GPU[1]		: Memory Activity: N/A
GPU[1]		: Not supported on the given system
==========================================================================================
================================== End of ROCm SMI Log ===================================
=== 2026-03-23_20:32:09
WARNING: AMD GPU device(s) is/are in a low-power state. Check power control/runtime_status



============================ ROCm System Management Interface ============================
====================================== Temperature =======================================
GPU[0]		: Temperature (Sensor edge) (C): 43.0
GPU[0]		: Temperature (Sensor junction) (C): 45.0
GPU[0]		: Temperature (Sensor memory) (C): 44.0
GPU[1]		: Temperature (Sensor edge) (C): 36.0
==========================================================================================
=================================== % time GPU is busy ===================================
GPU[0]		: GPU use (%): 0
GPU[1]		: GPU use (%): 0
==========================================================================================
=================================== Current Memory Use ===================================
GPU[0]		: GPU Memory Allocated (VRAM%): 0
GPU[0]		: Memory Activity: N/A
GPU[0]		: Not supported on the given system
GPU[1]		: GPU Memory Allocated (VRAM%): 1
GPU[1]		: Memory Activity: N/A
GPU[1]		: Not supported on the given system
==========================================================================================
================================== End of ROCm SMI Log ===================================
=== 2026-03-23_20:32:10
WARNING: AMD GPU device(s) is/are in a low-power state. Check power control/runtime_status



============================ ROCm System Management Interface ============================
====================================== Temperature =======================================
GPU[0]		: Temperature (Sensor edge) (C): 42.0
GPU[0]		: Temperature (Sensor junction) (C): 49.0
GPU[0]		: Temperature (Sensor memory) (C): 43.0
GPU[1]		: Temperature (Sensor edge) (C): 35.0
==========================================================================================
=================================== % time GPU is busy ===================================
GPU[0]		: GPU use (%): 99
GPU[1]		: GPU use (%): 0
==========================================================================================
=================================== Current Memory Use ===================================
GPU[0]		: GPU Memory Allocated (VRAM%): 5
GPU[0]		: Memory Activity: N/A
GPU[0]		: Not supported on the given system
GPU[1]		: GPU Memory Allocated (VRAM%): 1
GPU[1]		: Memory Activity: N/A
GPU[1]		: Not supported on the given system
==========================================================================================
================================== End of ROCm SMI Log ===================================
=== 2026-03-23_20:32:11
WARNING: AMD GPU device(s) is/are in a low-power state. Check power control/runtime_status



============================ ROCm System Management Interface ============================
====================================== Temperature =======================================
GPU[0]		: Temperature (Sensor edge) (C): 46.0
GPU[0]		: Temperature (Sensor junction) (C): 52.0
GPU[0]		: Temperature (Sensor memory) (C): 46.0
GPU[1]		: Temperature (Sensor edge) (C): 35.0
==========================================================================================
=================================== % time GPU is busy ===================================
GPU[0]		: GPU use (%): 0
GPU[1]		: GPU use (%): 0
==========================================================================================
=================================== Current Memory Use ===================================
GPU[0]		: GPU Memory Allocated (VRAM%): 0
GPU[0]		: Memory Activity: N/A
GPU[0]		: Not supported on the given system
GPU[1]		: GPU Memory Allocated (VRAM%): 1
GPU[1]		: Memory Activity: N/A
GPU[1]		: Not supported on the given system
==========================================================================================
================================== End of ROCm SMI Log ===================================
=== 2026-03-23_20:32:13
WARNING: AMD GPU device(s) is/are in a low-power state. Check power control/runtime_status



============================ ROCm System Management Interface ============================
====================================== Temperature =======================================
GPU[0]		: Temperature (Sensor edge) (C): 43.0
GPU[0]		: Temperature (Sensor junction) (C): 46.0
GPU[0]		: Temperature (Sensor memory) (C): 44.0
GPU[1]		: Temperature (Sensor edge) (C): 33.0
==========================================================================================
=================================== % time GPU is busy ===================================
GPU[0]		: GPU use (%): 0
GPU[1]		: GPU use (%): 0
==========================================================================================
=================================== Current Memory Use ===================================
GPU[0]		: GPU Memory Allocated (VRAM%): 0
GPU[0]		: Memory Activity: N/A
GPU[0]		: Not supported on the given system
GPU[1]		: GPU Memory Allocated (VRAM%): 1
GPU[1]		: Memory Activity: N/A
GPU[1]		: Not supported on the given system
==========================================================================================
================================== End of ROCm SMI Log ===================================
=== 2026-03-23_20:32:14
WARNING: AMD GPU device(s) is/are in a low-power state. Check power control/runtime_status



============================ ROCm System Management Interface ============================
====================================== Temperature =======================================
GPU[0]		: Temperature (Sensor edge) (C): 44.0
GPU[0]		: Temperature (Sensor junction) (C): 55.0
GPU[0]		: Temperature (Sensor memory) (C): 44.0
GPU[1]		: Temperature (Sensor edge) (C): 33.0
==========================================================================================
=================================== % time GPU is busy ===================================
GPU[0]		: GPU use (%): 88
GPU[1]		: GPU use (%): 0
==========================================================================================
=================================== Current Memory Use ===================================
GPU[0]		: GPU Memory Allocated (VRAM%): 5
GPU[0]		: Memory Activity: N/A
GPU[0]		: Not supported on the given system
GPU[1]		: GPU Memory Allocated (VRAM%): 1
GPU[1]		: Memory Activity: N/A
GPU[1]		: Not supported on the given system
==========================================================================================
================================== End of ROCm SMI Log ===================================
=== 2026-03-23_20:32:15
WARNING: AMD GPU device(s) is/are in a low-power state. Check power control/runtime_status



============================ ROCm System Management Interface ============================
====================================== Temperature =======================================
GPU[0]		: Temperature (Sensor edge) (C): 46.0
GPU[0]		: Temperature (Sensor junction) (C): 53.0
GPU[0]		: Temperature (Sensor memory) (C): 46.0
GPU[1]		: Temperature (Sensor edge) (C): 34.0
==========================================================================================
=================================== % time GPU is busy ===================================
GPU[0]		: GPU use (%): 0
GPU[1]		: GPU use (%): 0
==========================================================================================
=================================== Current Memory Use ===================================
GPU[0]		: GPU Memory Allocated (VRAM%): 0
GPU[0]		: Memory Activity: N/A
GPU[0]		: Not supported on the given system
GPU[1]		: GPU Memory Allocated (VRAM%): 1
GPU[1]		: Memory Activity: N/A
GPU[1]		: Not supported on the given system
==========================================================================================
================================== End of ROCm SMI Log ===================================
=== 2026-03-23_20:32:16
WARNING: AMD GPU device(s) is/are in a low-power state. Check power control/runtime_status



============================ ROCm System Management Interface ============================
====================================== Temperature =======================================
GPU[0]		: Temperature (Sensor edge) (C): 43.0
GPU[0]		: Temperature (Sensor junction) (C): 46.0
GPU[0]		: Temperature (Sensor memory) (C): 44.0
GPU[1]		: Temperature (Sensor edge) (C): 32.0
==========================================================================================
=================================== % time GPU is busy ===================================
GPU[0]		: GPU use (%): 1
GPU[1]		: GPU use (%): 0
==========================================================================================
=================================== Current Memory Use ===================================
GPU[0]		: GPU Memory Allocated (VRAM%): 0
GPU[0]		: Memory Activity: N/A
GPU[0]		: Not supported on the given system
GPU[1]		: GPU Memory Allocated (VRAM%): 1
GPU[1]		: Memory Activity: N/A
GPU[1]		: Not supported on the given system
==========================================================================================
================================== End of ROCm SMI Log ===================================
=== 2026-03-23_20:32:17
WARNING: AMD GPU device(s) is/are in a low-power state. Check power control/runtime_status



============================ ROCm System Management Interface ============================
====================================== Temperature =======================================
GPU[0]		: Temperature (Sensor edge) (C): 46.0
GPU[0]		: Temperature (Sensor junction) (C): 62.0
GPU[0]		: Temperature (Sensor memory) (C): 48.0
GPU[1]		: Temperature (Sensor edge) (C): 33.0
==========================================================================================
=================================== % time GPU is busy ===================================
GPU[0]		: GPU use (%): 91
GPU[1]		: GPU use (%): 0
==========================================================================================
=================================== Current Memory Use ===================================
GPU[0]		: GPU Memory Allocated (VRAM%): 6
GPU[0]		: Memory Activity: N/A
GPU[0]		: Not supported on the given system
GPU[1]		: GPU Memory Allocated (VRAM%): 1
GPU[1]		: Memory Activity: N/A
GPU[1]		: Not supported on the given system
==========================================================================================
================================== End of ROCm SMI Log ===================================
=== 2026-03-23_20:32:18
WARNING: AMD GPU device(s) is/are in a low-power state. Check power control/runtime_status



============================ ROCm System Management Interface ============================
====================================== Temperature =======================================
GPU[0]		: Temperature (Sensor edge) (C): 46.0
GPU[0]		: Temperature (Sensor junction) (C): 51.0
GPU[0]		: Temperature (Sensor memory) (C): 46.0
GPU[1]		: Temperature (Sensor edge) (C): 33.0
==========================================================================================
=================================== % time GPU is busy ===================================
GPU[0]		: GPU use (%): 0
GPU[1]		: GPU use (%): 0
==========================================================================================
=================================== Current Memory Use ===================================
GPU[0]		: GPU Memory Allocated (VRAM%): 0
GPU[0]		: Memory Activity: N/A
GPU[0]		: Not supported on the given system
GPU[1]		: GPU Memory Allocated (VRAM%): 1
GPU[1]		: Memory Activity: N/A
GPU[1]		: Not supported on the given system
==========================================================================================
================================== End of ROCm SMI Log ===================================
=== 2026-03-23_20:32:19
WARNING: AMD GPU device(s) is/are in a low-power state. Check power control/runtime_status



============================ ROCm System Management Interface ============================
====================================== Temperature =======================================
GPU[0]		: Temperature (Sensor edge) (C): 44.0
GPU[0]		: Temperature (Sensor junction) (C): 46.0
GPU[0]		: Temperature (Sensor memory) (C): 45.0
GPU[1]		: Temperature (Sensor edge) (C): 32.0
==========================================================================================
=================================== % time GPU is busy ===================================
GPU[0]		: GPU use (%): 0
GPU[1]		: GPU use (%): 0
==========================================================================================
=================================== Current Memory Use ===================================
GPU[0]		: GPU Memory Allocated (VRAM%): 0
GPU[0]		: Memory Activity: N/A
GPU[0]		: Not supported on the given system
GPU[1]		: GPU Memory Allocated (VRAM%): 1
GPU[1]		: Memory Activity: N/A
GPU[1]		: Not supported on the given system
==========================================================================================
================================== End of ROCm SMI Log ===================================
=== 2026-03-23_20:32:21
WARNING: AMD GPU device(s) is/are in a low-power state. Check power control/runtime_status



============================ ROCm System Management Interface ============================
====================================== Temperature =======================================
GPU[0]		: Temperature (Sensor edge) (C): 47.0
GPU[0]		: Temperature (Sensor junction) (C): 65.0
GPU[0]		: Temperature (Sensor memory) (C): 49.0
GPU[1]		: Temperature (Sensor edge) (C): 33.0
==========================================================================================
=================================== % time GPU is busy ===================================
GPU[0]		: GPU use (%): 90
GPU[1]		: GPU use (%): 0
==========================================================================================
=================================== Current Memory Use ===================================
GPU[0]		: GPU Memory Allocated (VRAM%): 6
GPU[0]		: Memory Activity: N/A
GPU[0]		: Not supported on the given system
GPU[1]		: GPU Memory Allocated (VRAM%): 1
GPU[1]		: Memory Activity: N/A
GPU[1]		: Not supported on the given system
==========================================================================================
================================== End of ROCm SMI Log ===================================
=== 2026-03-23_20:32:22
WARNING: AMD GPU device(s) is/are in a low-power state. Check power control/runtime_status



============================ ROCm System Management Interface ============================
====================================== Temperature =======================================
GPU[0]		: Temperature (Sensor edge) (C): 46.0
GPU[0]		: Temperature (Sensor junction) (C): 50.0
GPU[0]		: Temperature (Sensor memory) (C): 46.0
GPU[1]		: Temperature (Sensor edge) (C): 32.0
==========================================================================================
=================================== % time GPU is busy ===================================
GPU[0]		: GPU use (%): 0
GPU[1]		: GPU use (%): 0
==========================================================================================
=================================== Current Memory Use ===================================
GPU[0]		: GPU Memory Allocated (VRAM%): 0
GPU[0]		: Memory Activity: N/A
GPU[0]		: Not supported on the given system
GPU[1]		: GPU Memory Allocated (VRAM%): 1
GPU[1]		: Memory Activity: N/A
GPU[1]		: Not supported on the given system
==========================================================================================
================================== End of ROCm SMI Log ===================================
=== 2026-03-23_20:32:23
WARNING: AMD GPU device(s) is/are in a low-power state. Check power control/runtime_status



============================ ROCm System Management Interface ============================
====================================== Temperature =======================================
GPU[0]		: Temperature (Sensor edge) (C): 43.0
GPU[0]		: Temperature (Sensor junction) (C): 46.0
GPU[0]		: Temperature (Sensor memory) (C): 45.0
GPU[1]		: Temperature (Sensor edge) (C): 31.0
==========================================================================================
=================================== % time GPU is busy ===================================
GPU[0]		: GPU use (%): 0
GPU[1]		: GPU use (%): 0
==========================================================================================
=================================== Current Memory Use ===================================
GPU[0]		: GPU Memory Allocated (VRAM%): 0
GPU[0]		: Memory Activity: N/A
GPU[0]		: Not supported on the given system
GPU[1]		: GPU Memory Allocated (VRAM%): 1
GPU[1]		: Memory Activity: N/A
GPU[1]		: Not supported on the given system
==========================================================================================
================================== End of ROCm SMI Log ===================================
=== 2026-03-23_20:32:24
WARNING: AMD GPU device(s) is/are in a low-power state. Check power control/runtime_status



============================ ROCm System Management Interface ============================
====================================== Temperature =======================================
GPU[0]		: Temperature (Sensor edge) (C): 48.0
GPU[0]		: Temperature (Sensor junction) (C): 69.0
GPU[0]		: Temperature (Sensor memory) (C): 50.0
GPU[1]		: Temperature (Sensor edge) (C): 39.0
==========================================================================================
=================================== % time GPU is busy ===================================
GPU[0]		: GPU use (%): 86
GPU[1]		: GPU use (%): 0
==========================================================================================
=================================== Current Memory Use ===================================
GPU[0]		: GPU Memory Allocated (VRAM%): 5
GPU[0]		: Memory Activity: N/A
GPU[0]		: Not supported on the given system
GPU[1]		: GPU Memory Allocated (VRAM%): 1
GPU[1]		: Memory Activity: N/A
GPU[1]		: Not supported on the given system
==========================================================================================
================================== End of ROCm SMI Log ===================================
=== 2026-03-23_20:32:25
WARNING: AMD GPU device(s) is/are in a low-power state. Check power control/runtime_status



============================ ROCm System Management Interface ============================
====================================== Temperature =======================================
GPU[0]		: Temperature (Sensor edge) (C): 45.0
GPU[0]		: Temperature (Sensor junction) (C): 50.0
GPU[0]		: Temperature (Sensor memory) (C): 46.0
GPU[1]		: Temperature (Sensor edge) (C): 38.0
==========================================================================================
=================================== % time GPU is busy ===================================
GPU[0]		: GPU use (%): 0
GPU[1]		: GPU use (%): 0
==========================================================================================
=================================== Current Memory Use ===================================
GPU[0]		: GPU Memory Allocated (VRAM%): 0
GPU[0]		: Memory Activity: N/A
GPU[0]		: Not supported on the given system
GPU[1]		: GPU Memory Allocated (VRAM%): 1
GPU[1]		: Memory Activity: N/A
GPU[1]		: Not supported on the given system
==========================================================================================
================================== End of ROCm SMI Log ===================================
=== 2026-03-23_20:32:26
WARNING: AMD GPU device(s) is/are in a low-power state. Check power control/runtime_status



============================ ROCm System Management Interface ============================
====================================== Temperature =======================================
GPU[0]		: Temperature (Sensor edge) (C): 44.0
GPU[0]		: Temperature (Sensor junction) (C): 46.0
GPU[0]		: Temperature (Sensor memory) (C): 45.0
GPU[1]		: Temperature (Sensor edge) (C): 36.0
==========================================================================================
=================================== % time GPU is busy ===================================
GPU[0]		: GPU use (%): 0
GPU[1]		: GPU use (%): 0
==========================================================================================
=================================== Current Memory Use ===================================
GPU[0]		: GPU Memory Allocated (VRAM%): 0
GPU[0]		: Memory Activity: N/A
GPU[0]		: Not supported on the given system
GPU[1]		: GPU Memory Allocated (VRAM%): 1
GPU[1]		: Memory Activity: N/A
GPU[1]		: Not supported on the given system
==========================================================================================
================================== End of ROCm SMI Log ===================================
=== 2026-03-23_20:32:28
WARNING: AMD GPU device(s) is/are in a low-power state. Check power control/runtime_status



============================ ROCm System Management Interface ============================
====================================== Temperature =======================================
GPU[0]		: Temperature (Sensor edge) (C): 47.0
GPU[0]		: Temperature (Sensor junction) (C): 66.0
GPU[0]		: Temperature (Sensor memory) (C): 49.0
GPU[1]		: Temperature (Sensor edge) (C): 36.0
==========================================================================================
=================================== % time GPU is busy ===================================
GPU[0]		: GPU use (%): 91
GPU[1]		: GPU use (%): 0
==========================================================================================
=================================== Current Memory Use ===================================
GPU[0]		: GPU Memory Allocated (VRAM%): 5
GPU[0]		: Memory Activity: N/A
GPU[0]		: Not supported on the given system
GPU[1]		: GPU Memory Allocated (VRAM%): 1
GPU[1]		: Memory Activity: N/A
GPU[1]		: Not supported on the given system
==========================================================================================
================================== End of ROCm SMI Log ===================================
=== 2026-03-23_20:32:29
WARNING: AMD GPU device(s) is/are in a low-power state. Check power control/runtime_status



============================ ROCm System Management Interface ============================
====================================== Temperature =======================================
GPU[0]		: Temperature (Sensor edge) (C): 46.0
GPU[0]		: Temperature (Sensor junction) (C): 51.0
GPU[0]		: Temperature (Sensor memory) (C): 47.0
GPU[1]		: Temperature (Sensor edge) (C): 35.0
==========================================================================================
=================================== % time GPU is busy ===================================
GPU[0]		: GPU use (%): 0
GPU[1]		: GPU use (%): 0
==========================================================================================
=================================== Current Memory Use ===================================
GPU[0]		: GPU Memory Allocated (VRAM%): 0
GPU[0]		: Memory Activity: N/A
GPU[0]		: Not supported on the given system
GPU[1]		: GPU Memory Allocated (VRAM%): 1
GPU[1]		: Memory Activity: N/A
GPU[1]		: Not supported on the given system
==========================================================================================
================================== End of ROCm SMI Log ===================================
=== 2026-03-23_20:32:30
WARNING: AMD GPU device(s) is/are in a low-power state. Check power control/runtime_status



============================ ROCm System Management Interface ============================
====================================== Temperature =======================================
GPU[0]		: Temperature (Sensor edge) (C): 44.0
GPU[0]		: Temperature (Sensor junction) (C): 47.0
GPU[0]		: Temperature (Sensor memory) (C): 45.0
GPU[1]		: Temperature (Sensor edge) (C): 34.0
==========================================================================================
=================================== % time GPU is busy ===================================
GPU[0]		: GPU use (%): 0
GPU[1]		: GPU use (%): 1
==========================================================================================
=================================== Current Memory Use ===================================
GPU[0]		: GPU Memory Allocated (VRAM%): 0
GPU[0]		: Memory Activity: N/A
GPU[0]		: Not supported on the given system
GPU[1]		: GPU Memory Allocated (VRAM%): 1
GPU[1]		: Memory Activity: N/A
GPU[1]		: Not supported on the given system
==========================================================================================
================================== End of ROCm SMI Log ===================================
=== 2026-03-23_20:32:31
WARNING: AMD GPU device(s) is/are in a low-power state. Check power control/runtime_status



============================ ROCm System Management Interface ============================
====================================== Temperature =======================================
GPU[0]		: Temperature (Sensor edge) (C): 49.0
GPU[0]		: Temperature (Sensor junction) (C): 69.0
GPU[0]		: Temperature (Sensor memory) (C): 50.0
GPU[1]		: Temperature (Sensor edge) (C): 35.0
==========================================================================================
=================================== % time GPU is busy ===================================
GPU[0]		: GPU use (%): 87
GPU[1]		: GPU use (%): 0
==========================================================================================
=================================== Current Memory Use ===================================
GPU[0]		: GPU Memory Allocated (VRAM%): 6
GPU[0]		: Memory Activity: N/A
GPU[0]		: Not supported on the given system
GPU[1]		: GPU Memory Allocated (VRAM%): 1
GPU[1]		: Memory Activity: N/A
GPU[1]		: Not supported on the given system
==========================================================================================
================================== End of ROCm SMI Log ===================================
=== 2026-03-23_20:32:32
WARNING: AMD GPU device(s) is/are in a low-power state. Check power control/runtime_status



============================ ROCm System Management Interface ============================
====================================== Temperature =======================================
GPU[0]		: Temperature (Sensor edge) (C): 46.0
GPU[0]		: Temperature (Sensor junction) (C): 50.0
GPU[0]		: Temperature (Sensor memory) (C): 47.0
GPU[1]		: Temperature (Sensor edge) (C): 34.0
==========================================================================================
=================================== % time GPU is busy ===================================
GPU[0]		: GPU use (%): 0
GPU[1]		: GPU use (%): 0
==========================================================================================
=================================== Current Memory Use ===================================
GPU[0]		: GPU Memory Allocated (VRAM%): 0
GPU[0]		: Memory Activity: N/A
GPU[0]		: Not supported on the given system
GPU[1]		: GPU Memory Allocated (VRAM%): 1
GPU[1]		: Memory Activity: N/A
GPU[1]		: Not supported on the given system
==========================================================================================
================================== End of ROCm SMI Log ===================================
